# Logfile created on 2026-03-18 18:18:31 +0100 by logger.rb/v1.5.3
2026-03-18 18:18:31 +0100: Memory Usage (426992K) : Starting running IHP-SG13CMOS5L KLayout DRC runset on /home/daniel/work/aesc/i2c-gpio-expander/build/I2cGpioExpander/SG13CMOS5L/orfs/results/ihp-sg13cmos5l/SG13CMOS5LTop/base/6_final.gds
2026-03-18 18:18:31 +0100: Memory Usage (426992K) : Ruby Version for klayout: 3.2.3
2026-03-18 18:18:32 +0100: Memory Usage (467772K) : Loading database to memory is complete.
2026-03-18 18:18:32 +0100: Memory Usage (467772K) : IHP-SG13CMOS5L KLayout DRC runset output at: /home/daniel/work/aesc/i2c-gpio-expander/build/I2cGpioExpander/SG13CMOS5L/drc/6_final_SG13CMOS5LTop_pad.lyrdb
2026-03-18 18:18:32 +0100: Memory Usage (467772K) : Evaluate switches.
2026-03-18 18:18:32 +0100: Memory Usage (467772K) : tables selected: pad
2026-03-18 18:18:32 +0100: Memory Usage (467772K) : KLayout will use 16 thread(s) in tiled mode.
2026-03-18 18:18:32 +0100: Memory Usage (467772K) : deep mode is enabled.
2026-03-18 18:18:32 +0100: Memory Usage (467772K) : FEOL enabled: false
2026-03-18 18:18:32 +0100: Memory Usage (467772K) : BEOL enabled: false
2026-03-18 18:18:32 +0100: Memory Usage (467772K) : OFFGRID enabled: true
2026-03-18 18:18:32 +0100: Memory Usage (467772K) : ANGLE enabled: true
2026-03-18 18:18:32 +0100: Memory Usage (467772K) : PIN enabled: false
2026-03-18 18:18:32 +0100: Memory Usage (467772K) : FORBIDDEN enabled: false
2026-03-18 18:18:32 +0100: Memory Usage (467772K) : RECOMMENDED enabled: false
2026-03-18 18:18:32 +0100: Memory Usage (467772K) : PreCheck DRC enabled: false
2026-03-18 18:18:32 +0100: Memory Usage (467772K) : CONNECTIVITY_RULES enabled: false.
2026-03-18 18:18:32 +0100: Memory Usage (467772K) : Read in polygons from layers.
2026-03-18 18:18:32 +0100: Memory Usage (469436K) : activ_drw has 42142 polygons
2026-03-18 18:18:32 +0100: Memory Usage (469436K) : activ_pin has 0 polygons
2026-03-18 18:18:32 +0100: Memory Usage (469436K) : activ_mask has 0 polygons
2026-03-18 18:18:32 +0100: Memory Usage (469564K) : activ_filler has 15649 polygons
2026-03-18 18:18:32 +0100: Memory Usage (469820K) : activ_nofill has 0 polygons
2026-03-18 18:18:32 +0100: Memory Usage (469820K) : activ_opc has 0 polygons
2026-03-18 18:18:32 +0100: Memory Usage (469820K) : activ_iopc has 0 polygons
2026-03-18 18:18:32 +0100: Memory Usage (469820K) : activ_noqrc has 0 polygons
2026-03-18 18:18:32 +0100: Memory Usage (469820K) : biwind_drw has 0 polygons
2026-03-18 18:18:32 +0100: Memory Usage (469820K) : biwind_opc has 0 polygons
2026-03-18 18:18:32 +0100: Memory Usage (469820K) : pemwind_drw has 0 polygons
2026-03-18 18:18:32 +0100: Memory Usage (469948K) : gatpoly_drw has 34759 polygons
2026-03-18 18:18:32 +0100: Memory Usage (469948K) : gatpoly_pin has 0 polygons
2026-03-18 18:18:32 +0100: Memory Usage (470076K) : gatpoly_filler has 15254 polygons
2026-03-18 18:18:32 +0100: Memory Usage (470332K) : gatpoly_nofill has 0 polygons
2026-03-18 18:18:32 +0100: Memory Usage (470332K) : gatpoly_opc has 0 polygons
2026-03-18 18:18:32 +0100: Memory Usage (470332K) : gatpoly_iopc has 0 polygons
2026-03-18 18:18:32 +0100: Memory Usage (470332K) : gatpoly_noqrc has 0 polygons
2026-03-18 18:18:33 +0100: Memory Usage (482364K) : cont_drw has 2083278 polygons
2026-03-18 18:18:33 +0100: Memory Usage (482364K) : cont_opc has 0 polygons
2026-03-18 18:18:33 +0100: Memory Usage (482364K) : nsd_drw has 0 polygons
2026-03-18 18:18:33 +0100: Memory Usage (482364K) : nsd_block has 0 polygons
2026-03-18 18:18:33 +0100: Memory Usage (482364K) : metal1_drw has 51579 polygons
2026-03-18 18:18:33 +0100: Memory Usage (482364K) : metal1_pin has 24361 polygons
2026-03-18 18:18:33 +0100: Memory Usage (482364K) : metal1_mask has 0 polygons
2026-03-18 18:18:33 +0100: Memory Usage (488764K) : metal1_filler has 209228 polygons
2026-03-18 18:18:33 +0100: Memory Usage (488764K) : metal1_nofill has 0 polygons
2026-03-18 18:18:33 +0100: Memory Usage (488764K) : metal1_slit has 0 polygons
2026-03-18 18:18:33 +0100: Memory Usage (488892K) : metal1_text has 24288 polygons
2026-03-18 18:18:33 +0100: Memory Usage (488892K) : metal1_opc has 0 polygons
2026-03-18 18:18:33 +0100: Memory Usage (488892K) : metal1_noqrc has 0 polygons
2026-03-18 18:18:33 +0100: Memory Usage (488892K) : metal1_res has 0 polygons
2026-03-18 18:18:33 +0100: Memory Usage (488892K) : metal1_iprobe has 0 polygons
2026-03-18 18:18:33 +0100: Memory Usage (488892K) : metal1_diffprb has 0 polygons
2026-03-18 18:18:33 +0100: Memory Usage (488892K) : passiv_drw has 32 polygons
2026-03-18 18:18:33 +0100: Memory Usage (488892K) : passiv_pin has 0 polygons
2026-03-18 18:18:33 +0100: Memory Usage (488892K) : passiv_sbump has 0 polygons
2026-03-18 18:18:33 +0100: Memory Usage (488892K) : passiv_pillar has 0 polygons
2026-03-18 18:18:33 +0100: Memory Usage (488892K) : passiv_pdl has 0 polygons
2026-03-18 18:18:33 +0100: Memory Usage (488892K) : metal2_drw has 16875 polygons
2026-03-18 18:18:33 +0100: Memory Usage (488892K) : metal2_pin has 360 polygons
2026-03-18 18:18:33 +0100: Memory Usage (488892K) : metal2_mask has 0 polygons
2026-03-18 18:18:34 +0100: Memory Usage (498748K) : metal2_filler has 368363 polygons
2026-03-18 18:18:34 +0100: Memory Usage (498748K) : metal2_nofill has 0 polygons
2026-03-18 18:18:34 +0100: Memory Usage (498748K) : metal2_slit has 0 polygons
2026-03-18 18:18:34 +0100: Memory Usage (498748K) : metal2_text has 360 polygons
2026-03-18 18:18:34 +0100: Memory Usage (498748K) : metal2_opc has 0 polygons
2026-03-18 18:18:34 +0100: Memory Usage (498748K) : metal2_noqrc has 0 polygons
2026-03-18 18:18:34 +0100: Memory Usage (498748K) : metal2_res has 0 polygons
2026-03-18 18:18:34 +0100: Memory Usage (498748K) : metal2_iprobe has 0 polygons
2026-03-18 18:18:34 +0100: Memory Usage (498748K) : metal2_diffprb has 0 polygons
2026-03-18 18:18:34 +0100: Memory Usage (498748K) : baspoly_drw has 0 polygons
2026-03-18 18:18:34 +0100: Memory Usage (498748K) : baspoly_pin has 0 polygons
2026-03-18 18:18:34 +0100: Memory Usage (498748K) : psd_drw has 20462 polygons
2026-03-18 18:18:34 +0100: Memory Usage (498748K) : nldb_drw has 0 polygons
2026-03-18 18:18:34 +0100: Memory Usage (498748K) : digibnd_drw has 0 polygons
2026-03-18 18:18:34 +0100: Memory Usage (498748K) : via1_drw has 54122 polygons
2026-03-18 18:18:34 +0100: Memory Usage (498748K) : backmetal1_drw has 0 polygons
2026-03-18 18:18:34 +0100: Memory Usage (498748K) : backmetal1_pin has 0 polygons
2026-03-18 18:18:34 +0100: Memory Usage (498748K) : backmetal1_mask has 0 polygons
2026-03-18 18:18:34 +0100: Memory Usage (498748K) : backmetal1_filler has 0 polygons
2026-03-18 18:18:34 +0100: Memory Usage (498748K) : backmetal1_nofill has 0 polygons
2026-03-18 18:18:34 +0100: Memory Usage (498748K) : backmetal1_slit has 0 polygons
2026-03-18 18:18:34 +0100: Memory Usage (498748K) : backmetal1_text has 0 polygons
2026-03-18 18:18:34 +0100: Memory Usage (498748K) : backmetal1_opc has 0 polygons
2026-03-18 18:18:34 +0100: Memory Usage (498748K) : backmetal1_noqrc has 0 polygons
2026-03-18 18:18:34 +0100: Memory Usage (498748K) : backmetal1_res has 0 polygons
2026-03-18 18:18:34 +0100: Memory Usage (498748K) : backmetal1_iprobe has 0 polygons
2026-03-18 18:18:34 +0100: Memory Usage (498748K) : backmetal1_diffprb has 0 polygons
2026-03-18 18:18:34 +0100: Memory Usage (498748K) : backpassiv_drw has 0 polygons
2026-03-18 18:18:34 +0100: Memory Usage (498748K) : res_drw has 0 polygons
2026-03-18 18:18:34 +0100: Memory Usage (498748K) : sram_drw has 0 polygons
2026-03-18 18:18:34 +0100: Memory Usage (498748K) : trans_drw has 0 polygons
2026-03-18 18:18:34 +0100: Memory Usage (498748K) : ind_drw has 0 polygons
2026-03-18 18:18:34 +0100: Memory Usage (498748K) : ind_pin has 0 polygons
2026-03-18 18:18:34 +0100: Memory Usage (498748K) : ind_text has 0 polygons
2026-03-18 18:18:34 +0100: Memory Usage (498748K) : salblock_drw has 17 polygons
2026-03-18 18:18:34 +0100: Memory Usage (498748K) : via2_drw has 79413 polygons
2026-03-18 18:18:34 +0100: Memory Usage (498748K) : metal3_drw has 8811 polygons
2026-03-18 18:18:34 +0100: Memory Usage (498748K) : metal3_pin has 420 polygons
2026-03-18 18:18:34 +0100: Memory Usage (498748K) : metal3_mask has 0 polygons
2026-03-18 18:18:34 +0100: Memory Usage (498748K) : metal3_filler has 29063 polygons
2026-03-18 18:18:34 +0100: Memory Usage (498748K) : metal3_nofill has 0 polygons
2026-03-18 18:18:34 +0100: Memory Usage (498748K) : metal3_slit has 0 polygons
2026-03-18 18:18:34 +0100: Memory Usage (498748K) : metal3_text has 420 polygons
2026-03-18 18:18:34 +0100: Memory Usage (498748K) : metal3_opc has 0 polygons
2026-03-18 18:18:34 +0100: Memory Usage (498748K) : metal3_noqrc has 0 polygons
2026-03-18 18:18:34 +0100: Memory Usage (498748K) : metal3_res has 0 polygons
2026-03-18 18:18:34 +0100: Memory Usage (498748K) : metal3_iprobe has 0 polygons
2026-03-18 18:18:34 +0100: Memory Usage (498748K) : metal3_diffprb has 0 polygons
2026-03-18 18:18:34 +0100: Memory Usage (498748K) : nwell_drw has 10406 polygons
2026-03-18 18:18:34 +0100: Memory Usage (498748K) : nwell_pin has 0 polygons
2026-03-18 18:18:34 +0100: Memory Usage (498748K) : nbulay_drw has 0 polygons
2026-03-18 18:18:34 +0100: Memory Usage (498748K) : nbulay_pin has 0 polygons
2026-03-18 18:18:34 +0100: Memory Usage (498748K) : nbulay_block has 0 polygons
2026-03-18 18:18:34 +0100: Memory Usage (498748K) : emwind_drw has 0 polygons
2026-03-18 18:18:34 +0100: Memory Usage (498748K) : emwind_opc has 0 polygons
2026-03-18 18:18:34 +0100: Memory Usage (498748K) : deepco_drw has 0 polygons
2026-03-18 18:18:34 +0100: Memory Usage (498748K) : deepco_drw has 0 polygons
2026-03-18 18:18:34 +0100: Memory Usage (498748K) : mim_drw has 0 polygons
2026-03-18 18:18:34 +0100: Memory Usage (498748K) : edgeseal_drw has 24 polygons
2026-03-18 18:18:34 +0100: Memory Usage (498748K) : edgeseal_bound has 1 polygons
2026-03-18 18:18:34 +0100: Memory Usage (498748K) : substrate_drw has 573 polygons
2026-03-18 18:18:34 +0100: Memory Usage (498748K) : substrate_text has 0 polygons
2026-03-18 18:18:34 +0100: Memory Usage (498748K) : dfpad_drw has 20 polygons
2026-03-18 18:18:34 +0100: Memory Usage (498748K) : dfpad_pillar has 0 polygons
2026-03-18 18:18:34 +0100: Memory Usage (498748K) : dfpad_sbump has 0 polygons
2026-03-18 18:18:34 +0100: Memory Usage (498748K) : thickgateox_drw has 65 polygons
2026-03-18 18:18:34 +0100: Memory Usage (498748K) : pldb_drw has 0 polygons
2026-03-18 18:18:34 +0100: Memory Usage (498748K) : pwell_drw has 0 polygons
2026-03-18 18:18:34 +0100: Memory Usage (498748K) : pwell_pin has 0 polygons
2026-03-18 18:18:34 +0100: Memory Usage (498748K) : pwell_block has 0 polygons
2026-03-18 18:18:34 +0100: Memory Usage (498748K) : ic_drw has 0 polygons
2026-03-18 18:18:34 +0100: Memory Usage (498748K) : via3_drw has 77937 polygons
2026-03-18 18:18:35 +0100: Memory Usage (498748K) : metal4_drw has 1787 polygons
2026-03-18 18:18:35 +0100: Memory Usage (498748K) : metal4_pin has 397 polygons
2026-03-18 18:18:35 +0100: Memory Usage (498748K) : metal4_mask has 0 polygons
2026-03-18 18:18:35 +0100: Memory Usage (498748K) : metal4_filler has 29418 polygons
2026-03-18 18:18:35 +0100: Memory Usage (498748K) : metal4_nofill has 0 polygons
2026-03-18 18:18:35 +0100: Memory Usage (498748K) : metal4_slit has 0 polygons
2026-03-18 18:18:35 +0100: Memory Usage (498748K) : metal4_text has 386 polygons
2026-03-18 18:18:35 +0100: Memory Usage (498748K) : metal4_opc has 0 polygons
2026-03-18 18:18:35 +0100: Memory Usage (498748K) : metal4_noqrc has 0 polygons
2026-03-18 18:18:35 +0100: Memory Usage (498748K) : metal4_res has 0 polygons
2026-03-18 18:18:35 +0100: Memory Usage (498748K) : metal4_iprobe has 0 polygons
2026-03-18 18:18:35 +0100: Memory Usage (498748K) : metal4_diffprb has 0 polygons
2026-03-18 18:18:35 +0100: Memory Usage (498748K) : heattrans_drw has 0 polygons
2026-03-18 18:18:35 +0100: Memory Usage (498748K) : heatres_drw has 0 polygons
2026-03-18 18:18:35 +0100: Memory Usage (498748K) : pempoly_drw has 0 polygons
2026-03-18 18:18:35 +0100: Memory Usage (498748K) : fbe_drw has 0 polygons
2026-03-18 18:18:35 +0100: Memory Usage (498748K) : empoly_drw has 0 polygons
2026-03-18 18:18:35 +0100: Memory Usage (498748K) : ldmos_drw has 0 polygons
2026-03-18 18:18:35 +0100: Memory Usage (498748K) : pbiwind_drw has 0 polygons
2026-03-18 18:18:35 +0100: Memory Usage (498748K) : digisub_drw has 0 polygons
2026-03-18 18:18:35 +0100: Memory Usage (498748K) : nodrc_drw has 0 polygons
2026-03-18 18:18:35 +0100: Memory Usage (498748K) : text_drw has 519 polygons
2026-03-18 18:18:35 +0100: Memory Usage (498748K) : via4_drw has 0 polygons
2026-03-18 18:18:35 +0100: Memory Usage (498748K) : metal5_drw has 0 polygons
2026-03-18 18:18:35 +0100: Memory Usage (498748K) : metal5_pin has 0 polygons
2026-03-18 18:18:35 +0100: Memory Usage (498748K) : metal5_mask has 0 polygons
2026-03-18 18:18:35 +0100: Memory Usage (498748K) : metal5_filler has 0 polygons
2026-03-18 18:18:35 +0100: Memory Usage (498748K) : metal5_nofill has 0 polygons
2026-03-18 18:18:35 +0100: Memory Usage (498748K) : metal5_slit has 0 polygons
2026-03-18 18:18:35 +0100: Memory Usage (498748K) : metal5_text has 0 polygons
2026-03-18 18:18:35 +0100: Memory Usage (498748K) : metal5_opc has 0 polygons
2026-03-18 18:18:35 +0100: Memory Usage (498748K) : metal5_noqrc has 0 polygons
2026-03-18 18:18:35 +0100: Memory Usage (498748K) : metal5_res has 0 polygons
2026-03-18 18:18:35 +0100: Memory Usage (498748K) : metal5_iprobe has 0 polygons
2026-03-18 18:18:35 +0100: Memory Usage (498748K) : metal5_diffprb has 0 polygons
2026-03-18 18:18:35 +0100: Memory Usage (498748K) : radhard_drw has 0 polygons
2026-03-18 18:18:35 +0100: Memory Usage (498748K) : memcap_drw has 0 polygons
2026-03-18 18:18:35 +0100: Memory Usage (498748K) : varicap_drw has 0 polygons
2026-03-18 18:18:35 +0100: Memory Usage (498748K) : flash_drw has 0 polygons
2026-03-18 18:18:35 +0100: Memory Usage (498748K) : intbondvia_drw has 0 polygons
2026-03-18 18:18:35 +0100: Memory Usage (498748K) : intbondmet_drw has 0 polygons
2026-03-18 18:18:35 +0100: Memory Usage (498748K) : devbondvia_drw has 0 polygons
2026-03-18 18:18:35 +0100: Memory Usage (498748K) : devbondmet_drw has 0 polygons
2026-03-18 18:18:35 +0100: Memory Usage (498748K) : devtrench_drw has 0 polygons
2026-03-18 18:18:35 +0100: Memory Usage (498748K) : redist_drw has 0 polygons
2026-03-18 18:18:35 +0100: Memory Usage (498748K) : graphbot_drw has 0 polygons
2026-03-18 18:18:35 +0100: Memory Usage (498748K) : graphtop_drw has 0 polygons
2026-03-18 18:18:35 +0100: Memory Usage (498748K) : antvia1_drw has 0 polygons
2026-03-18 18:18:35 +0100: Memory Usage (498748K) : antmetal2_drw has 0 polygons
2026-03-18 18:18:35 +0100: Memory Usage (498748K) : graphcont_drw has 0 polygons
2026-03-18 18:18:35 +0100: Memory Usage (498748K) : siwg_drw has 0 polygons
2026-03-18 18:18:35 +0100: Memory Usage (498748K) : siwg_filler has 0 polygons
2026-03-18 18:18:35 +0100: Memory Usage (498748K) : siwg_nofill has 0 polygons
2026-03-18 18:18:35 +0100: Memory Usage (498748K) : sigrating_drw has 0 polygons
2026-03-18 18:18:35 +0100: Memory Usage (498748K) : singrating_drw has 0 polygons
2026-03-18 18:18:35 +0100: Memory Usage (498748K) : graphpas_drw has 0 polygons
2026-03-18 18:18:35 +0100: Memory Usage (498748K) : emwind3_drw has 0 polygons
2026-03-18 18:18:35 +0100: Memory Usage (498748K) : emwihv3_drw has 0 polygons
2026-03-18 18:18:35 +0100: Memory Usage (498748K) : redbulay_drw has 0 polygons
2026-03-18 18:18:35 +0100: Memory Usage (498748K) : smos_drw has 0 polygons
2026-03-18 18:18:35 +0100: Memory Usage (498748K) : graphpad_drw has 0 polygons
2026-03-18 18:18:35 +0100: Memory Usage (498748K) : polimide_drw has 0 polygons
2026-03-18 18:18:35 +0100: Memory Usage (498748K) : polimide_pin has 0 polygons
2026-03-18 18:18:35 +0100: Memory Usage (498748K) : recog_drw has 0 polygons
2026-03-18 18:18:35 +0100: Memory Usage (498748K) : recog_pin has 0 polygons
2026-03-18 18:18:35 +0100: Memory Usage (498748K) : recog_esd has 0 polygons
2026-03-18 18:18:35 +0100: Memory Usage (498748K) : recog_diode has 130 polygons
2026-03-18 18:18:35 +0100: Memory Usage (498748K) : recog_tsv has 0 polygons
2026-03-18 18:18:35 +0100: Memory Usage (498748K) : recog_iprobe has 0 polygons
2026-03-18 18:18:35 +0100: Memory Usage (498748K) : recog_diffprb has 0 polygons
2026-03-18 18:18:35 +0100: Memory Usage (498748K) : recog_pillar has 0 polygons
2026-03-18 18:18:35 +0100: Memory Usage (498748K) : recog_sbump has 0 polygons
2026-03-18 18:18:35 +0100: Memory Usage (498748K) : recog_otp has 0 polygons
2026-03-18 18:18:35 +0100: Memory Usage (498748K) : recog_pdiode has 0 polygons
2026-03-18 18:18:35 +0100: Memory Usage (498748K) : recog_mom has 0 polygons
2026-03-18 18:18:35 +0100: Memory Usage (498748K) : recog_pcm has 0 polygons
2026-03-18 18:18:35 +0100: Memory Usage (498748K) : colopen_drw has 0 polygons
2026-03-18 18:18:35 +0100: Memory Usage (498748K) : graphmetal1_drw has 0 polygons
2026-03-18 18:18:35 +0100: Memory Usage (498748K) : graphmetal1_filler has 0 polygons
2026-03-18 18:18:35 +0100: Memory Usage (498748K) : graphmetal1_nofill has 0 polygons
2026-03-18 18:18:35 +0100: Memory Usage (498748K) : graphmetal1_slit has 0 polygons
2026-03-18 18:18:35 +0100: Memory Usage (498748K) : graphmetal1_opc has 0 polygons
2026-03-18 18:18:35 +0100: Memory Usage (498748K) : graphmet1l_drw has 0 polygons
2026-03-18 18:18:35 +0100: Memory Usage (498748K) : graphmet1l_filler has 0 polygons
2026-03-18 18:18:35 +0100: Memory Usage (498748K) : graphmet1l_nofill has 0 polygons
2026-03-18 18:18:35 +0100: Memory Usage (498748K) : graphmet1l_slit has 0 polygons
2026-03-18 18:18:35 +0100: Memory Usage (498748K) : graphmet1l_opc has 0 polygons
2026-03-18 18:18:35 +0100: Memory Usage (498748K) : extblock_drw has 17 polygons
2026-03-18 18:18:35 +0100: Memory Usage (498748K) : nldd_drw has 0 polygons
2026-03-18 18:18:35 +0100: Memory Usage (498748K) : pldd_drw has 0 polygons
2026-03-18 18:18:35 +0100: Memory Usage (498748K) : next_drw has 0 polygons
2026-03-18 18:18:35 +0100: Memory Usage (498748K) : pext_drw has 0 polygons
2026-03-18 18:18:35 +0100: Memory Usage (498748K) : nexthv_drw has 0 polygons
2026-03-18 18:18:35 +0100: Memory Usage (498748K) : pexthv_drw has 0 polygons
2026-03-18 18:18:35 +0100: Memory Usage (498748K) : graphgate_drw has 0 polygons
2026-03-18 18:18:35 +0100: Memory Usage (498748K) : sinwg_drw has 0 polygons
2026-03-18 18:18:35 +0100: Memory Usage (498748K) : sinwg_filler has 0 polygons
2026-03-18 18:18:35 +0100: Memory Usage (498748K) : sinwg_nofill has 0 polygons
2026-03-18 18:18:35 +0100: Memory Usage (498748K) : mempad_drw has 0 polygons
2026-03-18 18:18:35 +0100: Memory Usage (498748K) : topvia1_drw has 56315 polygons
2026-03-18 18:18:35 +0100: Memory Usage (498748K) : topmetal1_drw has 598 polygons
2026-03-18 18:18:35 +0100: Memory Usage (498748K) : topmetal1_pin has 341 polygons
2026-03-18 18:18:35 +0100: Memory Usage (498748K) : topmetal1_mask has 0 polygons
2026-03-18 18:18:35 +0100: Memory Usage (498748K) : topmetal1_filler has 367 polygons
2026-03-18 18:18:35 +0100: Memory Usage (498748K) : topmetal1_nofill has 1 polygons
2026-03-18 18:18:35 +0100: Memory Usage (498748K) : topmetal1_slit has 0 polygons
2026-03-18 18:18:35 +0100: Memory Usage (498748K) : topmetal1_text has 293 polygons
2026-03-18 18:18:35 +0100: Memory Usage (498748K) : topmetal1_noqrc has 0 polygons
2026-03-18 18:18:35 +0100: Memory Usage (498748K) : topmetal1_res has 0 polygons
2026-03-18 18:18:35 +0100: Memory Usage (498748K) : topmetal1_iprobe has 0 polygons
2026-03-18 18:18:35 +0100: Memory Usage (498748K) : topmetal1_diffprb has 0 polygons
2026-03-18 18:18:35 +0100: Memory Usage (498748K) : inldpwl_drw has 0 polygons
2026-03-18 18:18:35 +0100: Memory Usage (498748K) : polyres_drw has 0 polygons
2026-03-18 18:18:35 +0100: Memory Usage (498748K) : polyres_pin has 0 polygons
2026-03-18 18:18:35 +0100: Memory Usage (498748K) : vmim_drw has 0 polygons
2026-03-18 18:18:35 +0100: Memory Usage (498748K) : nbulaycut_drw has 0 polygons
2026-03-18 18:18:35 +0100: Memory Usage (498748K) : antmetal1_drw has 0 polygons
2026-03-18 18:18:35 +0100: Memory Usage (498748K) : topvia2_drw has 0 polygons
2026-03-18 18:18:35 +0100: Memory Usage (498748K) : topmetal2_drw has 0 polygons
2026-03-18 18:18:35 +0100: Memory Usage (498748K) : topmetal2_pin has 0 polygons
2026-03-18 18:18:35 +0100: Memory Usage (498748K) : topmetal2_mask has 0 polygons
2026-03-18 18:18:35 +0100: Memory Usage (498748K) : topmetal2_filler has 0 polygons
2026-03-18 18:18:35 +0100: Memory Usage (498748K) : topmetal2_nofill has 0 polygons
2026-03-18 18:18:35 +0100: Memory Usage (498748K) : topmetal2_slit has 0 polygons
2026-03-18 18:18:35 +0100: Memory Usage (498748K) : topmetal2_text has 0 polygons
2026-03-18 18:18:35 +0100: Memory Usage (498748K) : topmetal2_noqrc has 0 polygons
2026-03-18 18:18:35 +0100: Memory Usage (498748K) : topmetal2_res has 0 polygons
2026-03-18 18:18:35 +0100: Memory Usage (498748K) : topmetal2_iprobe has 0 polygons
2026-03-18 18:18:35 +0100: Memory Usage (498748K) : topmetal2_diffprb has 0 polygons
2026-03-18 18:18:35 +0100: Memory Usage (498748K) : snsring_drw has 0 polygons
2026-03-18 18:18:35 +0100: Memory Usage (498748K) : sensor_drw has 0 polygons
2026-03-18 18:18:35 +0100: Memory Usage (498748K) : snsarms_drw has 0 polygons
2026-03-18 18:18:35 +0100: Memory Usage (498748K) : snscmosvia_drw has 0 polygons
2026-03-18 18:18:35 +0100: Memory Usage (498748K) : colwind_drw has 0 polygons
2026-03-18 18:18:35 +0100: Memory Usage (498748K) : flm_drw has 0 polygons
2026-03-18 18:18:35 +0100: Memory Usage (498748K) : hafniumox_drw has 0 polygons
2026-03-18 18:18:35 +0100: Memory Usage (498748K) : memvia_drw has 0 polygons
2026-03-18 18:18:35 +0100: Memory Usage (498748K) : thinfilmres_drw has 0 polygons
2026-03-18 18:18:36 +0100: Memory Usage (498748K) : rfmem_drw has 0 polygons
2026-03-18 18:18:36 +0100: Memory Usage (498748K) : norcx_drw has 0 polygons
2026-03-18 18:18:36 +0100: Memory Usage (498748K) : norcx_m2m3 has 0 polygons
2026-03-18 18:18:36 +0100: Memory Usage (498748K) : norcx_m2m4 has 0 polygons
2026-03-18 18:18:36 +0100: Memory Usage (498748K) : norcx_m2m5 has 0 polygons
2026-03-18 18:18:36 +0100: Memory Usage (498748K) : norcx_m2tm1 has 0 polygons
2026-03-18 18:18:36 +0100: Memory Usage (498748K) : norcx_m2tm2 has 0 polygons
2026-03-18 18:18:36 +0100: Memory Usage (498748K) : norcx_m3m4 has 0 polygons
2026-03-18 18:18:36 +0100: Memory Usage (498748K) : norcx_m3m5 has 0 polygons
2026-03-18 18:18:36 +0100: Memory Usage (498748K) : norcx_m3tm1 has 0 polygons
2026-03-18 18:18:36 +0100: Memory Usage (498748K) : norcx_m3tm2 has 0 polygons
2026-03-18 18:18:36 +0100: Memory Usage (498748K) : norcx_m4m5 has 0 polygons
2026-03-18 18:18:36 +0100: Memory Usage (498748K) : norcx_m4tm1 has 0 polygons
2026-03-18 18:18:36 +0100: Memory Usage (498748K) : norcx_m4tm2 has 0 polygons
2026-03-18 18:18:36 +0100: Memory Usage (498748K) : norcx_m5tm1 has 0 polygons
2026-03-18 18:18:36 +0100: Memory Usage (498748K) : norcx_m5tm2 has 0 polygons
2026-03-18 18:18:36 +0100: Memory Usage (498748K) : norcx_tm1tm2 has 0 polygons
2026-03-18 18:18:36 +0100: Memory Usage (498748K) : norcx_m1sub has 0 polygons
2026-03-18 18:18:36 +0100: Memory Usage (498748K) : norcx_m2sub has 0 polygons
2026-03-18 18:18:36 +0100: Memory Usage (498748K) : norcx_m3sub has 0 polygons
2026-03-18 18:18:36 +0100: Memory Usage (498748K) : norcx_m4sub has 0 polygons
2026-03-18 18:18:36 +0100: Memory Usage (498748K) : norcx_m5sub has 0 polygons
2026-03-18 18:18:36 +0100: Memory Usage (498748K) : norcx_tm1sub has 0 polygons
2026-03-18 18:18:36 +0100: Memory Usage (498748K) : norcx_tm2sub has 0 polygons
2026-03-18 18:18:36 +0100: Memory Usage (498748K) : snsbotvia_drw has 0 polygons
2026-03-18 18:18:36 +0100: Memory Usage (498748K) : snstopvia_drw has 0 polygons
2026-03-18 18:18:36 +0100: Memory Usage (498748K) : deepvia_drw has 0 polygons
2026-03-18 18:18:36 +0100: Memory Usage (498748K) : fgetch_drw has 0 polygons
2026-03-18 18:18:36 +0100: Memory Usage (498748K) : ctrgat_drw has 0 polygons
2026-03-18 18:18:36 +0100: Memory Usage (498748K) : fgimp_drw has 0 polygons
2026-03-18 18:18:36 +0100: Memory Usage (498748K) : emwihv_drw has 0 polygons
2026-03-18 18:18:36 +0100: Memory Usage (498748K) : lbe_drw has 0 polygons
2026-03-18 18:18:36 +0100: Memory Usage (498748K) : alcustop_drw has 0 polygons
2026-03-18 18:18:36 +0100: Memory Usage (498748K) : nometfiller_drw has 0 polygons
2026-03-18 18:18:36 +0100: Memory Usage (498748K) : prboundary_drw has 0 polygons
2026-03-18 18:18:36 +0100: Memory Usage (498748K) : exchange0_drw has 0 polygons
2026-03-18 18:18:36 +0100: Memory Usage (498748K) : exchange0_pin has 0 polygons
2026-03-18 18:18:36 +0100: Memory Usage (498748K) : exchange0_text has 0 polygons
2026-03-18 18:18:36 +0100: Memory Usage (498748K) : exchange1_drw has 0 polygons
2026-03-18 18:18:36 +0100: Memory Usage (498748K) : exchange1_pin has 0 polygons
2026-03-18 18:18:36 +0100: Memory Usage (498748K) : exchange1_text has 0 polygons
2026-03-18 18:18:36 +0100: Memory Usage (498748K) : exchange2_drw has 0 polygons
2026-03-18 18:18:36 +0100: Memory Usage (498748K) : exchange2_pin has 0 polygons
2026-03-18 18:18:36 +0100: Memory Usage (498748K) : exchange2_text has 0 polygons
2026-03-18 18:18:36 +0100: Memory Usage (498748K) : exchange3_drw has 0 polygons
2026-03-18 18:18:36 +0100: Memory Usage (498748K) : exchange3_pin has 0 polygons
2026-03-18 18:18:36 +0100: Memory Usage (498748K) : exchange3_text has 0 polygons
2026-03-18 18:18:36 +0100: Memory Usage (498748K) : exchange4_drw has 0 polygons
2026-03-18 18:18:36 +0100: Memory Usage (498748K) : exchange4_pin has 0 polygons
2026-03-18 18:18:36 +0100: Memory Usage (498748K) : exchange4_text has 0 polygons
2026-03-18 18:18:36 +0100: Memory Usage (498748K) : isonwell_drw has 0 polygons
2026-03-18 18:18:36 +0100: Memory Usage (498748K) : Total no. of polygons in the design is 3258851
2026-03-18 18:18:36 +0100: Memory Usage (498748K) : Loaded TECH DRC rules values from /home/daniel/work/aesc/i2c-gpio-expander/pdks/IHP-Open-PDK/ihp-sg13cmos5l/libs.tech/klayout/python/sg13cmos5l_pycell_lib/sg13cmos5l_tech_mod.json
2026-03-18 18:18:36 +0100: Memory Usage (498748K) : Loaded default DRC rules values from /home/daniel/work/aesc/i2c-gpio-expander/pdks/IHP-Open-PDK/ihp-sg13cmos5l/libs.tech/klayout/tech/drc/rule_decks/sg13cmos5l_tech_default.json
2026-03-18 18:18:36 +0100: Memory Usage (499516K) : Total area of the design is 1103634.2016 um^2.
2026-03-18 18:18:36 +0100: Memory Usage (499516K) : The design dimensions are 1050.84 um * 1050.24 um.
2026-03-18 18:18:36 +0100: Memory Usage (499516K) : Starting general IHP-SG13CMOS5L derivations.
2026-03-18 18:18:36 +0100: Memory Usage (499516K) : Starting Pwell derivations
2026-03-18 18:18:36 +0100: Memory Usage (508160K) : Starting pad general derivations (TM1 top)
2026-03-18 18:18:36 +0100: Memory Usage (508800K) : Starting IHP-SG13CMOS5L DRC rules.
2026-03-18 18:18:36 +0100: Memory Usage (508800K) : Starting 6.9 Pad table
2026-03-18 18:18:36 +0100: Memory Usage (508800K) : Executing rule Pad.m
2026-03-18 18:18:36 +0100: Memory Usage (508800K) : Executing rule Pad.i
2026-03-18 18:18:36 +0100: Memory Usage (508800K) : KLayout DRC run for tables 'pad' completed in 4.93 seconds
