# Logfile created on 2026-03-18 18:18:20 +0100 by logger.rb/v1.5.3
2026-03-18 18:18:20 +0100: Memory Usage (427284K) : Starting running IHP-SG13CMOS5L KLayout DRC runset on /home/daniel/work/aesc/i2c-gpio-expander/build/I2cGpioExpander/SG13CMOS5L/orfs/results/ihp-sg13cmos5l/SG13CMOS5LTop/base/6_final.gds
2026-03-18 18:18:20 +0100: Memory Usage (427284K) : Ruby Version for klayout: 3.2.3
2026-03-18 18:18:21 +0100: Memory Usage (468188K) : Loading database to memory is complete.
2026-03-18 18:18:21 +0100: Memory Usage (468188K) : IHP-SG13CMOS5L KLayout DRC runset output at: /home/daniel/work/aesc/i2c-gpio-expander/build/I2cGpioExpander/SG13CMOS5L/drc/6_final_SG13CMOS5LTop_nwell.lyrdb
2026-03-18 18:18:21 +0100: Memory Usage (468316K) : Evaluate switches.
2026-03-18 18:18:21 +0100: Memory Usage (468316K) : tables selected: nwell
2026-03-18 18:18:21 +0100: Memory Usage (468316K) : KLayout will use 16 thread(s) in tiled mode.
2026-03-18 18:18:21 +0100: Memory Usage (468316K) : deep mode is enabled.
2026-03-18 18:18:21 +0100: Memory Usage (468316K) : FEOL enabled: false
2026-03-18 18:18:21 +0100: Memory Usage (468316K) : BEOL enabled: false
2026-03-18 18:18:21 +0100: Memory Usage (468316K) : OFFGRID enabled: true
2026-03-18 18:18:21 +0100: Memory Usage (468316K) : ANGLE enabled: true
2026-03-18 18:18:21 +0100: Memory Usage (468316K) : PIN enabled: false
2026-03-18 18:18:21 +0100: Memory Usage (468316K) : FORBIDDEN enabled: false
2026-03-18 18:18:21 +0100: Memory Usage (468316K) : RECOMMENDED enabled: false
2026-03-18 18:18:21 +0100: Memory Usage (468316K) : PreCheck DRC enabled: false
2026-03-18 18:18:21 +0100: Memory Usage (468316K) : CONNECTIVITY_RULES enabled: true.
2026-03-18 18:18:21 +0100: Memory Usage (468316K) : Read in polygons from layers.
2026-03-18 18:18:21 +0100: Memory Usage (470108K) : activ_drw has 42142 polygons
2026-03-18 18:18:21 +0100: Memory Usage (470108K) : activ_pin has 0 polygons
2026-03-18 18:18:21 +0100: Memory Usage (470108K) : activ_mask has 0 polygons
2026-03-18 18:18:21 +0100: Memory Usage (470108K) : activ_filler has 15649 polygons
2026-03-18 18:18:21 +0100: Memory Usage (470364K) : activ_nofill has 0 polygons
2026-03-18 18:18:21 +0100: Memory Usage (470364K) : activ_opc has 0 polygons
2026-03-18 18:18:21 +0100: Memory Usage (470364K) : activ_iopc has 0 polygons
2026-03-18 18:18:21 +0100: Memory Usage (470364K) : activ_noqrc has 0 polygons
2026-03-18 18:18:21 +0100: Memory Usage (470364K) : biwind_drw has 0 polygons
2026-03-18 18:18:21 +0100: Memory Usage (470364K) : biwind_opc has 0 polygons
2026-03-18 18:18:21 +0100: Memory Usage (470364K) : pemwind_drw has 0 polygons
2026-03-18 18:18:21 +0100: Memory Usage (470364K) : gatpoly_drw has 34759 polygons
2026-03-18 18:18:21 +0100: Memory Usage (470364K) : gatpoly_pin has 0 polygons
2026-03-18 18:18:21 +0100: Memory Usage (470492K) : gatpoly_filler has 15254 polygons
2026-03-18 18:18:21 +0100: Memory Usage (470748K) : gatpoly_nofill has 0 polygons
2026-03-18 18:18:21 +0100: Memory Usage (470748K) : gatpoly_opc has 0 polygons
2026-03-18 18:18:21 +0100: Memory Usage (470748K) : gatpoly_iopc has 0 polygons
2026-03-18 18:18:21 +0100: Memory Usage (470748K) : gatpoly_noqrc has 0 polygons
2026-03-18 18:18:22 +0100: Memory Usage (482908K) : cont_drw has 2083278 polygons
2026-03-18 18:18:22 +0100: Memory Usage (482908K) : cont_opc has 0 polygons
2026-03-18 18:18:22 +0100: Memory Usage (482908K) : nsd_drw has 0 polygons
2026-03-18 18:18:22 +0100: Memory Usage (482908K) : nsd_block has 0 polygons
2026-03-18 18:18:22 +0100: Memory Usage (483036K) : metal1_drw has 51579 polygons
2026-03-18 18:18:22 +0100: Memory Usage (483036K) : metal1_pin has 24361 polygons
2026-03-18 18:18:22 +0100: Memory Usage (483036K) : metal1_mask has 0 polygons
2026-03-18 18:18:22 +0100: Memory Usage (489308K) : metal1_filler has 209228 polygons
2026-03-18 18:18:22 +0100: Memory Usage (489308K) : metal1_nofill has 0 polygons
2026-03-18 18:18:22 +0100: Memory Usage (489308K) : metal1_slit has 0 polygons
2026-03-18 18:18:22 +0100: Memory Usage (489436K) : metal1_text has 24288 polygons
2026-03-18 18:18:22 +0100: Memory Usage (489436K) : metal1_opc has 0 polygons
2026-03-18 18:18:22 +0100: Memory Usage (489436K) : metal1_noqrc has 0 polygons
2026-03-18 18:18:22 +0100: Memory Usage (489436K) : metal1_res has 0 polygons
2026-03-18 18:18:22 +0100: Memory Usage (489436K) : metal1_iprobe has 0 polygons
2026-03-18 18:18:22 +0100: Memory Usage (489436K) : metal1_diffprb has 0 polygons
2026-03-18 18:18:22 +0100: Memory Usage (489436K) : passiv_drw has 32 polygons
2026-03-18 18:18:22 +0100: Memory Usage (489436K) : passiv_pin has 0 polygons
2026-03-18 18:18:22 +0100: Memory Usage (489436K) : passiv_sbump has 0 polygons
2026-03-18 18:18:22 +0100: Memory Usage (489436K) : passiv_pillar has 0 polygons
2026-03-18 18:18:22 +0100: Memory Usage (489436K) : passiv_pdl has 0 polygons
2026-03-18 18:18:22 +0100: Memory Usage (489436K) : metal2_drw has 16875 polygons
2026-03-18 18:18:22 +0100: Memory Usage (489436K) : metal2_pin has 360 polygons
2026-03-18 18:18:22 +0100: Memory Usage (489436K) : metal2_mask has 0 polygons
2026-03-18 18:18:23 +0100: Memory Usage (499292K) : metal2_filler has 368363 polygons
2026-03-18 18:18:23 +0100: Memory Usage (499292K) : metal2_nofill has 0 polygons
2026-03-18 18:18:23 +0100: Memory Usage (499292K) : metal2_slit has 0 polygons
2026-03-18 18:18:23 +0100: Memory Usage (499292K) : metal2_text has 360 polygons
2026-03-18 18:18:23 +0100: Memory Usage (499292K) : metal2_opc has 0 polygons
2026-03-18 18:18:23 +0100: Memory Usage (499292K) : metal2_noqrc has 0 polygons
2026-03-18 18:18:23 +0100: Memory Usage (499292K) : metal2_res has 0 polygons
2026-03-18 18:18:23 +0100: Memory Usage (499292K) : metal2_iprobe has 0 polygons
2026-03-18 18:18:23 +0100: Memory Usage (499292K) : metal2_diffprb has 0 polygons
2026-03-18 18:18:23 +0100: Memory Usage (499292K) : baspoly_drw has 0 polygons
2026-03-18 18:18:23 +0100: Memory Usage (499292K) : baspoly_pin has 0 polygons
2026-03-18 18:18:23 +0100: Memory Usage (499292K) : psd_drw has 20462 polygons
2026-03-18 18:18:23 +0100: Memory Usage (499292K) : nldb_drw has 0 polygons
2026-03-18 18:18:23 +0100: Memory Usage (499292K) : digibnd_drw has 0 polygons
2026-03-18 18:18:23 +0100: Memory Usage (499292K) : via1_drw has 54122 polygons
2026-03-18 18:18:23 +0100: Memory Usage (499292K) : backmetal1_drw has 0 polygons
2026-03-18 18:18:23 +0100: Memory Usage (499292K) : backmetal1_pin has 0 polygons
2026-03-18 18:18:23 +0100: Memory Usage (499292K) : backmetal1_mask has 0 polygons
2026-03-18 18:18:23 +0100: Memory Usage (499292K) : backmetal1_filler has 0 polygons
2026-03-18 18:18:23 +0100: Memory Usage (499292K) : backmetal1_nofill has 0 polygons
2026-03-18 18:18:23 +0100: Memory Usage (499292K) : backmetal1_slit has 0 polygons
2026-03-18 18:18:23 +0100: Memory Usage (499292K) : backmetal1_text has 0 polygons
2026-03-18 18:18:23 +0100: Memory Usage (499292K) : backmetal1_opc has 0 polygons
2026-03-18 18:18:23 +0100: Memory Usage (499292K) : backmetal1_noqrc has 0 polygons
2026-03-18 18:18:23 +0100: Memory Usage (499292K) : backmetal1_res has 0 polygons
2026-03-18 18:18:23 +0100: Memory Usage (499292K) : backmetal1_iprobe has 0 polygons
2026-03-18 18:18:23 +0100: Memory Usage (499292K) : backmetal1_diffprb has 0 polygons
2026-03-18 18:18:23 +0100: Memory Usage (499292K) : backpassiv_drw has 0 polygons
2026-03-18 18:18:23 +0100: Memory Usage (499292K) : res_drw has 0 polygons
2026-03-18 18:18:23 +0100: Memory Usage (499292K) : sram_drw has 0 polygons
2026-03-18 18:18:23 +0100: Memory Usage (499292K) : trans_drw has 0 polygons
2026-03-18 18:18:23 +0100: Memory Usage (499292K) : ind_drw has 0 polygons
2026-03-18 18:18:23 +0100: Memory Usage (499292K) : ind_pin has 0 polygons
2026-03-18 18:18:23 +0100: Memory Usage (499292K) : ind_text has 0 polygons
2026-03-18 18:18:23 +0100: Memory Usage (499292K) : salblock_drw has 17 polygons
2026-03-18 18:18:23 +0100: Memory Usage (499292K) : via2_drw has 79413 polygons
2026-03-18 18:18:23 +0100: Memory Usage (499292K) : metal3_drw has 8811 polygons
2026-03-18 18:18:23 +0100: Memory Usage (499292K) : metal3_pin has 420 polygons
2026-03-18 18:18:23 +0100: Memory Usage (499292K) : metal3_mask has 0 polygons
2026-03-18 18:18:23 +0100: Memory Usage (499292K) : metal3_filler has 29063 polygons
2026-03-18 18:18:23 +0100: Memory Usage (499292K) : metal3_nofill has 0 polygons
2026-03-18 18:18:23 +0100: Memory Usage (499292K) : metal3_slit has 0 polygons
2026-03-18 18:18:23 +0100: Memory Usage (499292K) : metal3_text has 420 polygons
2026-03-18 18:18:23 +0100: Memory Usage (499292K) : metal3_opc has 0 polygons
2026-03-18 18:18:23 +0100: Memory Usage (499292K) : metal3_noqrc has 0 polygons
2026-03-18 18:18:23 +0100: Memory Usage (499292K) : metal3_res has 0 polygons
2026-03-18 18:18:23 +0100: Memory Usage (499292K) : metal3_iprobe has 0 polygons
2026-03-18 18:18:23 +0100: Memory Usage (499292K) : metal3_diffprb has 0 polygons
2026-03-18 18:18:23 +0100: Memory Usage (499292K) : nwell_drw has 10406 polygons
2026-03-18 18:18:23 +0100: Memory Usage (499292K) : nwell_pin has 0 polygons
2026-03-18 18:18:23 +0100: Memory Usage (499292K) : nbulay_drw has 0 polygons
2026-03-18 18:18:23 +0100: Memory Usage (499292K) : nbulay_pin has 0 polygons
2026-03-18 18:18:23 +0100: Memory Usage (499292K) : nbulay_block has 0 polygons
2026-03-18 18:18:23 +0100: Memory Usage (499292K) : emwind_drw has 0 polygons
2026-03-18 18:18:23 +0100: Memory Usage (499292K) : emwind_opc has 0 polygons
2026-03-18 18:18:23 +0100: Memory Usage (499292K) : deepco_drw has 0 polygons
2026-03-18 18:18:23 +0100: Memory Usage (499292K) : deepco_drw has 0 polygons
2026-03-18 18:18:23 +0100: Memory Usage (499292K) : mim_drw has 0 polygons
2026-03-18 18:18:23 +0100: Memory Usage (499292K) : edgeseal_drw has 24 polygons
2026-03-18 18:18:23 +0100: Memory Usage (499292K) : edgeseal_bound has 1 polygons
2026-03-18 18:18:23 +0100: Memory Usage (499292K) : substrate_drw has 573 polygons
2026-03-18 18:18:23 +0100: Memory Usage (499292K) : substrate_text has 0 polygons
2026-03-18 18:18:23 +0100: Memory Usage (499292K) : dfpad_drw has 20 polygons
2026-03-18 18:18:23 +0100: Memory Usage (499292K) : dfpad_pillar has 0 polygons
2026-03-18 18:18:23 +0100: Memory Usage (499292K) : dfpad_sbump has 0 polygons
2026-03-18 18:18:23 +0100: Memory Usage (499292K) : thickgateox_drw has 65 polygons
2026-03-18 18:18:23 +0100: Memory Usage (499292K) : pldb_drw has 0 polygons
2026-03-18 18:18:23 +0100: Memory Usage (499292K) : pwell_drw has 0 polygons
2026-03-18 18:18:23 +0100: Memory Usage (499292K) : pwell_pin has 0 polygons
2026-03-18 18:18:24 +0100: Memory Usage (499292K) : pwell_block has 0 polygons
2026-03-18 18:18:24 +0100: Memory Usage (499292K) : ic_drw has 0 polygons
2026-03-18 18:18:24 +0100: Memory Usage (499292K) : via3_drw has 77937 polygons
2026-03-18 18:18:24 +0100: Memory Usage (499292K) : metal4_drw has 1787 polygons
2026-03-18 18:18:24 +0100: Memory Usage (499292K) : metal4_pin has 397 polygons
2026-03-18 18:18:24 +0100: Memory Usage (499292K) : metal4_mask has 0 polygons
2026-03-18 18:18:24 +0100: Memory Usage (499292K) : metal4_filler has 29418 polygons
2026-03-18 18:18:24 +0100: Memory Usage (499292K) : metal4_nofill has 0 polygons
2026-03-18 18:18:24 +0100: Memory Usage (499292K) : metal4_slit has 0 polygons
2026-03-18 18:18:24 +0100: Memory Usage (499292K) : metal4_text has 386 polygons
2026-03-18 18:18:24 +0100: Memory Usage (499292K) : metal4_opc has 0 polygons
2026-03-18 18:18:24 +0100: Memory Usage (499292K) : metal4_noqrc has 0 polygons
2026-03-18 18:18:24 +0100: Memory Usage (499292K) : metal4_res has 0 polygons
2026-03-18 18:18:24 +0100: Memory Usage (499292K) : metal4_iprobe has 0 polygons
2026-03-18 18:18:24 +0100: Memory Usage (499292K) : metal4_diffprb has 0 polygons
2026-03-18 18:18:24 +0100: Memory Usage (499292K) : heattrans_drw has 0 polygons
2026-03-18 18:18:24 +0100: Memory Usage (499292K) : heatres_drw has 0 polygons
2026-03-18 18:18:24 +0100: Memory Usage (499292K) : pempoly_drw has 0 polygons
2026-03-18 18:18:24 +0100: Memory Usage (499292K) : fbe_drw has 0 polygons
2026-03-18 18:18:24 +0100: Memory Usage (499292K) : empoly_drw has 0 polygons
2026-03-18 18:18:24 +0100: Memory Usage (499292K) : ldmos_drw has 0 polygons
2026-03-18 18:18:24 +0100: Memory Usage (499292K) : pbiwind_drw has 0 polygons
2026-03-18 18:18:24 +0100: Memory Usage (499292K) : digisub_drw has 0 polygons
2026-03-18 18:18:24 +0100: Memory Usage (499292K) : nodrc_drw has 0 polygons
2026-03-18 18:18:24 +0100: Memory Usage (499292K) : text_drw has 519 polygons
2026-03-18 18:18:24 +0100: Memory Usage (499292K) : via4_drw has 0 polygons
2026-03-18 18:18:24 +0100: Memory Usage (499292K) : metal5_drw has 0 polygons
2026-03-18 18:18:24 +0100: Memory Usage (499292K) : metal5_pin has 0 polygons
2026-03-18 18:18:24 +0100: Memory Usage (499292K) : metal5_mask has 0 polygons
2026-03-18 18:18:24 +0100: Memory Usage (499292K) : metal5_filler has 0 polygons
2026-03-18 18:18:24 +0100: Memory Usage (499292K) : metal5_nofill has 0 polygons
2026-03-18 18:18:24 +0100: Memory Usage (499292K) : metal5_slit has 0 polygons
2026-03-18 18:18:24 +0100: Memory Usage (499292K) : metal5_text has 0 polygons
2026-03-18 18:18:24 +0100: Memory Usage (499292K) : metal5_opc has 0 polygons
2026-03-18 18:18:24 +0100: Memory Usage (499292K) : metal5_noqrc has 0 polygons
2026-03-18 18:18:24 +0100: Memory Usage (499292K) : metal5_res has 0 polygons
2026-03-18 18:18:24 +0100: Memory Usage (499292K) : metal5_iprobe has 0 polygons
2026-03-18 18:18:24 +0100: Memory Usage (499292K) : metal5_diffprb has 0 polygons
2026-03-18 18:18:24 +0100: Memory Usage (499292K) : radhard_drw has 0 polygons
2026-03-18 18:18:24 +0100: Memory Usage (499292K) : memcap_drw has 0 polygons
2026-03-18 18:18:24 +0100: Memory Usage (499292K) : varicap_drw has 0 polygons
2026-03-18 18:18:24 +0100: Memory Usage (499292K) : flash_drw has 0 polygons
2026-03-18 18:18:24 +0100: Memory Usage (499292K) : intbondvia_drw has 0 polygons
2026-03-18 18:18:24 +0100: Memory Usage (499292K) : intbondmet_drw has 0 polygons
2026-03-18 18:18:24 +0100: Memory Usage (499292K) : devbondvia_drw has 0 polygons
2026-03-18 18:18:24 +0100: Memory Usage (499292K) : devbondmet_drw has 0 polygons
2026-03-18 18:18:24 +0100: Memory Usage (499292K) : devtrench_drw has 0 polygons
2026-03-18 18:18:24 +0100: Memory Usage (499292K) : redist_drw has 0 polygons
2026-03-18 18:18:24 +0100: Memory Usage (499292K) : graphbot_drw has 0 polygons
2026-03-18 18:18:24 +0100: Memory Usage (499292K) : graphtop_drw has 0 polygons
2026-03-18 18:18:24 +0100: Memory Usage (499292K) : antvia1_drw has 0 polygons
2026-03-18 18:18:24 +0100: Memory Usage (499292K) : antmetal2_drw has 0 polygons
2026-03-18 18:18:24 +0100: Memory Usage (499292K) : graphcont_drw has 0 polygons
2026-03-18 18:18:24 +0100: Memory Usage (499292K) : siwg_drw has 0 polygons
2026-03-18 18:18:24 +0100: Memory Usage (499292K) : siwg_filler has 0 polygons
2026-03-18 18:18:24 +0100: Memory Usage (499292K) : siwg_nofill has 0 polygons
2026-03-18 18:18:24 +0100: Memory Usage (499292K) : sigrating_drw has 0 polygons
2026-03-18 18:18:24 +0100: Memory Usage (499292K) : singrating_drw has 0 polygons
2026-03-18 18:18:24 +0100: Memory Usage (499292K) : graphpas_drw has 0 polygons
2026-03-18 18:18:24 +0100: Memory Usage (499292K) : emwind3_drw has 0 polygons
2026-03-18 18:18:24 +0100: Memory Usage (499292K) : emwihv3_drw has 0 polygons
2026-03-18 18:18:24 +0100: Memory Usage (499292K) : redbulay_drw has 0 polygons
2026-03-18 18:18:24 +0100: Memory Usage (499292K) : smos_drw has 0 polygons
2026-03-18 18:18:24 +0100: Memory Usage (499292K) : graphpad_drw has 0 polygons
2026-03-18 18:18:24 +0100: Memory Usage (499292K) : polimide_drw has 0 polygons
2026-03-18 18:18:24 +0100: Memory Usage (499292K) : polimide_pin has 0 polygons
2026-03-18 18:18:24 +0100: Memory Usage (499292K) : recog_drw has 0 polygons
2026-03-18 18:18:24 +0100: Memory Usage (499292K) : recog_pin has 0 polygons
2026-03-18 18:18:24 +0100: Memory Usage (499292K) : recog_esd has 0 polygons
2026-03-18 18:18:24 +0100: Memory Usage (499292K) : recog_diode has 130 polygons
2026-03-18 18:18:24 +0100: Memory Usage (499292K) : recog_tsv has 0 polygons
2026-03-18 18:18:24 +0100: Memory Usage (499292K) : recog_iprobe has 0 polygons
2026-03-18 18:18:24 +0100: Memory Usage (499292K) : recog_diffprb has 0 polygons
2026-03-18 18:18:24 +0100: Memory Usage (499292K) : recog_pillar has 0 polygons
2026-03-18 18:18:24 +0100: Memory Usage (499292K) : recog_sbump has 0 polygons
2026-03-18 18:18:24 +0100: Memory Usage (499292K) : recog_otp has 0 polygons
2026-03-18 18:18:24 +0100: Memory Usage (499292K) : recog_pdiode has 0 polygons
2026-03-18 18:18:24 +0100: Memory Usage (499292K) : recog_mom has 0 polygons
2026-03-18 18:18:24 +0100: Memory Usage (499292K) : recog_pcm has 0 polygons
2026-03-18 18:18:24 +0100: Memory Usage (499292K) : colopen_drw has 0 polygons
2026-03-18 18:18:24 +0100: Memory Usage (499292K) : graphmetal1_drw has 0 polygons
2026-03-18 18:18:24 +0100: Memory Usage (499292K) : graphmetal1_filler has 0 polygons
2026-03-18 18:18:24 +0100: Memory Usage (499292K) : graphmetal1_nofill has 0 polygons
2026-03-18 18:18:24 +0100: Memory Usage (499292K) : graphmetal1_slit has 0 polygons
2026-03-18 18:18:24 +0100: Memory Usage (499292K) : graphmetal1_opc has 0 polygons
2026-03-18 18:18:24 +0100: Memory Usage (499292K) : graphmet1l_drw has 0 polygons
2026-03-18 18:18:24 +0100: Memory Usage (499292K) : graphmet1l_filler has 0 polygons
2026-03-18 18:18:24 +0100: Memory Usage (499292K) : graphmet1l_nofill has 0 polygons
2026-03-18 18:18:24 +0100: Memory Usage (499292K) : graphmet1l_slit has 0 polygons
2026-03-18 18:18:24 +0100: Memory Usage (499292K) : graphmet1l_opc has 0 polygons
2026-03-18 18:18:24 +0100: Memory Usage (499292K) : extblock_drw has 17 polygons
2026-03-18 18:18:24 +0100: Memory Usage (499292K) : nldd_drw has 0 polygons
2026-03-18 18:18:24 +0100: Memory Usage (499292K) : pldd_drw has 0 polygons
2026-03-18 18:18:24 +0100: Memory Usage (499292K) : next_drw has 0 polygons
2026-03-18 18:18:24 +0100: Memory Usage (499292K) : pext_drw has 0 polygons
2026-03-18 18:18:24 +0100: Memory Usage (499292K) : nexthv_drw has 0 polygons
2026-03-18 18:18:24 +0100: Memory Usage (499292K) : pexthv_drw has 0 polygons
2026-03-18 18:18:24 +0100: Memory Usage (499292K) : graphgate_drw has 0 polygons
2026-03-18 18:18:24 +0100: Memory Usage (499292K) : sinwg_drw has 0 polygons
2026-03-18 18:18:24 +0100: Memory Usage (499292K) : sinwg_filler has 0 polygons
2026-03-18 18:18:24 +0100: Memory Usage (499292K) : sinwg_nofill has 0 polygons
2026-03-18 18:18:24 +0100: Memory Usage (499292K) : mempad_drw has 0 polygons
2026-03-18 18:18:24 +0100: Memory Usage (499292K) : topvia1_drw has 56315 polygons
2026-03-18 18:18:24 +0100: Memory Usage (499292K) : topmetal1_drw has 598 polygons
2026-03-18 18:18:24 +0100: Memory Usage (499292K) : topmetal1_pin has 341 polygons
2026-03-18 18:18:24 +0100: Memory Usage (499292K) : topmetal1_mask has 0 polygons
2026-03-18 18:18:24 +0100: Memory Usage (499292K) : topmetal1_filler has 367 polygons
2026-03-18 18:18:24 +0100: Memory Usage (499292K) : topmetal1_nofill has 1 polygons
2026-03-18 18:18:24 +0100: Memory Usage (499292K) : topmetal1_slit has 0 polygons
2026-03-18 18:18:24 +0100: Memory Usage (499292K) : topmetal1_text has 293 polygons
2026-03-18 18:18:24 +0100: Memory Usage (499292K) : topmetal1_noqrc has 0 polygons
2026-03-18 18:18:24 +0100: Memory Usage (499292K) : topmetal1_res has 0 polygons
2026-03-18 18:18:24 +0100: Memory Usage (499292K) : topmetal1_iprobe has 0 polygons
2026-03-18 18:18:24 +0100: Memory Usage (499292K) : topmetal1_diffprb has 0 polygons
2026-03-18 18:18:24 +0100: Memory Usage (499292K) : inldpwl_drw has 0 polygons
2026-03-18 18:18:25 +0100: Memory Usage (499292K) : polyres_drw has 0 polygons
2026-03-18 18:18:25 +0100: Memory Usage (499292K) : polyres_pin has 0 polygons
2026-03-18 18:18:25 +0100: Memory Usage (499292K) : vmim_drw has 0 polygons
2026-03-18 18:18:25 +0100: Memory Usage (499292K) : nbulaycut_drw has 0 polygons
2026-03-18 18:18:25 +0100: Memory Usage (499292K) : antmetal1_drw has 0 polygons
2026-03-18 18:18:25 +0100: Memory Usage (499292K) : topvia2_drw has 0 polygons
2026-03-18 18:18:25 +0100: Memory Usage (499292K) : topmetal2_drw has 0 polygons
2026-03-18 18:18:25 +0100: Memory Usage (499292K) : topmetal2_pin has 0 polygons
2026-03-18 18:18:25 +0100: Memory Usage (499292K) : topmetal2_mask has 0 polygons
2026-03-18 18:18:25 +0100: Memory Usage (499292K) : topmetal2_filler has 0 polygons
2026-03-18 18:18:25 +0100: Memory Usage (499292K) : topmetal2_nofill has 0 polygons
2026-03-18 18:18:25 +0100: Memory Usage (499292K) : topmetal2_slit has 0 polygons
2026-03-18 18:18:25 +0100: Memory Usage (499292K) : topmetal2_text has 0 polygons
2026-03-18 18:18:25 +0100: Memory Usage (499292K) : topmetal2_noqrc has 0 polygons
2026-03-18 18:18:25 +0100: Memory Usage (499292K) : topmetal2_res has 0 polygons
2026-03-18 18:18:25 +0100: Memory Usage (499292K) : topmetal2_iprobe has 0 polygons
2026-03-18 18:18:25 +0100: Memory Usage (499292K) : topmetal2_diffprb has 0 polygons
2026-03-18 18:18:25 +0100: Memory Usage (499292K) : snsring_drw has 0 polygons
2026-03-18 18:18:25 +0100: Memory Usage (499292K) : sensor_drw has 0 polygons
2026-03-18 18:18:25 +0100: Memory Usage (499292K) : snsarms_drw has 0 polygons
2026-03-18 18:18:25 +0100: Memory Usage (499292K) : snscmosvia_drw has 0 polygons
2026-03-18 18:18:25 +0100: Memory Usage (499292K) : colwind_drw has 0 polygons
2026-03-18 18:18:25 +0100: Memory Usage (499292K) : flm_drw has 0 polygons
2026-03-18 18:18:25 +0100: Memory Usage (499292K) : hafniumox_drw has 0 polygons
2026-03-18 18:18:25 +0100: Memory Usage (499292K) : memvia_drw has 0 polygons
2026-03-18 18:18:25 +0100: Memory Usage (499292K) : thinfilmres_drw has 0 polygons
2026-03-18 18:18:25 +0100: Memory Usage (499292K) : rfmem_drw has 0 polygons
2026-03-18 18:18:25 +0100: Memory Usage (499292K) : norcx_drw has 0 polygons
2026-03-18 18:18:25 +0100: Memory Usage (499292K) : norcx_m2m3 has 0 polygons
2026-03-18 18:18:25 +0100: Memory Usage (499292K) : norcx_m2m4 has 0 polygons
2026-03-18 18:18:25 +0100: Memory Usage (499292K) : norcx_m2m5 has 0 polygons
2026-03-18 18:18:25 +0100: Memory Usage (499292K) : norcx_m2tm1 has 0 polygons
2026-03-18 18:18:25 +0100: Memory Usage (499292K) : norcx_m2tm2 has 0 polygons
2026-03-18 18:18:25 +0100: Memory Usage (499292K) : norcx_m3m4 has 0 polygons
2026-03-18 18:18:25 +0100: Memory Usage (499292K) : norcx_m3m5 has 0 polygons
2026-03-18 18:18:25 +0100: Memory Usage (499292K) : norcx_m3tm1 has 0 polygons
2026-03-18 18:18:25 +0100: Memory Usage (499292K) : norcx_m3tm2 has 0 polygons
2026-03-18 18:18:25 +0100: Memory Usage (499292K) : norcx_m4m5 has 0 polygons
2026-03-18 18:18:25 +0100: Memory Usage (499292K) : norcx_m4tm1 has 0 polygons
2026-03-18 18:18:25 +0100: Memory Usage (499292K) : norcx_m4tm2 has 0 polygons
2026-03-18 18:18:25 +0100: Memory Usage (499292K) : norcx_m5tm1 has 0 polygons
2026-03-18 18:18:25 +0100: Memory Usage (499292K) : norcx_m5tm2 has 0 polygons
2026-03-18 18:18:25 +0100: Memory Usage (499292K) : norcx_tm1tm2 has 0 polygons
2026-03-18 18:18:25 +0100: Memory Usage (499292K) : norcx_m1sub has 0 polygons
2026-03-18 18:18:25 +0100: Memory Usage (499292K) : norcx_m2sub has 0 polygons
2026-03-18 18:18:25 +0100: Memory Usage (499292K) : norcx_m3sub has 0 polygons
2026-03-18 18:18:25 +0100: Memory Usage (499292K) : norcx_m4sub has 0 polygons
2026-03-18 18:18:25 +0100: Memory Usage (499292K) : norcx_m5sub has 0 polygons
2026-03-18 18:18:25 +0100: Memory Usage (499292K) : norcx_tm1sub has 0 polygons
2026-03-18 18:18:25 +0100: Memory Usage (499292K) : norcx_tm2sub has 0 polygons
2026-03-18 18:18:25 +0100: Memory Usage (499292K) : snsbotvia_drw has 0 polygons
2026-03-18 18:18:25 +0100: Memory Usage (499292K) : snstopvia_drw has 0 polygons
2026-03-18 18:18:25 +0100: Memory Usage (499292K) : deepvia_drw has 0 polygons
2026-03-18 18:18:25 +0100: Memory Usage (499292K) : fgetch_drw has 0 polygons
2026-03-18 18:18:25 +0100: Memory Usage (499292K) : ctrgat_drw has 0 polygons
2026-03-18 18:18:25 +0100: Memory Usage (499292K) : fgimp_drw has 0 polygons
2026-03-18 18:18:25 +0100: Memory Usage (499292K) : emwihv_drw has 0 polygons
2026-03-18 18:18:25 +0100: Memory Usage (499292K) : lbe_drw has 0 polygons
2026-03-18 18:18:25 +0100: Memory Usage (499292K) : alcustop_drw has 0 polygons
2026-03-18 18:18:25 +0100: Memory Usage (499292K) : nometfiller_drw has 0 polygons
2026-03-18 18:18:25 +0100: Memory Usage (499292K) : prboundary_drw has 0 polygons
2026-03-18 18:18:25 +0100: Memory Usage (499292K) : exchange0_drw has 0 polygons
2026-03-18 18:18:25 +0100: Memory Usage (499292K) : exchange0_pin has 0 polygons
2026-03-18 18:18:25 +0100: Memory Usage (499292K) : exchange0_text has 0 polygons
2026-03-18 18:18:25 +0100: Memory Usage (499292K) : exchange1_drw has 0 polygons
2026-03-18 18:18:25 +0100: Memory Usage (499292K) : exchange1_pin has 0 polygons
2026-03-18 18:18:25 +0100: Memory Usage (499292K) : exchange1_text has 0 polygons
2026-03-18 18:18:25 +0100: Memory Usage (499292K) : exchange2_drw has 0 polygons
2026-03-18 18:18:25 +0100: Memory Usage (499292K) : exchange2_pin has 0 polygons
2026-03-18 18:18:25 +0100: Memory Usage (499292K) : exchange2_text has 0 polygons
2026-03-18 18:18:25 +0100: Memory Usage (499292K) : exchange3_drw has 0 polygons
2026-03-18 18:18:25 +0100: Memory Usage (499292K) : exchange3_pin has 0 polygons
2026-03-18 18:18:25 +0100: Memory Usage (499292K) : exchange3_text has 0 polygons
2026-03-18 18:18:25 +0100: Memory Usage (499292K) : exchange4_drw has 0 polygons
2026-03-18 18:18:25 +0100: Memory Usage (499292K) : exchange4_pin has 0 polygons
2026-03-18 18:18:25 +0100: Memory Usage (499292K) : exchange4_text has 0 polygons
2026-03-18 18:18:25 +0100: Memory Usage (499292K) : isonwell_drw has 0 polygons
2026-03-18 18:18:25 +0100: Memory Usage (499292K) : Total no. of polygons in the design is 3258851
2026-03-18 18:18:25 +0100: Memory Usage (499292K) : Loaded TECH DRC rules values from /home/daniel/work/aesc/i2c-gpio-expander/pdks/IHP-Open-PDK/ihp-sg13cmos5l/libs.tech/klayout/python/sg13cmos5l_pycell_lib/sg13cmos5l_tech_mod.json
2026-03-18 18:18:25 +0100: Memory Usage (499292K) : Loaded default DRC rules values from /home/daniel/work/aesc/i2c-gpio-expander/pdks/IHP-Open-PDK/ihp-sg13cmos5l/libs.tech/klayout/tech/drc/rule_decks/sg13cmos5l_tech_default.json
2026-03-18 18:18:25 +0100: Memory Usage (500060K) : Total area of the design is 1103634.2016 um^2.
2026-03-18 18:18:25 +0100: Memory Usage (500060K) : The design dimensions are 1050.84 um * 1050.24 um.
2026-03-18 18:18:25 +0100: Memory Usage (500060K) : Starting general IHP-SG13CMOS5L derivations.
2026-03-18 18:18:25 +0100: Memory Usage (500060K) : Starting Pwell derivations
2026-03-18 18:18:25 +0100: Memory Usage (508476K) : Starting n-Activ derivations
2026-03-18 18:18:26 +0100: Memory Usage (515508K) : Starting p-Activ derivations
2026-03-18 18:18:26 +0100: Memory Usage (515888K) : Starting ptap derivations
2026-03-18 18:18:27 +0100: Memory Usage (523696K) : Starting ntap derivations
2026-03-18 18:18:27 +0100: Memory Usage (529968K) : Starting pact FET derivations
2026-03-18 18:18:28 +0100: Memory Usage (534572K) : Starting nact FET derivations
2026-03-18 18:18:28 +0100: Memory Usage (542248K) : Starting Gate derivations
2026-03-18 18:18:29 +0100: Memory Usage (545064K) : Starting IHP-SG13CMOS5L DRC connectivity related derivations.
2026-03-18 18:18:30 +0100: Memory Usage (545192K) : Starting IHP-SG13CMOS5L DRC connectivity setup
2026-03-18 18:19:11 +0100: Memory Usage (572212K) : Starting IHP-SG13CMOS5L DRC rules.
2026-03-18 18:19:11 +0100: Memory Usage (572212K) : Starting 5.1 NWell table
2026-03-18 18:19:11 +0100: Memory Usage (572212K) : Executing rule NW.b
2026-03-18 18:19:11 +0100: Memory Usage (576692K) : Executing rule NW.b1
2026-03-18 18:19:12 +0100: Memory Usage (579636K) : Executing rule NW.f1
2026-03-18 18:19:12 +0100: Memory Usage (579636K) : Executing rule NW.f1.digibnd
2026-03-18 18:19:12 +0100: Memory Usage (579636K) : KLayout DRC run for tables 'nwell' completed in 51.1 seconds
