# Logfile created on 2026-03-18 18:18:20 +0100 by logger.rb/v1.5.3
2026-03-18 18:18:20 +0100: Memory Usage (424500K) : Starting running IHP-SG13CMOS5L Klayout DRC Density runset on /home/daniel/work/aesc/i2c-gpio-expander/build/I2cGpioExpander/SG13CMOS5L/orfs/results/ihp-sg13cmos5l/SG13CMOS5LTop/base/6_final.gds
2026-03-18 18:18:20 +0100: Memory Usage (424500K) : Ruby Version for klayout: 3.2.3
2026-03-18 18:18:21 +0100: Memory Usage (466380K) : Loading database to memory is complete.
2026-03-18 18:18:21 +0100: Memory Usage (466380K) : IHP-SG13CMOS5L Klayout DRC Density runset output at: /home/daniel/work/aesc/i2c-gpio-expander/build/I2cGpioExpander/SG13CMOS5L/drc/6_final_SG13CMOS5LTop_density.lyrdb
2026-03-18 18:18:21 +0100: Memory Usage (466508K) : Evaluate switches.
2026-03-18 18:18:21 +0100: Memory Usage (466508K) : Configured KLayout worker thread(s): 16.
2026-03-18 18:18:21 +0100: Memory Usage (466508K) : Deep mode enabled: reading layers and preparing general derivations.
2026-03-18 18:18:21 +0100: Memory Usage (466508K) : PreCheck DRC enabled: false
2026-03-18 18:18:21 +0100: Memory Usage (466508K) : Density sanity checks enabled: false
2026-03-18 18:18:21 +0100: Memory Usage (466508K) : Read in polygons from layers.
2026-03-18 18:18:21 +0100: Memory Usage (468172K) : activ_drw has 42142 polygons
2026-03-18 18:18:21 +0100: Memory Usage (468172K) : activ_mask has 0 polygons
2026-03-18 18:18:21 +0100: Memory Usage (468300K) : activ_filler has 15649 polygons
2026-03-18 18:18:21 +0100: Memory Usage (468684K) : gatpoly_drw has 34759 polygons
2026-03-18 18:18:21 +0100: Memory Usage (468684K) : gatpoly_filler has 15254 polygons
2026-03-18 18:18:21 +0100: Memory Usage (468940K) : metal1_drw has 51579 polygons
2026-03-18 18:18:21 +0100: Memory Usage (475724K) : metal1_filler has 209228 polygons
2026-03-18 18:18:21 +0100: Memory Usage (475724K) : metal1_slit has 0 polygons
2026-03-18 18:18:22 +0100: Memory Usage (475724K) : metal2_drw has 16875 polygons
2026-03-18 18:18:22 +0100: Memory Usage (487500K) : metal2_filler has 368363 polygons
2026-03-18 18:18:22 +0100: Memory Usage (487500K) : metal2_slit has 0 polygons
2026-03-18 18:18:22 +0100: Memory Usage (487500K) : metal3_drw has 8811 polygons
2026-03-18 18:18:22 +0100: Memory Usage (487500K) : metal3_filler has 29063 polygons
2026-03-18 18:18:22 +0100: Memory Usage (487500K) : metal3_slit has 0 polygons
2026-03-18 18:18:22 +0100: Memory Usage (487500K) : metal4_drw has 1787 polygons
2026-03-18 18:18:22 +0100: Memory Usage (487500K) : metal4_filler has 29418 polygons
2026-03-18 18:18:22 +0100: Memory Usage (487500K) : metal4_slit has 0 polygons
2026-03-18 18:18:22 +0100: Memory Usage (487500K) : topmetal1_drw has 598 polygons
2026-03-18 18:18:22 +0100: Memory Usage (487500K) : topmetal1_filler has 367 polygons
2026-03-18 18:18:22 +0100: Memory Usage (487500K) : topmetal1_slit has 0 polygons
2026-03-18 18:18:22 +0100: Memory Usage (487500K) : lbe_drw has 0 polygons
2026-03-18 18:18:22 +0100: Memory Usage (487500K) : prboundary_drw has 0 polygons
2026-03-18 18:18:22 +0100: Memory Usage (487500K) : edgeseal_bound has 1 polygons
2026-03-18 18:18:22 +0100: Memory Usage (487628K) : Loaded TECH DRC rules values from /home/daniel/work/aesc/i2c-gpio-expander/pdks/IHP-Open-PDK/ihp-sg13cmos5l/libs.tech/klayout/python/sg13cmos5l_pycell_lib/sg13cmos5l_tech_mod.json
2026-03-18 18:18:22 +0100: Memory Usage (487628K) : Loaded default DRC rules values from /home/daniel/work/aesc/i2c-gpio-expander/pdks/IHP-Open-PDK/ihp-sg13cmos5l/libs.tech/klayout/tech/drc/rule_decks/sg13cmos5l_tech_default.json
2026-03-18 18:18:22 +0100: Memory Usage (488396K) : Density sanity markers are disabled (set -rd density_sanity=true to enable).
2026-03-18 18:18:22 +0100: Memory Usage (488396K) : Using EdgeSeal.boundary (39/4) for chip area: 1103634.2016 um^2.
2026-03-18 18:18:22 +0100: Memory Usage (488396K) : Using bbox (0,0;1050.84,1050.24) for density window origin.
2026-03-18 18:18:22 +0100: Memory Usage (488396K) : Total area of the design is 1103634.2016 um^2.
2026-03-18 18:18:22 +0100: Memory Usage (488396K) : Starting density IHP-SG13CMOS5L derivations.
2026-03-18 18:18:23 +0100: Memory Usage (503904K) : Starting IHP-SG13CMOS5L DENSITY DRC rules.
2026-03-18 18:18:23 +0100: Memory Usage (503904K) : Computing activ area and density...
2026-03-18 18:18:23 +0100: Memory Usage (504288K) : Executing rule AFil.g
2026-03-18 18:18:23 +0100: Memory Usage (504288K) : Executing rule AFil.g1
2026-03-18 18:18:23 +0100: Memory Usage (504288K) : Executing rule AFil.g2
2026-03-18 18:18:25 +0100: Memory Usage (539180K) : Executing rule AFil.g3
2026-03-18 18:18:29 +0100: Memory Usage (574764K) : Computing poly area and density...
2026-03-18 18:18:29 +0100: Memory Usage (574764K) : Executing rule GFil.g
2026-03-18 18:18:29 +0100: Memory Usage (574764K) : Computing metal1 area and density...
2026-03-18 18:18:35 +0100: Memory Usage (634192K) : Executing rule M1.j
2026-03-18 18:18:35 +0100: Memory Usage (634192K) : Executing rule M1.k
2026-03-18 18:18:35 +0100: Memory Usage (634192K) : Computing metal2 area and density...
2026-03-18 18:18:41 +0100: Memory Usage (705196K) : Computing metal3 area and density...
2026-03-18 18:18:41 +0100: Memory Usage (705196K) : Computing metal4 area and density...
2026-03-18 18:18:42 +0100: Memory Usage (705196K) : Executing rule M2.j
2026-03-18 18:18:42 +0100: Memory Usage (705196K) : Executing rule M2.k
2026-03-18 18:18:42 +0100: Memory Usage (705196K) : Executing rule M3.j
2026-03-18 18:18:42 +0100: Memory Usage (705196K) : Executing rule M3.k
2026-03-18 18:18:42 +0100: Memory Usage (705196K) : Executing rule M4.j
2026-03-18 18:18:42 +0100: Memory Usage (705196K) : Executing rule M4.k
2026-03-18 18:18:42 +0100: Memory Usage (705196K) : Executing rule M1Fil.h
2026-03-18 18:18:49 +0100: Memory Usage (947728K) : Executing rule M1Fil.k
2026-03-18 18:18:55 +0100: Memory Usage (1037776K) : Executing rule M2Fil.h
2026-03-18 18:19:01 +0100: Memory Usage (941568K) : Executing rule M2Fil.k
2026-03-18 18:19:07 +0100: Memory Usage (913136K) : Executing rule M3Fil.h
2026-03-18 18:19:08 +0100: Memory Usage (930544K) : Executing rule M3Fil.k
2026-03-18 18:19:09 +0100: Memory Usage (938608K) : Executing rule M4Fil.h
2026-03-18 18:19:09 +0100: Memory Usage (958448K) : Executing rule M4Fil.k
2026-03-18 18:19:10 +0100: Memory Usage (958556K) : Computing TopMetal1 area and density...
2026-03-18 18:19:10 +0100: Memory Usage (958556K) : Executing rule TM1.c
2026-03-18 18:19:10 +0100: Memory Usage (958556K) : Executing rule TM1.d
2026-03-18 18:19:10 +0100: Memory Usage (958556K) : Computing LBE area and density...
2026-03-18 18:19:10 +0100: Memory Usage (958556K) : Executing rule LBE.i
2026-03-18 18:19:10 +0100: Memory Usage (958556K) : Executing rule Slt.i_M1
2026-03-18 18:19:12 +0100: Memory Usage (958684K) : Executing rule Slt.i_M2
2026-03-18 18:19:13 +0100: Memory Usage (958684K) : Executing rule Slt.i_M3
2026-03-18 18:19:13 +0100: Memory Usage (958684K) : Executing rule Slt.i_M4
2026-03-18 18:19:13 +0100: Memory Usage (958684K) : Executing rule Slt.i_TM1
2026-03-18 18:19:13 +0100: Memory Usage (958684K) : ##################################################
2026-03-18 18:19:13 +0100: Memory Usage (958684K) :                  Density Report                 #
2026-03-18 18:19:13 +0100: Memory Usage (958684K) : ##################################################
2026-03-18 18:19:13 +0100: Memory Usage (958684K) : 
2026-03-18 18:19:13 +0100: Memory Usage (958684K) : Layer areas and percentages (units: um^2)
2026-03-18 18:19:13 +0100: Memory Usage (958684K) : --------------------------------------------------
2026-03-18 18:19:13 +0100: Memory Usage (958684K) : 
2026-03-18 18:19:13 +0100: Memory Usage (958684K) : Total Area     = 1103634.20 um^2
2026-03-18 18:19:13 +0100: Memory Usage (958684K) : 
2026-03-18 18:19:13 +0100: Memory Usage (958684K) : Activ      Area      = 492286.13 um^2
2026-03-18 18:19:13 +0100: Memory Usage (958684K) : Activ      Density % = 44.61%  [Min = 35.00%,  Max = 55.00%]
2026-03-18 18:19:13 +0100: Memory Usage (958684K) : 
2026-03-18 18:19:13 +0100: Memory Usage (958684K) : GatPoly    Area      = 182846.87 um^2
2026-03-18 18:19:13 +0100: Memory Usage (958684K) : GatPoly    Density % = 16.57%  [Min = 15.00%]
2026-03-18 18:19:13 +0100: Memory Usage (958684K) : 
2026-03-18 18:19:13 +0100: Memory Usage (958684K) : Metal1     Area      = 538006.57 um^2
2026-03-18 18:19:13 +0100: Memory Usage (958684K) : Metal1     Density % = 48.75%  [Min = 35.00%,  Max = 60.00%]
2026-03-18 18:19:13 +0100: Memory Usage (958684K) : 
2026-03-18 18:19:13 +0100: Memory Usage (958684K) : Metal2     Area      = 493209.79 um^2
2026-03-18 18:19:13 +0100: Memory Usage (958684K) : Metal2     Density % = 44.69%  [Min = 35.00%,  Max = 60.00%]
2026-03-18 18:19:13 +0100: Memory Usage (958684K) : 
2026-03-18 18:19:13 +0100: Memory Usage (958684K) : Metal3     Area      = 482519.44 um^2
2026-03-18 18:19:13 +0100: Memory Usage (958684K) : Metal3     Density % = 43.72%  [Min = 35.00%,  Max = 60.00%]
2026-03-18 18:19:13 +0100: Memory Usage (958684K) : 
2026-03-18 18:19:13 +0100: Memory Usage (958684K) : Metal4     Area      = 496792.33 um^2
2026-03-18 18:19:13 +0100: Memory Usage (958684K) : Metal4     Density % = 45.01%  [Min = 35.00%,  Max = 60.00%]
2026-03-18 18:19:13 +0100: Memory Usage (958684K) : 
2026-03-18 18:19:13 +0100: Memory Usage (958684K) : TopMetal1  Area      = 437383.76 um^2
2026-03-18 18:19:13 +0100: Memory Usage (958684K) : TopMetal1  Density % = 39.63%  [Min = 25.00%,  Max = 70.00%]
2026-03-18 18:19:13 +0100: Memory Usage (958684K) : 
2026-03-18 18:19:13 +0100: Memory Usage (958684K) : LBE        Area      =  0.00 um^2
2026-03-18 18:19:13 +0100: Memory Usage (958684K) : LBE        Density % =  0.00%  [Max = 20.00%]
2026-03-18 18:19:13 +0100: Memory Usage (958684K) : 
2026-03-18 18:19:13 +0100: Memory Usage (958684K) : KLayout DRC run for density table completed in 52.36 seconds
