# Logfile created on 2026-03-18 18:18:38 +0100 by logger.rb/v1.5.3
2026-03-18 18:18:38 +0100: Memory Usage (426276K) : Starting running IHP-SG13CMOS5L KLayout DRC runset on /home/daniel/work/aesc/i2c-gpio-expander/build/I2cGpioExpander/SG13CMOS5L/orfs/results/ihp-sg13cmos5l/SG13CMOS5LTop/base/6_final.gds
2026-03-18 18:18:38 +0100: Memory Usage (426276K) : Ruby Version for klayout: 3.2.3
2026-03-18 18:18:38 +0100: Memory Usage (466960K) : Loading database to memory is complete.
2026-03-18 18:18:38 +0100: Memory Usage (466960K) : IHP-SG13CMOS5L KLayout DRC runset output at: /home/daniel/work/aesc/i2c-gpio-expander/build/I2cGpioExpander/SG13CMOS5L/drc/6_final_SG13CMOS5LTop_offgrid.lyrdb
2026-03-18 18:18:38 +0100: Memory Usage (466960K) : Evaluate switches.
2026-03-18 18:18:38 +0100: Memory Usage (466960K) : tables selected: offgrid
2026-03-18 18:18:38 +0100: Memory Usage (466960K) : KLayout will use 16 thread(s) in tiled mode.
2026-03-18 18:18:38 +0100: Memory Usage (466960K) : deep mode is enabled.
2026-03-18 18:18:38 +0100: Memory Usage (466960K) : FEOL enabled: false
2026-03-18 18:18:38 +0100: Memory Usage (466960K) : BEOL enabled: false
2026-03-18 18:18:38 +0100: Memory Usage (466960K) : OFFGRID enabled: true
2026-03-18 18:18:38 +0100: Memory Usage (466960K) : ANGLE enabled: true
2026-03-18 18:18:38 +0100: Memory Usage (466960K) : PIN enabled: false
2026-03-18 18:18:38 +0100: Memory Usage (466960K) : FORBIDDEN enabled: false
2026-03-18 18:18:38 +0100: Memory Usage (466960K) : RECOMMENDED enabled: false
2026-03-18 18:18:38 +0100: Memory Usage (466960K) : PreCheck DRC enabled: false
2026-03-18 18:18:38 +0100: Memory Usage (466960K) : CONNECTIVITY_RULES enabled: false.
2026-03-18 18:18:38 +0100: Memory Usage (466960K) : Read in polygons from layers.
2026-03-18 18:18:38 +0100: Memory Usage (468880K) : activ_drw has 42142 polygons
2026-03-18 18:18:38 +0100: Memory Usage (468880K) : activ_pin has 0 polygons
2026-03-18 18:18:38 +0100: Memory Usage (468880K) : activ_mask has 0 polygons
2026-03-18 18:18:38 +0100: Memory Usage (468880K) : activ_filler has 15649 polygons
2026-03-18 18:18:38 +0100: Memory Usage (469136K) : activ_nofill has 0 polygons
2026-03-18 18:18:38 +0100: Memory Usage (469136K) : activ_opc has 0 polygons
2026-03-18 18:18:38 +0100: Memory Usage (469136K) : activ_iopc has 0 polygons
2026-03-18 18:18:38 +0100: Memory Usage (469136K) : activ_noqrc has 0 polygons
2026-03-18 18:18:38 +0100: Memory Usage (469136K) : biwind_drw has 0 polygons
2026-03-18 18:18:38 +0100: Memory Usage (469136K) : biwind_opc has 0 polygons
2026-03-18 18:18:38 +0100: Memory Usage (469136K) : pemwind_drw has 0 polygons
2026-03-18 18:18:38 +0100: Memory Usage (469136K) : gatpoly_drw has 34759 polygons
2026-03-18 18:18:38 +0100: Memory Usage (469136K) : gatpoly_pin has 0 polygons
2026-03-18 18:18:38 +0100: Memory Usage (469136K) : gatpoly_filler has 15254 polygons
2026-03-18 18:18:38 +0100: Memory Usage (469520K) : gatpoly_nofill has 0 polygons
2026-03-18 18:18:38 +0100: Memory Usage (469520K) : gatpoly_opc has 0 polygons
2026-03-18 18:18:38 +0100: Memory Usage (469520K) : gatpoly_iopc has 0 polygons
2026-03-18 18:18:38 +0100: Memory Usage (469520K) : gatpoly_noqrc has 0 polygons
2026-03-18 18:18:40 +0100: Memory Usage (481296K) : cont_drw has 2083278 polygons
2026-03-18 18:18:40 +0100: Memory Usage (481296K) : cont_opc has 0 polygons
2026-03-18 18:18:40 +0100: Memory Usage (481296K) : nsd_drw has 0 polygons
2026-03-18 18:18:40 +0100: Memory Usage (481296K) : nsd_block has 0 polygons
2026-03-18 18:18:40 +0100: Memory Usage (481296K) : metal1_drw has 51579 polygons
2026-03-18 18:18:40 +0100: Memory Usage (481296K) : metal1_pin has 24361 polygons
2026-03-18 18:18:40 +0100: Memory Usage (481296K) : metal1_mask has 0 polygons
2026-03-18 18:18:40 +0100: Memory Usage (487568K) : metal1_filler has 209228 polygons
2026-03-18 18:18:40 +0100: Memory Usage (487568K) : metal1_nofill has 0 polygons
2026-03-18 18:18:40 +0100: Memory Usage (487568K) : metal1_slit has 0 polygons
2026-03-18 18:18:40 +0100: Memory Usage (487696K) : metal1_text has 24288 polygons
2026-03-18 18:18:40 +0100: Memory Usage (487696K) : metal1_opc has 0 polygons
2026-03-18 18:18:40 +0100: Memory Usage (487696K) : metal1_noqrc has 0 polygons
2026-03-18 18:18:40 +0100: Memory Usage (487696K) : metal1_res has 0 polygons
2026-03-18 18:18:40 +0100: Memory Usage (487696K) : metal1_iprobe has 0 polygons
2026-03-18 18:18:40 +0100: Memory Usage (487696K) : metal1_diffprb has 0 polygons
2026-03-18 18:18:40 +0100: Memory Usage (487696K) : passiv_drw has 32 polygons
2026-03-18 18:18:40 +0100: Memory Usage (487696K) : passiv_pin has 0 polygons
2026-03-18 18:18:40 +0100: Memory Usage (487696K) : passiv_sbump has 0 polygons
2026-03-18 18:18:40 +0100: Memory Usage (487696K) : passiv_pillar has 0 polygons
2026-03-18 18:18:40 +0100: Memory Usage (487696K) : passiv_pdl has 0 polygons
2026-03-18 18:18:40 +0100: Memory Usage (487696K) : metal2_drw has 16875 polygons
2026-03-18 18:18:40 +0100: Memory Usage (487696K) : metal2_pin has 360 polygons
2026-03-18 18:18:40 +0100: Memory Usage (487696K) : metal2_mask has 0 polygons
2026-03-18 18:18:41 +0100: Memory Usage (497552K) : metal2_filler has 368363 polygons
2026-03-18 18:18:41 +0100: Memory Usage (497552K) : metal2_nofill has 0 polygons
2026-03-18 18:18:41 +0100: Memory Usage (497552K) : metal2_slit has 0 polygons
2026-03-18 18:18:41 +0100: Memory Usage (497552K) : metal2_text has 360 polygons
2026-03-18 18:18:41 +0100: Memory Usage (497552K) : metal2_opc has 0 polygons
2026-03-18 18:18:41 +0100: Memory Usage (497552K) : metal2_noqrc has 0 polygons
2026-03-18 18:18:41 +0100: Memory Usage (497552K) : metal2_res has 0 polygons
2026-03-18 18:18:41 +0100: Memory Usage (497552K) : metal2_iprobe has 0 polygons
2026-03-18 18:18:41 +0100: Memory Usage (497552K) : metal2_diffprb has 0 polygons
2026-03-18 18:18:41 +0100: Memory Usage (497552K) : baspoly_drw has 0 polygons
2026-03-18 18:18:41 +0100: Memory Usage (497552K) : baspoly_pin has 0 polygons
2026-03-18 18:18:41 +0100: Memory Usage (497552K) : psd_drw has 20462 polygons
2026-03-18 18:18:41 +0100: Memory Usage (497552K) : nldb_drw has 0 polygons
2026-03-18 18:18:41 +0100: Memory Usage (497552K) : digibnd_drw has 0 polygons
2026-03-18 18:18:41 +0100: Memory Usage (497552K) : via1_drw has 54122 polygons
2026-03-18 18:18:41 +0100: Memory Usage (497552K) : backmetal1_drw has 0 polygons
2026-03-18 18:18:41 +0100: Memory Usage (497552K) : backmetal1_pin has 0 polygons
2026-03-18 18:18:41 +0100: Memory Usage (497552K) : backmetal1_mask has 0 polygons
2026-03-18 18:18:41 +0100: Memory Usage (497552K) : backmetal1_filler has 0 polygons
2026-03-18 18:18:41 +0100: Memory Usage (497552K) : backmetal1_nofill has 0 polygons
2026-03-18 18:18:41 +0100: Memory Usage (497552K) : backmetal1_slit has 0 polygons
2026-03-18 18:18:41 +0100: Memory Usage (497552K) : backmetal1_text has 0 polygons
2026-03-18 18:18:41 +0100: Memory Usage (497552K) : backmetal1_opc has 0 polygons
2026-03-18 18:18:41 +0100: Memory Usage (497552K) : backmetal1_noqrc has 0 polygons
2026-03-18 18:18:41 +0100: Memory Usage (497552K) : backmetal1_res has 0 polygons
2026-03-18 18:18:41 +0100: Memory Usage (497552K) : backmetal1_iprobe has 0 polygons
2026-03-18 18:18:41 +0100: Memory Usage (497552K) : backmetal1_diffprb has 0 polygons
2026-03-18 18:18:41 +0100: Memory Usage (497552K) : backpassiv_drw has 0 polygons
2026-03-18 18:18:41 +0100: Memory Usage (497552K) : res_drw has 0 polygons
2026-03-18 18:18:41 +0100: Memory Usage (497552K) : sram_drw has 0 polygons
2026-03-18 18:18:41 +0100: Memory Usage (497552K) : trans_drw has 0 polygons
2026-03-18 18:18:41 +0100: Memory Usage (497552K) : ind_drw has 0 polygons
2026-03-18 18:18:41 +0100: Memory Usage (497552K) : ind_pin has 0 polygons
2026-03-18 18:18:41 +0100: Memory Usage (497552K) : ind_text has 0 polygons
2026-03-18 18:18:41 +0100: Memory Usage (497552K) : salblock_drw has 17 polygons
2026-03-18 18:18:41 +0100: Memory Usage (497552K) : via2_drw has 79413 polygons
2026-03-18 18:18:41 +0100: Memory Usage (497552K) : metal3_drw has 8811 polygons
2026-03-18 18:18:41 +0100: Memory Usage (497552K) : metal3_pin has 420 polygons
2026-03-18 18:18:41 +0100: Memory Usage (497552K) : metal3_mask has 0 polygons
2026-03-18 18:18:41 +0100: Memory Usage (497552K) : metal3_filler has 29063 polygons
2026-03-18 18:18:41 +0100: Memory Usage (497552K) : metal3_nofill has 0 polygons
2026-03-18 18:18:41 +0100: Memory Usage (497552K) : metal3_slit has 0 polygons
2026-03-18 18:18:41 +0100: Memory Usage (497552K) : metal3_text has 420 polygons
2026-03-18 18:18:41 +0100: Memory Usage (497552K) : metal3_opc has 0 polygons
2026-03-18 18:18:41 +0100: Memory Usage (497552K) : metal3_noqrc has 0 polygons
2026-03-18 18:18:41 +0100: Memory Usage (497552K) : metal3_res has 0 polygons
2026-03-18 18:18:41 +0100: Memory Usage (497552K) : metal3_iprobe has 0 polygons
2026-03-18 18:18:41 +0100: Memory Usage (497552K) : metal3_diffprb has 0 polygons
2026-03-18 18:18:41 +0100: Memory Usage (497552K) : nwell_drw has 10406 polygons
2026-03-18 18:18:41 +0100: Memory Usage (497552K) : nwell_pin has 0 polygons
2026-03-18 18:18:41 +0100: Memory Usage (497552K) : nbulay_drw has 0 polygons
2026-03-18 18:18:41 +0100: Memory Usage (497552K) : nbulay_pin has 0 polygons
2026-03-18 18:18:41 +0100: Memory Usage (497552K) : nbulay_block has 0 polygons
2026-03-18 18:18:41 +0100: Memory Usage (497552K) : emwind_drw has 0 polygons
2026-03-18 18:18:41 +0100: Memory Usage (497552K) : emwind_opc has 0 polygons
2026-03-18 18:18:41 +0100: Memory Usage (497552K) : deepco_drw has 0 polygons
2026-03-18 18:18:41 +0100: Memory Usage (497552K) : deepco_drw has 0 polygons
2026-03-18 18:18:41 +0100: Memory Usage (497552K) : mim_drw has 0 polygons
2026-03-18 18:18:41 +0100: Memory Usage (497552K) : edgeseal_drw has 24 polygons
2026-03-18 18:18:41 +0100: Memory Usage (497552K) : edgeseal_bound has 1 polygons
2026-03-18 18:18:41 +0100: Memory Usage (497552K) : substrate_drw has 573 polygons
2026-03-18 18:18:41 +0100: Memory Usage (497552K) : substrate_text has 0 polygons
2026-03-18 18:18:41 +0100: Memory Usage (497552K) : dfpad_drw has 20 polygons
2026-03-18 18:18:41 +0100: Memory Usage (497552K) : dfpad_pillar has 0 polygons
2026-03-18 18:18:41 +0100: Memory Usage (497552K) : dfpad_sbump has 0 polygons
2026-03-18 18:18:41 +0100: Memory Usage (497552K) : thickgateox_drw has 65 polygons
2026-03-18 18:18:41 +0100: Memory Usage (497552K) : pldb_drw has 0 polygons
2026-03-18 18:18:41 +0100: Memory Usage (497552K) : pwell_drw has 0 polygons
2026-03-18 18:18:41 +0100: Memory Usage (497552K) : pwell_pin has 0 polygons
2026-03-18 18:18:41 +0100: Memory Usage (497552K) : pwell_block has 0 polygons
2026-03-18 18:18:41 +0100: Memory Usage (497552K) : ic_drw has 0 polygons
2026-03-18 18:18:41 +0100: Memory Usage (497552K) : via3_drw has 77937 polygons
2026-03-18 18:18:41 +0100: Memory Usage (497552K) : metal4_drw has 1787 polygons
2026-03-18 18:18:41 +0100: Memory Usage (497552K) : metal4_pin has 397 polygons
2026-03-18 18:18:41 +0100: Memory Usage (497552K) : metal4_mask has 0 polygons
2026-03-18 18:18:41 +0100: Memory Usage (497552K) : metal4_filler has 29418 polygons
2026-03-18 18:18:41 +0100: Memory Usage (497552K) : metal4_nofill has 0 polygons
2026-03-18 18:18:41 +0100: Memory Usage (497552K) : metal4_slit has 0 polygons
2026-03-18 18:18:41 +0100: Memory Usage (497552K) : metal4_text has 386 polygons
2026-03-18 18:18:41 +0100: Memory Usage (497552K) : metal4_opc has 0 polygons
2026-03-18 18:18:41 +0100: Memory Usage (497552K) : metal4_noqrc has 0 polygons
2026-03-18 18:18:41 +0100: Memory Usage (497552K) : metal4_res has 0 polygons
2026-03-18 18:18:41 +0100: Memory Usage (497552K) : metal4_iprobe has 0 polygons
2026-03-18 18:18:41 +0100: Memory Usage (497552K) : metal4_diffprb has 0 polygons
2026-03-18 18:18:41 +0100: Memory Usage (497552K) : heattrans_drw has 0 polygons
2026-03-18 18:18:41 +0100: Memory Usage (497552K) : heatres_drw has 0 polygons
2026-03-18 18:18:41 +0100: Memory Usage (497552K) : pempoly_drw has 0 polygons
2026-03-18 18:18:41 +0100: Memory Usage (497552K) : fbe_drw has 0 polygons
2026-03-18 18:18:41 +0100: Memory Usage (497552K) : empoly_drw has 0 polygons
2026-03-18 18:18:41 +0100: Memory Usage (497552K) : ldmos_drw has 0 polygons
2026-03-18 18:18:41 +0100: Memory Usage (497552K) : pbiwind_drw has 0 polygons
2026-03-18 18:18:41 +0100: Memory Usage (497552K) : digisub_drw has 0 polygons
2026-03-18 18:18:42 +0100: Memory Usage (497552K) : nodrc_drw has 0 polygons
2026-03-18 18:18:42 +0100: Memory Usage (497552K) : text_drw has 519 polygons
2026-03-18 18:18:42 +0100: Memory Usage (497552K) : via4_drw has 0 polygons
2026-03-18 18:18:42 +0100: Memory Usage (497552K) : metal5_drw has 0 polygons
2026-03-18 18:18:42 +0100: Memory Usage (497552K) : metal5_pin has 0 polygons
2026-03-18 18:18:42 +0100: Memory Usage (497552K) : metal5_mask has 0 polygons
2026-03-18 18:18:42 +0100: Memory Usage (497552K) : metal5_filler has 0 polygons
2026-03-18 18:18:42 +0100: Memory Usage (497552K) : metal5_nofill has 0 polygons
2026-03-18 18:18:42 +0100: Memory Usage (497552K) : metal5_slit has 0 polygons
2026-03-18 18:18:42 +0100: Memory Usage (497552K) : metal5_text has 0 polygons
2026-03-18 18:18:42 +0100: Memory Usage (497552K) : metal5_opc has 0 polygons
2026-03-18 18:18:42 +0100: Memory Usage (497552K) : metal5_noqrc has 0 polygons
2026-03-18 18:18:42 +0100: Memory Usage (497552K) : metal5_res has 0 polygons
2026-03-18 18:18:42 +0100: Memory Usage (497552K) : metal5_iprobe has 0 polygons
2026-03-18 18:18:42 +0100: Memory Usage (497552K) : metal5_diffprb has 0 polygons
2026-03-18 18:18:42 +0100: Memory Usage (497552K) : radhard_drw has 0 polygons
2026-03-18 18:18:42 +0100: Memory Usage (497552K) : memcap_drw has 0 polygons
2026-03-18 18:18:42 +0100: Memory Usage (497552K) : varicap_drw has 0 polygons
2026-03-18 18:18:42 +0100: Memory Usage (497552K) : flash_drw has 0 polygons
2026-03-18 18:18:42 +0100: Memory Usage (497552K) : intbondvia_drw has 0 polygons
2026-03-18 18:18:42 +0100: Memory Usage (497552K) : intbondmet_drw has 0 polygons
2026-03-18 18:18:42 +0100: Memory Usage (497552K) : devbondvia_drw has 0 polygons
2026-03-18 18:18:42 +0100: Memory Usage (497552K) : devbondmet_drw has 0 polygons
2026-03-18 18:18:42 +0100: Memory Usage (497552K) : devtrench_drw has 0 polygons
2026-03-18 18:18:42 +0100: Memory Usage (497552K) : redist_drw has 0 polygons
2026-03-18 18:18:42 +0100: Memory Usage (497552K) : graphbot_drw has 0 polygons
2026-03-18 18:18:42 +0100: Memory Usage (497552K) : graphtop_drw has 0 polygons
2026-03-18 18:18:42 +0100: Memory Usage (497552K) : antvia1_drw has 0 polygons
2026-03-18 18:18:42 +0100: Memory Usage (497552K) : antmetal2_drw has 0 polygons
2026-03-18 18:18:42 +0100: Memory Usage (497552K) : graphcont_drw has 0 polygons
2026-03-18 18:18:42 +0100: Memory Usage (497552K) : siwg_drw has 0 polygons
2026-03-18 18:18:42 +0100: Memory Usage (497552K) : siwg_filler has 0 polygons
2026-03-18 18:18:42 +0100: Memory Usage (497552K) : siwg_nofill has 0 polygons
2026-03-18 18:18:42 +0100: Memory Usage (497552K) : sigrating_drw has 0 polygons
2026-03-18 18:18:42 +0100: Memory Usage (497552K) : singrating_drw has 0 polygons
2026-03-18 18:18:42 +0100: Memory Usage (497552K) : graphpas_drw has 0 polygons
2026-03-18 18:18:42 +0100: Memory Usage (497552K) : emwind3_drw has 0 polygons
2026-03-18 18:18:42 +0100: Memory Usage (497552K) : emwihv3_drw has 0 polygons
2026-03-18 18:18:42 +0100: Memory Usage (497552K) : redbulay_drw has 0 polygons
2026-03-18 18:18:42 +0100: Memory Usage (497552K) : smos_drw has 0 polygons
2026-03-18 18:18:42 +0100: Memory Usage (497552K) : graphpad_drw has 0 polygons
2026-03-18 18:18:42 +0100: Memory Usage (497552K) : polimide_drw has 0 polygons
2026-03-18 18:18:42 +0100: Memory Usage (497552K) : polimide_pin has 0 polygons
2026-03-18 18:18:42 +0100: Memory Usage (497552K) : recog_drw has 0 polygons
2026-03-18 18:18:42 +0100: Memory Usage (497552K) : recog_pin has 0 polygons
2026-03-18 18:18:42 +0100: Memory Usage (497552K) : recog_esd has 0 polygons
2026-03-18 18:18:42 +0100: Memory Usage (497552K) : recog_diode has 130 polygons
2026-03-18 18:18:42 +0100: Memory Usage (497552K) : recog_tsv has 0 polygons
2026-03-18 18:18:42 +0100: Memory Usage (497552K) : recog_iprobe has 0 polygons
2026-03-18 18:18:42 +0100: Memory Usage (497552K) : recog_diffprb has 0 polygons
2026-03-18 18:18:42 +0100: Memory Usage (497552K) : recog_pillar has 0 polygons
2026-03-18 18:18:42 +0100: Memory Usage (497552K) : recog_sbump has 0 polygons
2026-03-18 18:18:42 +0100: Memory Usage (497552K) : recog_otp has 0 polygons
2026-03-18 18:18:42 +0100: Memory Usage (497552K) : recog_pdiode has 0 polygons
2026-03-18 18:18:42 +0100: Memory Usage (497552K) : recog_mom has 0 polygons
2026-03-18 18:18:42 +0100: Memory Usage (497552K) : recog_pcm has 0 polygons
2026-03-18 18:18:42 +0100: Memory Usage (497552K) : colopen_drw has 0 polygons
2026-03-18 18:18:42 +0100: Memory Usage (497552K) : graphmetal1_drw has 0 polygons
2026-03-18 18:18:42 +0100: Memory Usage (497552K) : graphmetal1_filler has 0 polygons
2026-03-18 18:18:42 +0100: Memory Usage (497552K) : graphmetal1_nofill has 0 polygons
2026-03-18 18:18:42 +0100: Memory Usage (497552K) : graphmetal1_slit has 0 polygons
2026-03-18 18:18:42 +0100: Memory Usage (497552K) : graphmetal1_opc has 0 polygons
2026-03-18 18:18:42 +0100: Memory Usage (497552K) : graphmet1l_drw has 0 polygons
2026-03-18 18:18:42 +0100: Memory Usage (497552K) : graphmet1l_filler has 0 polygons
2026-03-18 18:18:42 +0100: Memory Usage (497552K) : graphmet1l_nofill has 0 polygons
2026-03-18 18:18:42 +0100: Memory Usage (497552K) : graphmet1l_slit has 0 polygons
2026-03-18 18:18:42 +0100: Memory Usage (497552K) : graphmet1l_opc has 0 polygons
2026-03-18 18:18:42 +0100: Memory Usage (497552K) : extblock_drw has 17 polygons
2026-03-18 18:18:42 +0100: Memory Usage (497552K) : nldd_drw has 0 polygons
2026-03-18 18:18:42 +0100: Memory Usage (497552K) : pldd_drw has 0 polygons
2026-03-18 18:18:42 +0100: Memory Usage (497552K) : next_drw has 0 polygons
2026-03-18 18:18:42 +0100: Memory Usage (497552K) : pext_drw has 0 polygons
2026-03-18 18:18:42 +0100: Memory Usage (497552K) : nexthv_drw has 0 polygons
2026-03-18 18:18:42 +0100: Memory Usage (497552K) : pexthv_drw has 0 polygons
2026-03-18 18:18:42 +0100: Memory Usage (497552K) : graphgate_drw has 0 polygons
2026-03-18 18:18:42 +0100: Memory Usage (497552K) : sinwg_drw has 0 polygons
2026-03-18 18:18:42 +0100: Memory Usage (497552K) : sinwg_filler has 0 polygons
2026-03-18 18:18:42 +0100: Memory Usage (497552K) : sinwg_nofill has 0 polygons
2026-03-18 18:18:42 +0100: Memory Usage (497552K) : mempad_drw has 0 polygons
2026-03-18 18:18:42 +0100: Memory Usage (497552K) : topvia1_drw has 56315 polygons
2026-03-18 18:18:42 +0100: Memory Usage (497552K) : topmetal1_drw has 598 polygons
2026-03-18 18:18:42 +0100: Memory Usage (497552K) : topmetal1_pin has 341 polygons
2026-03-18 18:18:42 +0100: Memory Usage (497552K) : topmetal1_mask has 0 polygons
2026-03-18 18:18:42 +0100: Memory Usage (497552K) : topmetal1_filler has 367 polygons
2026-03-18 18:18:42 +0100: Memory Usage (497552K) : topmetal1_nofill has 1 polygons
2026-03-18 18:18:42 +0100: Memory Usage (497552K) : topmetal1_slit has 0 polygons
2026-03-18 18:18:42 +0100: Memory Usage (497552K) : topmetal1_text has 293 polygons
2026-03-18 18:18:42 +0100: Memory Usage (497552K) : topmetal1_noqrc has 0 polygons
2026-03-18 18:18:42 +0100: Memory Usage (497552K) : topmetal1_res has 0 polygons
2026-03-18 18:18:42 +0100: Memory Usage (497552K) : topmetal1_iprobe has 0 polygons
2026-03-18 18:18:42 +0100: Memory Usage (497552K) : topmetal1_diffprb has 0 polygons
2026-03-18 18:18:42 +0100: Memory Usage (497552K) : inldpwl_drw has 0 polygons
2026-03-18 18:18:42 +0100: Memory Usage (497552K) : polyres_drw has 0 polygons
2026-03-18 18:18:42 +0100: Memory Usage (497552K) : polyres_pin has 0 polygons
2026-03-18 18:18:42 +0100: Memory Usage (497552K) : vmim_drw has 0 polygons
2026-03-18 18:18:42 +0100: Memory Usage (497552K) : nbulaycut_drw has 0 polygons
2026-03-18 18:18:42 +0100: Memory Usage (497552K) : antmetal1_drw has 0 polygons
2026-03-18 18:18:42 +0100: Memory Usage (497552K) : topvia2_drw has 0 polygons
2026-03-18 18:18:42 +0100: Memory Usage (497552K) : topmetal2_drw has 0 polygons
2026-03-18 18:18:42 +0100: Memory Usage (497552K) : topmetal2_pin has 0 polygons
2026-03-18 18:18:42 +0100: Memory Usage (497552K) : topmetal2_mask has 0 polygons
2026-03-18 18:18:42 +0100: Memory Usage (497552K) : topmetal2_filler has 0 polygons
2026-03-18 18:18:42 +0100: Memory Usage (497552K) : topmetal2_nofill has 0 polygons
2026-03-18 18:18:42 +0100: Memory Usage (497552K) : topmetal2_slit has 0 polygons
2026-03-18 18:18:42 +0100: Memory Usage (497552K) : topmetal2_text has 0 polygons
2026-03-18 18:18:42 +0100: Memory Usage (497552K) : topmetal2_noqrc has 0 polygons
2026-03-18 18:18:42 +0100: Memory Usage (497552K) : topmetal2_res has 0 polygons
2026-03-18 18:18:42 +0100: Memory Usage (497552K) : topmetal2_iprobe has 0 polygons
2026-03-18 18:18:42 +0100: Memory Usage (497552K) : topmetal2_diffprb has 0 polygons
2026-03-18 18:18:42 +0100: Memory Usage (497552K) : snsring_drw has 0 polygons
2026-03-18 18:18:42 +0100: Memory Usage (497552K) : sensor_drw has 0 polygons
2026-03-18 18:18:42 +0100: Memory Usage (497552K) : snsarms_drw has 0 polygons
2026-03-18 18:18:42 +0100: Memory Usage (497552K) : snscmosvia_drw has 0 polygons
2026-03-18 18:18:42 +0100: Memory Usage (497552K) : colwind_drw has 0 polygons
2026-03-18 18:18:42 +0100: Memory Usage (497552K) : flm_drw has 0 polygons
2026-03-18 18:18:42 +0100: Memory Usage (497552K) : hafniumox_drw has 0 polygons
2026-03-18 18:18:42 +0100: Memory Usage (497552K) : memvia_drw has 0 polygons
2026-03-18 18:18:42 +0100: Memory Usage (497552K) : thinfilmres_drw has 0 polygons
2026-03-18 18:18:42 +0100: Memory Usage (497552K) : rfmem_drw has 0 polygons
2026-03-18 18:18:42 +0100: Memory Usage (497552K) : norcx_drw has 0 polygons
2026-03-18 18:18:42 +0100: Memory Usage (497552K) : norcx_m2m3 has 0 polygons
2026-03-18 18:18:42 +0100: Memory Usage (497552K) : norcx_m2m4 has 0 polygons
2026-03-18 18:18:42 +0100: Memory Usage (497552K) : norcx_m2m5 has 0 polygons
2026-03-18 18:18:42 +0100: Memory Usage (497552K) : norcx_m2tm1 has 0 polygons
2026-03-18 18:18:42 +0100: Memory Usage (497552K) : norcx_m2tm2 has 0 polygons
2026-03-18 18:18:42 +0100: Memory Usage (497552K) : norcx_m3m4 has 0 polygons
2026-03-18 18:18:42 +0100: Memory Usage (497552K) : norcx_m3m5 has 0 polygons
2026-03-18 18:18:42 +0100: Memory Usage (497552K) : norcx_m3tm1 has 0 polygons
2026-03-18 18:18:42 +0100: Memory Usage (497552K) : norcx_m3tm2 has 0 polygons
2026-03-18 18:18:42 +0100: Memory Usage (497552K) : norcx_m4m5 has 0 polygons
2026-03-18 18:18:42 +0100: Memory Usage (497552K) : norcx_m4tm1 has 0 polygons
2026-03-18 18:18:42 +0100: Memory Usage (497552K) : norcx_m4tm2 has 0 polygons
2026-03-18 18:18:42 +0100: Memory Usage (497552K) : norcx_m5tm1 has 0 polygons
2026-03-18 18:18:42 +0100: Memory Usage (497552K) : norcx_m5tm2 has 0 polygons
2026-03-18 18:18:42 +0100: Memory Usage (497552K) : norcx_tm1tm2 has 0 polygons
2026-03-18 18:18:42 +0100: Memory Usage (497552K) : norcx_m1sub has 0 polygons
2026-03-18 18:18:42 +0100: Memory Usage (497552K) : norcx_m2sub has 0 polygons
2026-03-18 18:18:42 +0100: Memory Usage (497552K) : norcx_m3sub has 0 polygons
2026-03-18 18:18:42 +0100: Memory Usage (497552K) : norcx_m4sub has 0 polygons
2026-03-18 18:18:42 +0100: Memory Usage (497552K) : norcx_m5sub has 0 polygons
2026-03-18 18:18:42 +0100: Memory Usage (497552K) : norcx_tm1sub has 0 polygons
2026-03-18 18:18:42 +0100: Memory Usage (497552K) : norcx_tm2sub has 0 polygons
2026-03-18 18:18:42 +0100: Memory Usage (497552K) : snsbotvia_drw has 0 polygons
2026-03-18 18:18:42 +0100: Memory Usage (497552K) : snstopvia_drw has 0 polygons
2026-03-18 18:18:42 +0100: Memory Usage (497552K) : deepvia_drw has 0 polygons
2026-03-18 18:18:42 +0100: Memory Usage (497552K) : fgetch_drw has 0 polygons
2026-03-18 18:18:42 +0100: Memory Usage (497552K) : ctrgat_drw has 0 polygons
2026-03-18 18:18:42 +0100: Memory Usage (497552K) : fgimp_drw has 0 polygons
2026-03-18 18:18:42 +0100: Memory Usage (497552K) : emwihv_drw has 0 polygons
2026-03-18 18:18:42 +0100: Memory Usage (497552K) : lbe_drw has 0 polygons
2026-03-18 18:18:42 +0100: Memory Usage (497552K) : alcustop_drw has 0 polygons
2026-03-18 18:18:42 +0100: Memory Usage (497552K) : nometfiller_drw has 0 polygons
2026-03-18 18:18:42 +0100: Memory Usage (497552K) : prboundary_drw has 0 polygons
2026-03-18 18:18:42 +0100: Memory Usage (497552K) : exchange0_drw has 0 polygons
2026-03-18 18:18:42 +0100: Memory Usage (497552K) : exchange0_pin has 0 polygons
2026-03-18 18:18:42 +0100: Memory Usage (497552K) : exchange0_text has 0 polygons
2026-03-18 18:18:42 +0100: Memory Usage (497552K) : exchange1_drw has 0 polygons
2026-03-18 18:18:42 +0100: Memory Usage (497552K) : exchange1_pin has 0 polygons
2026-03-18 18:18:42 +0100: Memory Usage (497552K) : exchange1_text has 0 polygons
2026-03-18 18:18:42 +0100: Memory Usage (497552K) : exchange2_drw has 0 polygons
2026-03-18 18:18:42 +0100: Memory Usage (497552K) : exchange2_pin has 0 polygons
2026-03-18 18:18:42 +0100: Memory Usage (497552K) : exchange2_text has 0 polygons
2026-03-18 18:18:42 +0100: Memory Usage (497552K) : exchange3_drw has 0 polygons
2026-03-18 18:18:42 +0100: Memory Usage (497552K) : exchange3_pin has 0 polygons
2026-03-18 18:18:42 +0100: Memory Usage (497552K) : exchange3_text has 0 polygons
2026-03-18 18:18:42 +0100: Memory Usage (497552K) : exchange4_drw has 0 polygons
2026-03-18 18:18:42 +0100: Memory Usage (497552K) : exchange4_pin has 0 polygons
2026-03-18 18:18:42 +0100: Memory Usage (497552K) : exchange4_text has 0 polygons
2026-03-18 18:18:42 +0100: Memory Usage (497552K) : isonwell_drw has 0 polygons
2026-03-18 18:18:42 +0100: Memory Usage (497552K) : Total no. of polygons in the design is 3258851
2026-03-18 18:18:42 +0100: Memory Usage (497680K) : Loaded TECH DRC rules values from /home/daniel/work/aesc/i2c-gpio-expander/pdks/IHP-Open-PDK/ihp-sg13cmos5l/libs.tech/klayout/python/sg13cmos5l_pycell_lib/sg13cmos5l_tech_mod.json
2026-03-18 18:18:42 +0100: Memory Usage (497680K) : Loaded default DRC rules values from /home/daniel/work/aesc/i2c-gpio-expander/pdks/IHP-Open-PDK/ihp-sg13cmos5l/libs.tech/klayout/tech/drc/rule_decks/sg13cmos5l_tech_default.json
2026-03-18 18:18:42 +0100: Memory Usage (498592K) : Total area of the design is 1103634.2016 um^2.
2026-03-18 18:18:42 +0100: Memory Usage (498592K) : The design dimensions are 1050.84 um * 1050.24 um.
2026-03-18 18:18:42 +0100: Memory Usage (498592K) : Starting general IHP-SG13CMOS5L derivations.
2026-03-18 18:18:42 +0100: Memory Usage (498592K) : Starting Pwell derivations
2026-03-18 18:18:43 +0100: Memory Usage (507620K) : Starting IHP-SG13CMOS5L DRC rules.
2026-03-18 18:18:43 +0100: Memory Usage (507620K) : Starting 3.1. offgrid table
2026-03-18 18:18:43 +0100: Memory Usage (507620K) : Executing rule activ_drw_Offgrid
2026-03-18 18:18:44 +0100: Memory Usage (511100K) : Executing rule activ_pin_Offgrid
2026-03-18 18:18:44 +0100: Memory Usage (511100K) : Executing rule activ_mask_Offgrid
2026-03-18 18:18:44 +0100: Memory Usage (511100K) : Executing rule activ_filler_Offgrid
2026-03-18 18:18:44 +0100: Memory Usage (520956K) : Executing rule activ_nofill_Offgrid
2026-03-18 18:18:45 +0100: Memory Usage (520956K) : Executing rule activ_opc_Offgrid
2026-03-18 18:18:45 +0100: Memory Usage (520956K) : Executing rule activ_iopc_Offgrid
2026-03-18 18:18:45 +0100: Memory Usage (520956K) : Executing rule activ_noqrc_Offgrid
2026-03-18 18:18:45 +0100: Memory Usage (520956K) : Executing rule gatpoly_drw_Offgrid
2026-03-18 18:18:45 +0100: Memory Usage (520956K) : Executing rule gatpoly_pin_Offgrid
2026-03-18 18:18:45 +0100: Memory Usage (520956K) : Executing rule gatpoly_filler_Offgrid
2026-03-18 18:18:45 +0100: Memory Usage (520956K) : Executing rule gatpoly_nofill_Offgrid
2026-03-18 18:18:46 +0100: Memory Usage (520956K) : Executing rule gatpoly_opc_Offgrid
2026-03-18 18:18:46 +0100: Memory Usage (520956K) : Executing rule gatpoly_iopc_Offgrid
2026-03-18 18:18:46 +0100: Memory Usage (520956K) : Executing rule gatpoly_noqrc_Offgrid
2026-03-18 18:18:46 +0100: Memory Usage (520956K) : Executing rule cont_drw_Offgrid
2026-03-18 18:19:04 +0100: Memory Usage (769564K) : Executing rule cont_opc_Offgrid
2026-03-18 18:19:04 +0100: Memory Usage (769564K) : Executing rule nsd_drw_Offgrid
2026-03-18 18:19:05 +0100: Memory Usage (769564K) : Executing rule nsd_block_Offgrid
2026-03-18 18:19:05 +0100: Memory Usage (769564K) : Executing rule metal1_drw_Offgrid
2026-03-18 18:19:06 +0100: Memory Usage (769564K) : Executing rule metal1_pin_Offgrid
2026-03-18 18:19:07 +0100: Memory Usage (769564K) : Executing rule metal1_mask_Offgrid
2026-03-18 18:19:07 +0100: Memory Usage (769564K) : Executing rule metal1_filler_Offgrid
2026-03-18 18:19:09 +0100: Memory Usage (781208K) : Executing rule metal1_nofill_Offgrid
2026-03-18 18:19:09 +0100: Memory Usage (781208K) : Executing rule metal1_slit_Offgrid
2026-03-18 18:19:09 +0100: Memory Usage (781208K) : Executing rule metal1_opc_Offgrid
2026-03-18 18:19:09 +0100: Memory Usage (781208K) : Executing rule metal1_noqrc_Offgrid
2026-03-18 18:19:09 +0100: Memory Usage (781208K) : Executing rule metal1_res_Offgrid
2026-03-18 18:19:10 +0100: Memory Usage (781208K) : Executing rule metal1_iprobe_Offgrid
2026-03-18 18:19:10 +0100: Memory Usage (781208K) : Executing rule metal1_diffprb_Offgrid
2026-03-18 18:19:10 +0100: Memory Usage (781208K) : Executing rule passiv_drw_Offgrid
2026-03-18 18:19:10 +0100: Memory Usage (781208K) : Executing rule passiv_pin_Offgrid
2026-03-18 18:19:10 +0100: Memory Usage (781208K) : Executing rule passiv_pillar_Offgrid
2026-03-18 18:19:10 +0100: Memory Usage (781208K) : Executing rule passiv_sbump_Offgrid
2026-03-18 18:19:10 +0100: Memory Usage (781208K) : Executing rule passiv_pdl_Offgrid
2026-03-18 18:19:10 +0100: Memory Usage (781208K) : Executing rule metal2_drw_Offgrid
2026-03-18 18:19:10 +0100: Memory Usage (778596K) : Executing rule metal2_pin_Offgrid
2026-03-18 18:19:10 +0100: Memory Usage (778596K) : Executing rule metal2_mask_Offgrid
2026-03-18 18:19:10 +0100: Memory Usage (778596K) : Executing rule metal2_filler_Offgrid
2026-03-18 18:19:15 +0100: Memory Usage (787200K) : Executing rule metal2_nofill_Offgrid
2026-03-18 18:19:15 +0100: Memory Usage (787200K) : Executing rule metal2_slit_Offgrid
2026-03-18 18:19:15 +0100: Memory Usage (787200K) : Executing rule metal2_opc_Offgrid
2026-03-18 18:19:15 +0100: Memory Usage (787200K) : Executing rule metal2_noqrc_Offgrid
2026-03-18 18:19:15 +0100: Memory Usage (787200K) : Executing rule metal2_res_Offgrid
2026-03-18 18:19:15 +0100: Memory Usage (787200K) : Executing rule metal2_iprobe_Offgrid
2026-03-18 18:19:15 +0100: Memory Usage (787200K) : Executing rule metal2_diffprb_Offgrid
2026-03-18 18:19:15 +0100: Memory Usage (787200K) : Executing rule psd_drw_Offgrid
2026-03-18 18:19:15 +0100: Memory Usage (784852K) : Executing rule via1_drw_Offgrid
2026-03-18 18:19:16 +0100: Memory Usage (784852K) : Executing rule salblock_drw_Offgrid
2026-03-18 18:19:16 +0100: Memory Usage (784852K) : Executing rule via2_drw_Offgrid
2026-03-18 18:19:16 +0100: Memory Usage (783188K) : Executing rule metal3_drw_Offgrid
2026-03-18 18:19:17 +0100: Memory Usage (782932K) : Executing rule metal3_pin_Offgrid
2026-03-18 18:19:17 +0100: Memory Usage (782932K) : Executing rule metal3_mask_Offgrid
2026-03-18 18:19:17 +0100: Memory Usage (782932K) : Executing rule metal3_filler_Offgrid
2026-03-18 18:19:17 +0100: Memory Usage (782932K) : Executing rule metal3_nofill_Offgrid
2026-03-18 18:19:17 +0100: Memory Usage (782932K) : Executing rule metal3_slit_Offgrid
2026-03-18 18:19:17 +0100: Memory Usage (782932K) : Executing rule metal3_opc_Offgrid
2026-03-18 18:19:17 +0100: Memory Usage (782932K) : Executing rule metal3_noqrc_Offgrid
2026-03-18 18:19:17 +0100: Memory Usage (782932K) : Executing rule metal3_res_Offgrid
2026-03-18 18:19:17 +0100: Memory Usage (782932K) : Executing rule metal3_iprobe_Offgrid
2026-03-18 18:19:17 +0100: Memory Usage (782932K) : Executing rule metal3_diffprb_Offgrid
2026-03-18 18:19:17 +0100: Memory Usage (782932K) : Executing rule nwell_drw_Offgrid
2026-03-18 18:19:17 +0100: Memory Usage (781396K) : Executing rule nwell_pin_Offgrid
2026-03-18 18:19:17 +0100: Memory Usage (781396K) : Executing rule pwell_drw_Offgrid
2026-03-18 18:19:18 +0100: Memory Usage (781396K) : Executing rule pwell_pin_Offgrid
2026-03-18 18:19:18 +0100: Memory Usage (781396K) : Executing rule pwell_block_Offgrid
2026-03-18 18:19:18 +0100: Memory Usage (781396K) : Executing rule substrate_drw_Offgrid
2026-03-18 18:19:18 +0100: Memory Usage (781396K) : Executing rule via3_drw_Offgrid
2026-03-18 18:19:18 +0100: Memory Usage (781140K) : Executing rule metal4_drw_Offgrid
2026-03-18 18:19:18 +0100: Memory Usage (781140K) : Executing rule metal4_pin_Offgrid
2026-03-18 18:19:18 +0100: Memory Usage (781140K) : Executing rule metal4_mask_Offgrid
2026-03-18 18:19:18 +0100: Memory Usage (781140K) : Executing rule metal4_filler_Offgrid
2026-03-18 18:19:19 +0100: Memory Usage (780628K) : Executing rule metal4_nofill_Offgrid
2026-03-18 18:19:19 +0100: Memory Usage (780628K) : Executing rule metal4_slit_Offgrid
2026-03-18 18:19:19 +0100: Memory Usage (780628K) : Executing rule metal4_opc_Offgrid
2026-03-18 18:19:19 +0100: Memory Usage (780628K) : Executing rule metal4_noqrc_Offgrid
2026-03-18 18:19:19 +0100: Memory Usage (780628K) : Executing rule metal4_res_Offgrid
2026-03-18 18:19:19 +0100: Memory Usage (780628K) : Executing rule metal4_iprobe_Offgrid
2026-03-18 18:19:19 +0100: Memory Usage (780628K) : Executing rule metal4_diffprb_Offgrid
2026-03-18 18:19:19 +0100: Memory Usage (780628K) : Executing rule topvia1_drw_Offgrid
2026-03-18 18:19:19 +0100: Memory Usage (780372K) : Executing rule topmetal1_drw_Offgrid
2026-03-18 18:19:19 +0100: Memory Usage (780372K) : Executing rule topmetal1_pin_Offgrid
2026-03-18 18:19:19 +0100: Memory Usage (780372K) : Executing rule topmetal1_mask_Offgrid
2026-03-18 18:19:19 +0100: Memory Usage (780372K) : Executing rule topmetal1_filler_Offgrid
2026-03-18 18:19:19 +0100: Memory Usage (780372K) : Executing rule topmetal1_nofill_Offgrid
2026-03-18 18:19:19 +0100: Memory Usage (780372K) : Executing rule topmetal1_slit_Offgrid
2026-03-18 18:19:19 +0100: Memory Usage (780372K) : Executing rule topmetal1_noqrc_Offgrid
2026-03-18 18:19:19 +0100: Memory Usage (780372K) : Executing rule topmetal1_res_Offgrid
2026-03-18 18:19:19 +0100: Memory Usage (780372K) : Executing rule topmetal1_iprobe_Offgrid
2026-03-18 18:19:19 +0100: Memory Usage (780372K) : Executing rule topmetal1_diffprb_Offgrid
2026-03-18 18:19:19 +0100: Memory Usage (780372K) : Executing rule thickgateox_drw_Offgrid
2026-03-18 18:19:19 +0100: Memory Usage (780372K) : Executing rule polyres_drw_Offgrid
2026-03-18 18:19:19 +0100: Memory Usage (780372K) : Executing rule polyres_pin_Offgrid
2026-03-18 18:19:19 +0100: Memory Usage (780372K) : Executing rule antmetal1_drw_Offgrid
2026-03-18 18:19:19 +0100: Memory Usage (780372K) : Executing rule thinfilmres_drw_Offgrid
2026-03-18 18:19:19 +0100: Memory Usage (780372K) : Executing rule lbe_drw_Offgrid
2026-03-18 18:19:19 +0100: Memory Usage (780372K) : Executing rule prboundary_drw_Offgrid
2026-03-18 18:19:19 +0100: Memory Usage (780372K) : KLayout DRC run for tables 'offgrid' completed in 41.67 seconds
