# Logfile created on 2026-03-18 18:18:38 +0100 by logger.rb/v1.5.3
2026-03-18 18:18:38 +0100: Memory Usage (426112K) : Starting running IHP-SG13CMOS5L KLayout DRC runset on /home/daniel/work/aesc/i2c-gpio-expander/build/I2cGpioExpander/SG13CMOS5L/orfs/results/ihp-sg13cmos5l/SG13CMOS5LTop/base/6_final.gds
2026-03-18 18:18:38 +0100: Memory Usage (426112K) : Ruby Version for klayout: 3.2.3
2026-03-18 18:18:39 +0100: Memory Usage (466900K) : Loading database to memory is complete.
2026-03-18 18:18:39 +0100: Memory Usage (466900K) : IHP-SG13CMOS5L KLayout DRC runset output at: /home/daniel/work/aesc/i2c-gpio-expander/build/I2cGpioExpander/SG13CMOS5L/drc/6_final_SG13CMOS5LTop_angle.lyrdb
2026-03-18 18:18:39 +0100: Memory Usage (467028K) : Evaluate switches.
2026-03-18 18:18:39 +0100: Memory Usage (467028K) : tables selected: angle
2026-03-18 18:18:39 +0100: Memory Usage (467028K) : KLayout will use 16 thread(s) in tiled mode.
2026-03-18 18:18:39 +0100: Memory Usage (467028K) : deep mode is enabled.
2026-03-18 18:18:39 +0100: Memory Usage (467028K) : FEOL enabled: false
2026-03-18 18:18:39 +0100: Memory Usage (467028K) : BEOL enabled: false
2026-03-18 18:18:39 +0100: Memory Usage (467028K) : OFFGRID enabled: true
2026-03-18 18:18:39 +0100: Memory Usage (467028K) : ANGLE enabled: true
2026-03-18 18:18:39 +0100: Memory Usage (467028K) : PIN enabled: false
2026-03-18 18:18:39 +0100: Memory Usage (467028K) : FORBIDDEN enabled: false
2026-03-18 18:18:39 +0100: Memory Usage (467028K) : RECOMMENDED enabled: false
2026-03-18 18:18:39 +0100: Memory Usage (467028K) : PreCheck DRC enabled: false
2026-03-18 18:18:39 +0100: Memory Usage (467028K) : CONNECTIVITY_RULES enabled: false.
2026-03-18 18:18:39 +0100: Memory Usage (467028K) : Read in polygons from layers.
2026-03-18 18:18:39 +0100: Memory Usage (468948K) : activ_drw has 42142 polygons
2026-03-18 18:18:39 +0100: Memory Usage (468948K) : activ_pin has 0 polygons
2026-03-18 18:18:39 +0100: Memory Usage (468948K) : activ_mask has 0 polygons
2026-03-18 18:18:39 +0100: Memory Usage (468948K) : activ_filler has 15649 polygons
2026-03-18 18:18:39 +0100: Memory Usage (469204K) : activ_nofill has 0 polygons
2026-03-18 18:18:39 +0100: Memory Usage (469204K) : activ_opc has 0 polygons
2026-03-18 18:18:39 +0100: Memory Usage (469204K) : activ_iopc has 0 polygons
2026-03-18 18:18:39 +0100: Memory Usage (469204K) : activ_noqrc has 0 polygons
2026-03-18 18:18:39 +0100: Memory Usage (469204K) : biwind_drw has 0 polygons
2026-03-18 18:18:39 +0100: Memory Usage (469204K) : biwind_opc has 0 polygons
2026-03-18 18:18:39 +0100: Memory Usage (469204K) : pemwind_drw has 0 polygons
2026-03-18 18:18:39 +0100: Memory Usage (469204K) : gatpoly_drw has 34759 polygons
2026-03-18 18:18:39 +0100: Memory Usage (469204K) : gatpoly_pin has 0 polygons
2026-03-18 18:18:39 +0100: Memory Usage (469460K) : gatpoly_filler has 15254 polygons
2026-03-18 18:18:39 +0100: Memory Usage (469716K) : gatpoly_nofill has 0 polygons
2026-03-18 18:18:39 +0100: Memory Usage (469716K) : gatpoly_opc has 0 polygons
2026-03-18 18:18:39 +0100: Memory Usage (469716K) : gatpoly_iopc has 0 polygons
2026-03-18 18:18:39 +0100: Memory Usage (469716K) : gatpoly_noqrc has 0 polygons
2026-03-18 18:18:40 +0100: Memory Usage (481620K) : cont_drw has 2083278 polygons
2026-03-18 18:18:40 +0100: Memory Usage (481620K) : cont_opc has 0 polygons
2026-03-18 18:18:40 +0100: Memory Usage (481620K) : nsd_drw has 0 polygons
2026-03-18 18:18:40 +0100: Memory Usage (481620K) : nsd_block has 0 polygons
2026-03-18 18:18:40 +0100: Memory Usage (481748K) : metal1_drw has 51579 polygons
2026-03-18 18:18:40 +0100: Memory Usage (481748K) : metal1_pin has 24361 polygons
2026-03-18 18:18:40 +0100: Memory Usage (481748K) : metal1_mask has 0 polygons
2026-03-18 18:18:40 +0100: Memory Usage (488020K) : metal1_filler has 209228 polygons
2026-03-18 18:18:40 +0100: Memory Usage (488020K) : metal1_nofill has 0 polygons
2026-03-18 18:18:40 +0100: Memory Usage (488020K) : metal1_slit has 0 polygons
2026-03-18 18:18:40 +0100: Memory Usage (488148K) : metal1_text has 24288 polygons
2026-03-18 18:18:40 +0100: Memory Usage (488148K) : metal1_opc has 0 polygons
2026-03-18 18:18:40 +0100: Memory Usage (488148K) : metal1_noqrc has 0 polygons
2026-03-18 18:18:40 +0100: Memory Usage (488148K) : metal1_res has 0 polygons
2026-03-18 18:18:40 +0100: Memory Usage (488148K) : metal1_iprobe has 0 polygons
2026-03-18 18:18:40 +0100: Memory Usage (488148K) : metal1_diffprb has 0 polygons
2026-03-18 18:18:40 +0100: Memory Usage (488148K) : passiv_drw has 32 polygons
2026-03-18 18:18:40 +0100: Memory Usage (488148K) : passiv_pin has 0 polygons
2026-03-18 18:18:40 +0100: Memory Usage (488148K) : passiv_sbump has 0 polygons
2026-03-18 18:18:40 +0100: Memory Usage (488148K) : passiv_pillar has 0 polygons
2026-03-18 18:18:40 +0100: Memory Usage (488148K) : passiv_pdl has 0 polygons
2026-03-18 18:18:40 +0100: Memory Usage (488148K) : metal2_drw has 16875 polygons
2026-03-18 18:18:40 +0100: Memory Usage (488148K) : metal2_pin has 360 polygons
2026-03-18 18:18:40 +0100: Memory Usage (488148K) : metal2_mask has 0 polygons
2026-03-18 18:18:41 +0100: Memory Usage (498004K) : metal2_filler has 368363 polygons
2026-03-18 18:18:41 +0100: Memory Usage (498004K) : metal2_nofill has 0 polygons
2026-03-18 18:18:41 +0100: Memory Usage (498004K) : metal2_slit has 0 polygons
2026-03-18 18:18:41 +0100: Memory Usage (498004K) : metal2_text has 360 polygons
2026-03-18 18:18:41 +0100: Memory Usage (498004K) : metal2_opc has 0 polygons
2026-03-18 18:18:41 +0100: Memory Usage (498004K) : metal2_noqrc has 0 polygons
2026-03-18 18:18:41 +0100: Memory Usage (498004K) : metal2_res has 0 polygons
2026-03-18 18:18:41 +0100: Memory Usage (498004K) : metal2_iprobe has 0 polygons
2026-03-18 18:18:41 +0100: Memory Usage (498004K) : metal2_diffprb has 0 polygons
2026-03-18 18:18:41 +0100: Memory Usage (498004K) : baspoly_drw has 0 polygons
2026-03-18 18:18:41 +0100: Memory Usage (498004K) : baspoly_pin has 0 polygons
2026-03-18 18:18:41 +0100: Memory Usage (498004K) : psd_drw has 20462 polygons
2026-03-18 18:18:41 +0100: Memory Usage (498004K) : nldb_drw has 0 polygons
2026-03-18 18:18:41 +0100: Memory Usage (498004K) : digibnd_drw has 0 polygons
2026-03-18 18:18:41 +0100: Memory Usage (498004K) : via1_drw has 54122 polygons
2026-03-18 18:18:41 +0100: Memory Usage (498004K) : backmetal1_drw has 0 polygons
2026-03-18 18:18:41 +0100: Memory Usage (498004K) : backmetal1_pin has 0 polygons
2026-03-18 18:18:41 +0100: Memory Usage (498004K) : backmetal1_mask has 0 polygons
2026-03-18 18:18:41 +0100: Memory Usage (498004K) : backmetal1_filler has 0 polygons
2026-03-18 18:18:41 +0100: Memory Usage (498004K) : backmetal1_nofill has 0 polygons
2026-03-18 18:18:41 +0100: Memory Usage (498004K) : backmetal1_slit has 0 polygons
2026-03-18 18:18:41 +0100: Memory Usage (498004K) : backmetal1_text has 0 polygons
2026-03-18 18:18:41 +0100: Memory Usage (498004K) : backmetal1_opc has 0 polygons
2026-03-18 18:18:41 +0100: Memory Usage (498004K) : backmetal1_noqrc has 0 polygons
2026-03-18 18:18:41 +0100: Memory Usage (498004K) : backmetal1_res has 0 polygons
2026-03-18 18:18:41 +0100: Memory Usage (498004K) : backmetal1_iprobe has 0 polygons
2026-03-18 18:18:41 +0100: Memory Usage (498004K) : backmetal1_diffprb has 0 polygons
2026-03-18 18:18:41 +0100: Memory Usage (498004K) : backpassiv_drw has 0 polygons
2026-03-18 18:18:41 +0100: Memory Usage (498004K) : res_drw has 0 polygons
2026-03-18 18:18:41 +0100: Memory Usage (498004K) : sram_drw has 0 polygons
2026-03-18 18:18:41 +0100: Memory Usage (498004K) : trans_drw has 0 polygons
2026-03-18 18:18:41 +0100: Memory Usage (498004K) : ind_drw has 0 polygons
2026-03-18 18:18:41 +0100: Memory Usage (498004K) : ind_pin has 0 polygons
2026-03-18 18:18:41 +0100: Memory Usage (498004K) : ind_text has 0 polygons
2026-03-18 18:18:41 +0100: Memory Usage (498004K) : salblock_drw has 17 polygons
2026-03-18 18:18:41 +0100: Memory Usage (498004K) : via2_drw has 79413 polygons
2026-03-18 18:18:41 +0100: Memory Usage (498004K) : metal3_drw has 8811 polygons
2026-03-18 18:18:41 +0100: Memory Usage (498004K) : metal3_pin has 420 polygons
2026-03-18 18:18:41 +0100: Memory Usage (498004K) : metal3_mask has 0 polygons
2026-03-18 18:18:42 +0100: Memory Usage (498004K) : metal3_filler has 29063 polygons
2026-03-18 18:18:42 +0100: Memory Usage (498004K) : metal3_nofill has 0 polygons
2026-03-18 18:18:42 +0100: Memory Usage (498004K) : metal3_slit has 0 polygons
2026-03-18 18:18:42 +0100: Memory Usage (498004K) : metal3_text has 420 polygons
2026-03-18 18:18:42 +0100: Memory Usage (498004K) : metal3_opc has 0 polygons
2026-03-18 18:18:42 +0100: Memory Usage (498004K) : metal3_noqrc has 0 polygons
2026-03-18 18:18:42 +0100: Memory Usage (498004K) : metal3_res has 0 polygons
2026-03-18 18:18:42 +0100: Memory Usage (498004K) : metal3_iprobe has 0 polygons
2026-03-18 18:18:42 +0100: Memory Usage (498004K) : metal3_diffprb has 0 polygons
2026-03-18 18:18:42 +0100: Memory Usage (498004K) : nwell_drw has 10406 polygons
2026-03-18 18:18:42 +0100: Memory Usage (498004K) : nwell_pin has 0 polygons
2026-03-18 18:18:42 +0100: Memory Usage (498004K) : nbulay_drw has 0 polygons
2026-03-18 18:18:42 +0100: Memory Usage (498004K) : nbulay_pin has 0 polygons
2026-03-18 18:18:42 +0100: Memory Usage (498004K) : nbulay_block has 0 polygons
2026-03-18 18:18:42 +0100: Memory Usage (498004K) : emwind_drw has 0 polygons
2026-03-18 18:18:42 +0100: Memory Usage (498004K) : emwind_opc has 0 polygons
2026-03-18 18:18:42 +0100: Memory Usage (498004K) : deepco_drw has 0 polygons
2026-03-18 18:18:42 +0100: Memory Usage (498004K) : deepco_drw has 0 polygons
2026-03-18 18:18:42 +0100: Memory Usage (498004K) : mim_drw has 0 polygons
2026-03-18 18:18:42 +0100: Memory Usage (498004K) : edgeseal_drw has 24 polygons
2026-03-18 18:18:42 +0100: Memory Usage (498004K) : edgeseal_bound has 1 polygons
2026-03-18 18:18:42 +0100: Memory Usage (498004K) : substrate_drw has 573 polygons
2026-03-18 18:18:42 +0100: Memory Usage (498004K) : substrate_text has 0 polygons
2026-03-18 18:18:42 +0100: Memory Usage (498004K) : dfpad_drw has 20 polygons
2026-03-18 18:18:42 +0100: Memory Usage (498004K) : dfpad_pillar has 0 polygons
2026-03-18 18:18:42 +0100: Memory Usage (498004K) : dfpad_sbump has 0 polygons
2026-03-18 18:18:42 +0100: Memory Usage (498004K) : thickgateox_drw has 65 polygons
2026-03-18 18:18:42 +0100: Memory Usage (498004K) : pldb_drw has 0 polygons
2026-03-18 18:18:42 +0100: Memory Usage (498004K) : pwell_drw has 0 polygons
2026-03-18 18:18:42 +0100: Memory Usage (498004K) : pwell_pin has 0 polygons
2026-03-18 18:18:42 +0100: Memory Usage (498004K) : pwell_block has 0 polygons
2026-03-18 18:18:42 +0100: Memory Usage (498004K) : ic_drw has 0 polygons
2026-03-18 18:18:42 +0100: Memory Usage (498004K) : via3_drw has 77937 polygons
2026-03-18 18:18:42 +0100: Memory Usage (498004K) : metal4_drw has 1787 polygons
2026-03-18 18:18:42 +0100: Memory Usage (498004K) : metal4_pin has 397 polygons
2026-03-18 18:18:42 +0100: Memory Usage (498004K) : metal4_mask has 0 polygons
2026-03-18 18:18:42 +0100: Memory Usage (498004K) : metal4_filler has 29418 polygons
2026-03-18 18:18:42 +0100: Memory Usage (498004K) : metal4_nofill has 0 polygons
2026-03-18 18:18:42 +0100: Memory Usage (498004K) : metal4_slit has 0 polygons
2026-03-18 18:18:42 +0100: Memory Usage (498004K) : metal4_text has 386 polygons
2026-03-18 18:18:42 +0100: Memory Usage (498004K) : metal4_opc has 0 polygons
2026-03-18 18:18:42 +0100: Memory Usage (498004K) : metal4_noqrc has 0 polygons
2026-03-18 18:18:42 +0100: Memory Usage (498004K) : metal4_res has 0 polygons
2026-03-18 18:18:42 +0100: Memory Usage (498004K) : metal4_iprobe has 0 polygons
2026-03-18 18:18:42 +0100: Memory Usage (498004K) : metal4_diffprb has 0 polygons
2026-03-18 18:18:42 +0100: Memory Usage (498004K) : heattrans_drw has 0 polygons
2026-03-18 18:18:42 +0100: Memory Usage (498004K) : heatres_drw has 0 polygons
2026-03-18 18:18:42 +0100: Memory Usage (498004K) : pempoly_drw has 0 polygons
2026-03-18 18:18:42 +0100: Memory Usage (498004K) : fbe_drw has 0 polygons
2026-03-18 18:18:42 +0100: Memory Usage (498004K) : empoly_drw has 0 polygons
2026-03-18 18:18:42 +0100: Memory Usage (498004K) : ldmos_drw has 0 polygons
2026-03-18 18:18:42 +0100: Memory Usage (498004K) : pbiwind_drw has 0 polygons
2026-03-18 18:18:42 +0100: Memory Usage (498004K) : digisub_drw has 0 polygons
2026-03-18 18:18:42 +0100: Memory Usage (498004K) : nodrc_drw has 0 polygons
2026-03-18 18:18:42 +0100: Memory Usage (498004K) : text_drw has 519 polygons
2026-03-18 18:18:42 +0100: Memory Usage (498004K) : via4_drw has 0 polygons
2026-03-18 18:18:42 +0100: Memory Usage (498004K) : metal5_drw has 0 polygons
2026-03-18 18:18:42 +0100: Memory Usage (498004K) : metal5_pin has 0 polygons
2026-03-18 18:18:42 +0100: Memory Usage (498004K) : metal5_mask has 0 polygons
2026-03-18 18:18:42 +0100: Memory Usage (498004K) : metal5_filler has 0 polygons
2026-03-18 18:18:42 +0100: Memory Usage (498004K) : metal5_nofill has 0 polygons
2026-03-18 18:18:42 +0100: Memory Usage (498004K) : metal5_slit has 0 polygons
2026-03-18 18:18:42 +0100: Memory Usage (498004K) : metal5_text has 0 polygons
2026-03-18 18:18:42 +0100: Memory Usage (498004K) : metal5_opc has 0 polygons
2026-03-18 18:18:42 +0100: Memory Usage (498004K) : metal5_noqrc has 0 polygons
2026-03-18 18:18:42 +0100: Memory Usage (498004K) : metal5_res has 0 polygons
2026-03-18 18:18:42 +0100: Memory Usage (498004K) : metal5_iprobe has 0 polygons
2026-03-18 18:18:42 +0100: Memory Usage (498004K) : metal5_diffprb has 0 polygons
2026-03-18 18:18:42 +0100: Memory Usage (498004K) : radhard_drw has 0 polygons
2026-03-18 18:18:42 +0100: Memory Usage (498004K) : memcap_drw has 0 polygons
2026-03-18 18:18:42 +0100: Memory Usage (498004K) : varicap_drw has 0 polygons
2026-03-18 18:18:42 +0100: Memory Usage (498004K) : flash_drw has 0 polygons
2026-03-18 18:18:42 +0100: Memory Usage (498004K) : intbondvia_drw has 0 polygons
2026-03-18 18:18:42 +0100: Memory Usage (498004K) : intbondmet_drw has 0 polygons
2026-03-18 18:18:42 +0100: Memory Usage (498004K) : devbondvia_drw has 0 polygons
2026-03-18 18:18:42 +0100: Memory Usage (498004K) : devbondmet_drw has 0 polygons
2026-03-18 18:18:42 +0100: Memory Usage (498004K) : devtrench_drw has 0 polygons
2026-03-18 18:18:42 +0100: Memory Usage (498004K) : redist_drw has 0 polygons
2026-03-18 18:18:42 +0100: Memory Usage (498004K) : graphbot_drw has 0 polygons
2026-03-18 18:18:42 +0100: Memory Usage (498004K) : graphtop_drw has 0 polygons
2026-03-18 18:18:42 +0100: Memory Usage (498004K) : antvia1_drw has 0 polygons
2026-03-18 18:18:42 +0100: Memory Usage (498004K) : antmetal2_drw has 0 polygons
2026-03-18 18:18:42 +0100: Memory Usage (498004K) : graphcont_drw has 0 polygons
2026-03-18 18:18:42 +0100: Memory Usage (498004K) : siwg_drw has 0 polygons
2026-03-18 18:18:42 +0100: Memory Usage (498004K) : siwg_filler has 0 polygons
2026-03-18 18:18:42 +0100: Memory Usage (498004K) : siwg_nofill has 0 polygons
2026-03-18 18:18:42 +0100: Memory Usage (498004K) : sigrating_drw has 0 polygons
2026-03-18 18:18:42 +0100: Memory Usage (498004K) : singrating_drw has 0 polygons
2026-03-18 18:18:42 +0100: Memory Usage (498004K) : graphpas_drw has 0 polygons
2026-03-18 18:18:42 +0100: Memory Usage (498004K) : emwind3_drw has 0 polygons
2026-03-18 18:18:42 +0100: Memory Usage (498004K) : emwihv3_drw has 0 polygons
2026-03-18 18:18:42 +0100: Memory Usage (498004K) : redbulay_drw has 0 polygons
2026-03-18 18:18:42 +0100: Memory Usage (498004K) : smos_drw has 0 polygons
2026-03-18 18:18:42 +0100: Memory Usage (498004K) : graphpad_drw has 0 polygons
2026-03-18 18:18:42 +0100: Memory Usage (498004K) : polimide_drw has 0 polygons
2026-03-18 18:18:42 +0100: Memory Usage (498004K) : polimide_pin has 0 polygons
2026-03-18 18:18:42 +0100: Memory Usage (498004K) : recog_drw has 0 polygons
2026-03-18 18:18:42 +0100: Memory Usage (498004K) : recog_pin has 0 polygons
2026-03-18 18:18:42 +0100: Memory Usage (498004K) : recog_esd has 0 polygons
2026-03-18 18:18:42 +0100: Memory Usage (498004K) : recog_diode has 130 polygons
2026-03-18 18:18:42 +0100: Memory Usage (498004K) : recog_tsv has 0 polygons
2026-03-18 18:18:42 +0100: Memory Usage (498004K) : recog_iprobe has 0 polygons
2026-03-18 18:18:42 +0100: Memory Usage (498004K) : recog_diffprb has 0 polygons
2026-03-18 18:18:42 +0100: Memory Usage (498004K) : recog_pillar has 0 polygons
2026-03-18 18:18:42 +0100: Memory Usage (498004K) : recog_sbump has 0 polygons
2026-03-18 18:18:42 +0100: Memory Usage (498004K) : recog_otp has 0 polygons
2026-03-18 18:18:42 +0100: Memory Usage (498004K) : recog_pdiode has 0 polygons
2026-03-18 18:18:42 +0100: Memory Usage (498004K) : recog_mom has 0 polygons
2026-03-18 18:18:42 +0100: Memory Usage (498004K) : recog_pcm has 0 polygons
2026-03-18 18:18:42 +0100: Memory Usage (498004K) : colopen_drw has 0 polygons
2026-03-18 18:18:42 +0100: Memory Usage (498004K) : graphmetal1_drw has 0 polygons
2026-03-18 18:18:42 +0100: Memory Usage (498004K) : graphmetal1_filler has 0 polygons
2026-03-18 18:18:42 +0100: Memory Usage (498004K) : graphmetal1_nofill has 0 polygons
2026-03-18 18:18:42 +0100: Memory Usage (498004K) : graphmetal1_slit has 0 polygons
2026-03-18 18:18:42 +0100: Memory Usage (498004K) : graphmetal1_opc has 0 polygons
2026-03-18 18:18:42 +0100: Memory Usage (498004K) : graphmet1l_drw has 0 polygons
2026-03-18 18:18:42 +0100: Memory Usage (498004K) : graphmet1l_filler has 0 polygons
2026-03-18 18:18:42 +0100: Memory Usage (498004K) : graphmet1l_nofill has 0 polygons
2026-03-18 18:18:42 +0100: Memory Usage (498004K) : graphmet1l_slit has 0 polygons
2026-03-18 18:18:42 +0100: Memory Usage (498004K) : graphmet1l_opc has 0 polygons
2026-03-18 18:18:42 +0100: Memory Usage (498004K) : extblock_drw has 17 polygons
2026-03-18 18:18:42 +0100: Memory Usage (498004K) : nldd_drw has 0 polygons
2026-03-18 18:18:42 +0100: Memory Usage (498004K) : pldd_drw has 0 polygons
2026-03-18 18:18:42 +0100: Memory Usage (498004K) : next_drw has 0 polygons
2026-03-18 18:18:42 +0100: Memory Usage (498004K) : pext_drw has 0 polygons
2026-03-18 18:18:42 +0100: Memory Usage (498004K) : nexthv_drw has 0 polygons
2026-03-18 18:18:42 +0100: Memory Usage (498004K) : pexthv_drw has 0 polygons
2026-03-18 18:18:42 +0100: Memory Usage (498004K) : graphgate_drw has 0 polygons
2026-03-18 18:18:42 +0100: Memory Usage (498004K) : sinwg_drw has 0 polygons
2026-03-18 18:18:42 +0100: Memory Usage (498004K) : sinwg_filler has 0 polygons
2026-03-18 18:18:42 +0100: Memory Usage (498004K) : sinwg_nofill has 0 polygons
2026-03-18 18:18:42 +0100: Memory Usage (498004K) : mempad_drw has 0 polygons
2026-03-18 18:18:42 +0100: Memory Usage (498004K) : topvia1_drw has 56315 polygons
2026-03-18 18:18:42 +0100: Memory Usage (498004K) : topmetal1_drw has 598 polygons
2026-03-18 18:18:42 +0100: Memory Usage (498004K) : topmetal1_pin has 341 polygons
2026-03-18 18:18:42 +0100: Memory Usage (498004K) : topmetal1_mask has 0 polygons
2026-03-18 18:18:42 +0100: Memory Usage (498004K) : topmetal1_filler has 367 polygons
2026-03-18 18:18:42 +0100: Memory Usage (498004K) : topmetal1_nofill has 1 polygons
2026-03-18 18:18:43 +0100: Memory Usage (498004K) : topmetal1_slit has 0 polygons
2026-03-18 18:18:43 +0100: Memory Usage (498004K) : topmetal1_text has 293 polygons
2026-03-18 18:18:43 +0100: Memory Usage (498004K) : topmetal1_noqrc has 0 polygons
2026-03-18 18:18:43 +0100: Memory Usage (498004K) : topmetal1_res has 0 polygons
2026-03-18 18:18:43 +0100: Memory Usage (498004K) : topmetal1_iprobe has 0 polygons
2026-03-18 18:18:43 +0100: Memory Usage (498004K) : topmetal1_diffprb has 0 polygons
2026-03-18 18:18:43 +0100: Memory Usage (498004K) : inldpwl_drw has 0 polygons
2026-03-18 18:18:43 +0100: Memory Usage (498004K) : polyres_drw has 0 polygons
2026-03-18 18:18:43 +0100: Memory Usage (498004K) : polyres_pin has 0 polygons
2026-03-18 18:18:43 +0100: Memory Usage (498004K) : vmim_drw has 0 polygons
2026-03-18 18:18:43 +0100: Memory Usage (498004K) : nbulaycut_drw has 0 polygons
2026-03-18 18:18:43 +0100: Memory Usage (498004K) : antmetal1_drw has 0 polygons
2026-03-18 18:18:43 +0100: Memory Usage (498004K) : topvia2_drw has 0 polygons
2026-03-18 18:18:43 +0100: Memory Usage (498004K) : topmetal2_drw has 0 polygons
2026-03-18 18:18:43 +0100: Memory Usage (498004K) : topmetal2_pin has 0 polygons
2026-03-18 18:18:43 +0100: Memory Usage (498004K) : topmetal2_mask has 0 polygons
2026-03-18 18:18:43 +0100: Memory Usage (498004K) : topmetal2_filler has 0 polygons
2026-03-18 18:18:43 +0100: Memory Usage (498004K) : topmetal2_nofill has 0 polygons
2026-03-18 18:18:43 +0100: Memory Usage (498004K) : topmetal2_slit has 0 polygons
2026-03-18 18:18:43 +0100: Memory Usage (498004K) : topmetal2_text has 0 polygons
2026-03-18 18:18:43 +0100: Memory Usage (498004K) : topmetal2_noqrc has 0 polygons
2026-03-18 18:18:43 +0100: Memory Usage (498004K) : topmetal2_res has 0 polygons
2026-03-18 18:18:43 +0100: Memory Usage (498004K) : topmetal2_iprobe has 0 polygons
2026-03-18 18:18:43 +0100: Memory Usage (498004K) : topmetal2_diffprb has 0 polygons
2026-03-18 18:18:43 +0100: Memory Usage (498004K) : snsring_drw has 0 polygons
2026-03-18 18:18:43 +0100: Memory Usage (498004K) : sensor_drw has 0 polygons
2026-03-18 18:18:43 +0100: Memory Usage (498004K) : snsarms_drw has 0 polygons
2026-03-18 18:18:43 +0100: Memory Usage (498004K) : snscmosvia_drw has 0 polygons
2026-03-18 18:18:43 +0100: Memory Usage (498004K) : colwind_drw has 0 polygons
2026-03-18 18:18:43 +0100: Memory Usage (498004K) : flm_drw has 0 polygons
2026-03-18 18:18:43 +0100: Memory Usage (498004K) : hafniumox_drw has 0 polygons
2026-03-18 18:18:43 +0100: Memory Usage (498004K) : memvia_drw has 0 polygons
2026-03-18 18:18:43 +0100: Memory Usage (498004K) : thinfilmres_drw has 0 polygons
2026-03-18 18:18:43 +0100: Memory Usage (498004K) : rfmem_drw has 0 polygons
2026-03-18 18:18:43 +0100: Memory Usage (498004K) : norcx_drw has 0 polygons
2026-03-18 18:18:43 +0100: Memory Usage (498004K) : norcx_m2m3 has 0 polygons
2026-03-18 18:18:43 +0100: Memory Usage (498004K) : norcx_m2m4 has 0 polygons
2026-03-18 18:18:43 +0100: Memory Usage (498004K) : norcx_m2m5 has 0 polygons
2026-03-18 18:18:43 +0100: Memory Usage (498004K) : norcx_m2tm1 has 0 polygons
2026-03-18 18:18:43 +0100: Memory Usage (498004K) : norcx_m2tm2 has 0 polygons
2026-03-18 18:18:43 +0100: Memory Usage (498004K) : norcx_m3m4 has 0 polygons
2026-03-18 18:18:43 +0100: Memory Usage (498004K) : norcx_m3m5 has 0 polygons
2026-03-18 18:18:43 +0100: Memory Usage (498004K) : norcx_m3tm1 has 0 polygons
2026-03-18 18:18:43 +0100: Memory Usage (498004K) : norcx_m3tm2 has 0 polygons
2026-03-18 18:18:43 +0100: Memory Usage (498004K) : norcx_m4m5 has 0 polygons
2026-03-18 18:18:43 +0100: Memory Usage (498004K) : norcx_m4tm1 has 0 polygons
2026-03-18 18:18:43 +0100: Memory Usage (498004K) : norcx_m4tm2 has 0 polygons
2026-03-18 18:18:43 +0100: Memory Usage (498004K) : norcx_m5tm1 has 0 polygons
2026-03-18 18:18:43 +0100: Memory Usage (498004K) : norcx_m5tm2 has 0 polygons
2026-03-18 18:18:43 +0100: Memory Usage (498004K) : norcx_tm1tm2 has 0 polygons
2026-03-18 18:18:43 +0100: Memory Usage (498004K) : norcx_m1sub has 0 polygons
2026-03-18 18:18:43 +0100: Memory Usage (498004K) : norcx_m2sub has 0 polygons
2026-03-18 18:18:43 +0100: Memory Usage (498004K) : norcx_m3sub has 0 polygons
2026-03-18 18:18:43 +0100: Memory Usage (498004K) : norcx_m4sub has 0 polygons
2026-03-18 18:18:43 +0100: Memory Usage (498004K) : norcx_m5sub has 0 polygons
2026-03-18 18:18:43 +0100: Memory Usage (498004K) : norcx_tm1sub has 0 polygons
2026-03-18 18:18:43 +0100: Memory Usage (498004K) : norcx_tm2sub has 0 polygons
2026-03-18 18:18:43 +0100: Memory Usage (498004K) : snsbotvia_drw has 0 polygons
2026-03-18 18:18:43 +0100: Memory Usage (498004K) : snstopvia_drw has 0 polygons
2026-03-18 18:18:43 +0100: Memory Usage (498004K) : deepvia_drw has 0 polygons
2026-03-18 18:18:43 +0100: Memory Usage (498004K) : fgetch_drw has 0 polygons
2026-03-18 18:18:43 +0100: Memory Usage (498004K) : ctrgat_drw has 0 polygons
2026-03-18 18:18:43 +0100: Memory Usage (498004K) : fgimp_drw has 0 polygons
2026-03-18 18:18:43 +0100: Memory Usage (498004K) : emwihv_drw has 0 polygons
2026-03-18 18:18:43 +0100: Memory Usage (498004K) : lbe_drw has 0 polygons
2026-03-18 18:18:43 +0100: Memory Usage (498004K) : alcustop_drw has 0 polygons
2026-03-18 18:18:43 +0100: Memory Usage (498004K) : nometfiller_drw has 0 polygons
2026-03-18 18:18:43 +0100: Memory Usage (498004K) : prboundary_drw has 0 polygons
2026-03-18 18:18:43 +0100: Memory Usage (498004K) : exchange0_drw has 0 polygons
2026-03-18 18:18:43 +0100: Memory Usage (498004K) : exchange0_pin has 0 polygons
2026-03-18 18:18:43 +0100: Memory Usage (498004K) : exchange0_text has 0 polygons
2026-03-18 18:18:43 +0100: Memory Usage (498004K) : exchange1_drw has 0 polygons
2026-03-18 18:18:43 +0100: Memory Usage (498004K) : exchange1_pin has 0 polygons
2026-03-18 18:18:43 +0100: Memory Usage (498004K) : exchange1_text has 0 polygons
2026-03-18 18:18:43 +0100: Memory Usage (498004K) : exchange2_drw has 0 polygons
2026-03-18 18:18:43 +0100: Memory Usage (498004K) : exchange2_pin has 0 polygons
2026-03-18 18:18:43 +0100: Memory Usage (498004K) : exchange2_text has 0 polygons
2026-03-18 18:18:43 +0100: Memory Usage (498004K) : exchange3_drw has 0 polygons
2026-03-18 18:18:43 +0100: Memory Usage (498004K) : exchange3_pin has 0 polygons
2026-03-18 18:18:43 +0100: Memory Usage (498004K) : exchange3_text has 0 polygons
2026-03-18 18:18:43 +0100: Memory Usage (498004K) : exchange4_drw has 0 polygons
2026-03-18 18:18:43 +0100: Memory Usage (498004K) : exchange4_pin has 0 polygons
2026-03-18 18:18:43 +0100: Memory Usage (498004K) : exchange4_text has 0 polygons
2026-03-18 18:18:43 +0100: Memory Usage (498004K) : isonwell_drw has 0 polygons
2026-03-18 18:18:43 +0100: Memory Usage (498004K) : Total no. of polygons in the design is 3258851
2026-03-18 18:18:43 +0100: Memory Usage (498004K) : Loaded TECH DRC rules values from /home/daniel/work/aesc/i2c-gpio-expander/pdks/IHP-Open-PDK/ihp-sg13cmos5l/libs.tech/klayout/python/sg13cmos5l_pycell_lib/sg13cmos5l_tech_mod.json
2026-03-18 18:18:43 +0100: Memory Usage (498004K) : Loaded default DRC rules values from /home/daniel/work/aesc/i2c-gpio-expander/pdks/IHP-Open-PDK/ihp-sg13cmos5l/libs.tech/klayout/tech/drc/rule_decks/sg13cmos5l_tech_default.json
2026-03-18 18:18:43 +0100: Memory Usage (498784K) : Total area of the design is 1103634.2016 um^2.
2026-03-18 18:18:43 +0100: Memory Usage (498784K) : The design dimensions are 1050.84 um * 1050.24 um.
2026-03-18 18:18:43 +0100: Memory Usage (498784K) : Starting general IHP-SG13CMOS5L derivations.
2026-03-18 18:18:43 +0100: Memory Usage (498784K) : Starting Pwell derivations
2026-03-18 18:18:43 +0100: Memory Usage (507752K) : Starting IHP-SG13CMOS5L DRC rules.
2026-03-18 18:18:43 +0100: Memory Usage (507752K) : Starting 3.2. angle table
2026-03-18 18:18:43 +0100: Memory Usage (507752K) : Executing rule activ_drw_Acute
2026-03-18 18:18:44 +0100: Memory Usage (511032K) : Executing rule activ_pin_Acute
2026-03-18 18:18:44 +0100: Memory Usage (511032K) : Executing rule activ_mask_Acute
2026-03-18 18:18:45 +0100: Memory Usage (511032K) : Executing rule activ_filler_Acute
2026-03-18 18:18:45 +0100: Memory Usage (521272K) : Executing rule activ_nofill_Acute
2026-03-18 18:18:45 +0100: Memory Usage (521400K) : Executing rule activ_opc_Acute
2026-03-18 18:18:45 +0100: Memory Usage (521400K) : Executing rule activ_iopc_Acute
2026-03-18 18:18:45 +0100: Memory Usage (521400K) : Executing rule activ_noqrc_Acute
2026-03-18 18:18:45 +0100: Memory Usage (521400K) : Executing rule gatpoly_drw_Acute
2026-03-18 18:18:45 +0100: Memory Usage (521400K) : Executing rule gatpoly_pin_Acute
2026-03-18 18:18:45 +0100: Memory Usage (521400K) : Executing rule gatpoly_filler_Acute
2026-03-18 18:18:46 +0100: Memory Usage (521400K) : Executing rule gatpoly_nofill_Acute
2026-03-18 18:18:46 +0100: Memory Usage (521400K) : Executing rule gatpoly_opc_Acute
2026-03-18 18:18:46 +0100: Memory Usage (521400K) : Executing rule gatpoly_iopc_Acute
2026-03-18 18:18:46 +0100: Memory Usage (521400K) : Executing rule gatpoly_noqrc_Acute
2026-03-18 18:18:46 +0100: Memory Usage (521400K) : Executing rule cont_drw_Acute
2026-03-18 18:19:04 +0100: Memory Usage (754608K) : Executing rule cont_opc_Acute
2026-03-18 18:19:04 +0100: Memory Usage (754608K) : Executing rule nsd_drw_Acute
2026-03-18 18:19:04 +0100: Memory Usage (754608K) : Executing rule nsd_block_Acute
2026-03-18 18:19:04 +0100: Memory Usage (754608K) : Executing rule metal1_drw_Acute
2026-03-18 18:19:06 +0100: Memory Usage (722124K) : Executing rule metal1_pin_Acute
2026-03-18 18:19:06 +0100: Memory Usage (722124K) : Executing rule metal1_mask_Acute
2026-03-18 18:19:06 +0100: Memory Usage (722124K) : Executing rule metal1_filler_Acute
2026-03-18 18:19:09 +0100: Memory Usage (733840K) : Executing rule metal1_nofill_Acute
2026-03-18 18:19:09 +0100: Memory Usage (733840K) : Executing rule metal1_slit_Acute
2026-03-18 18:19:09 +0100: Memory Usage (733840K) : Executing rule metal1_opc_Acute
2026-03-18 18:19:09 +0100: Memory Usage (733840K) : Executing rule metal1_noqrc_Acute
2026-03-18 18:19:09 +0100: Memory Usage (733840K) : Executing rule metal1_res_Acute
2026-03-18 18:19:09 +0100: Memory Usage (733840K) : Executing rule metal1_iprobe_Acute
2026-03-18 18:19:09 +0100: Memory Usage (733840K) : Executing rule metal1_diffprb_Acute
2026-03-18 18:19:09 +0100: Memory Usage (733840K) : Executing rule passiv_drw_Acute
2026-03-18 18:19:09 +0100: Memory Usage (733840K) : Executing rule passiv_pin_Acute
2026-03-18 18:19:09 +0100: Memory Usage (733840K) : Executing rule passiv_pillar_Acute
2026-03-18 18:19:09 +0100: Memory Usage (733840K) : Executing rule passiv_sbump_Acute
2026-03-18 18:19:09 +0100: Memory Usage (733840K) : Executing rule passiv_pdl_Acute
2026-03-18 18:19:09 +0100: Memory Usage (733840K) : Executing rule metal2_drw_Acute
2026-03-18 18:19:10 +0100: Memory Usage (731152K) : Executing rule metal2_pin_Acute
2026-03-18 18:19:10 +0100: Memory Usage (731152K) : Executing rule metal2_mask_Acute
2026-03-18 18:19:10 +0100: Memory Usage (731152K) : Executing rule metal2_filler_Acute
2026-03-18 18:19:14 +0100: Memory Usage (744612K) : Executing rule metal2_nofill_Acute
2026-03-18 18:19:14 +0100: Memory Usage (744612K) : Executing rule metal2_slit_Acute
2026-03-18 18:19:14 +0100: Memory Usage (744612K) : Executing rule metal2_opc_Acute
2026-03-18 18:19:14 +0100: Memory Usage (744612K) : Executing rule metal2_noqrc_Acute
2026-03-18 18:19:14 +0100: Memory Usage (744612K) : Executing rule metal2_res_Acute
2026-03-18 18:19:14 +0100: Memory Usage (744612K) : Executing rule metal2_iprobe_Acute
2026-03-18 18:19:14 +0100: Memory Usage (744612K) : Executing rule metal2_diffprb_Acute
2026-03-18 18:19:14 +0100: Memory Usage (744612K) : Executing rule psd_drw_Acute
2026-03-18 18:19:15 +0100: Memory Usage (742132K) : Executing rule via1_drw_Acute
2026-03-18 18:19:15 +0100: Memory Usage (742132K) : Executing rule salblock_drw_Acute
2026-03-18 18:19:15 +0100: Memory Usage (742132K) : Executing rule via2_drw_Acute
2026-03-18 18:19:16 +0100: Memory Usage (740596K) : Executing rule metal3_drw_Acute
2026-03-18 18:19:16 +0100: Memory Usage (740340K) : Executing rule metal3_pin_Acute
2026-03-18 18:19:16 +0100: Memory Usage (740340K) : Executing rule metal3_mask_Acute
2026-03-18 18:19:16 +0100: Memory Usage (740340K) : Executing rule metal3_filler_Acute
2026-03-18 18:19:17 +0100: Memory Usage (740340K) : Executing rule metal3_nofill_Acute
2026-03-18 18:19:17 +0100: Memory Usage (740340K) : Executing rule metal3_slit_Acute
2026-03-18 18:19:17 +0100: Memory Usage (740340K) : Executing rule metal3_opc_Acute
2026-03-18 18:19:17 +0100: Memory Usage (740340K) : Executing rule metal3_noqrc_Acute
2026-03-18 18:19:17 +0100: Memory Usage (740340K) : Executing rule metal3_res_Acute
2026-03-18 18:19:17 +0100: Memory Usage (740340K) : Executing rule metal3_iprobe_Acute
2026-03-18 18:19:17 +0100: Memory Usage (740340K) : Executing rule metal3_diffprb_Acute
2026-03-18 18:19:17 +0100: Memory Usage (738676K) : Executing rule nwell_drw_Acute
2026-03-18 18:19:17 +0100: Memory Usage (738676K) : Executing rule nwell_pin_Acute
2026-03-18 18:19:17 +0100: Memory Usage (738676K) : Executing rule pwell_drw_Acute
2026-03-18 18:19:17 +0100: Memory Usage (738676K) : Executing rule pwell_pin_Acute
2026-03-18 18:19:17 +0100: Memory Usage (738676K) : Executing rule pwell_block_Acute
2026-03-18 18:19:17 +0100: Memory Usage (738676K) : Executing rule substrate_drw_Acute
2026-03-18 18:19:17 +0100: Memory Usage (738676K) : Executing rule via3_drw_Acute
2026-03-18 18:19:18 +0100: Memory Usage (738164K) : Executing rule metal4_drw_Acute
2026-03-18 18:19:18 +0100: Memory Usage (737908K) : Executing rule metal4_pin_Acute
2026-03-18 18:19:18 +0100: Memory Usage (737908K) : Executing rule metal4_mask_Acute
2026-03-18 18:19:18 +0100: Memory Usage (737908K) : Executing rule metal4_filler_Acute
2026-03-18 18:19:18 +0100: Memory Usage (737908K) : Executing rule metal4_nofill_Acute
2026-03-18 18:19:18 +0100: Memory Usage (737908K) : Executing rule metal4_slit_Acute
2026-03-18 18:19:18 +0100: Memory Usage (737908K) : Executing rule metal4_opc_Acute
2026-03-18 18:19:18 +0100: Memory Usage (737908K) : Executing rule metal4_noqrc_Acute
2026-03-18 18:19:18 +0100: Memory Usage (737908K) : Executing rule metal4_res_Acute
2026-03-18 18:19:19 +0100: Memory Usage (737652K) : Executing rule metal4_iprobe_Acute
2026-03-18 18:19:19 +0100: Memory Usage (737652K) : Executing rule metal4_diffprb_Acute
2026-03-18 18:19:19 +0100: Memory Usage (737652K) : Executing rule topvia1_drw_Acute
2026-03-18 18:19:19 +0100: Memory Usage (737652K) : Executing rule topmetal1_drw_Acute
2026-03-18 18:19:19 +0100: Memory Usage (737652K) : Executing rule topmetal1_pin_Acute
2026-03-18 18:19:19 +0100: Memory Usage (737652K) : Executing rule topmetal1_mask_Acute
2026-03-18 18:19:19 +0100: Memory Usage (737652K) : Executing rule topmetal1_filler_Acute
2026-03-18 18:19:19 +0100: Memory Usage (737652K) : Executing rule topmetal1_nofill_Acute
2026-03-18 18:19:19 +0100: Memory Usage (737524K) : Executing rule topmetal1_slit_Acute
2026-03-18 18:19:19 +0100: Memory Usage (737524K) : Executing rule topmetal1_noqrc_Acute
2026-03-18 18:19:19 +0100: Memory Usage (737524K) : Executing rule topmetal1_res_Acute
2026-03-18 18:19:19 +0100: Memory Usage (737524K) : Executing rule topmetal1_iprobe_Acute
2026-03-18 18:19:19 +0100: Memory Usage (737524K) : Executing rule topmetal1_diffprb_Acute
2026-03-18 18:19:19 +0100: Memory Usage (737524K) : Executing rule thickgateox_drw_Acute
2026-03-18 18:19:19 +0100: Memory Usage (737524K) : Executing rule polyres_drw_Acute
2026-03-18 18:19:19 +0100: Memory Usage (737524K) : Executing rule polyres_pin_Acute
2026-03-18 18:19:19 +0100: Memory Usage (737524K) : Executing rule antmetal1_drw_Acute
2026-03-18 18:19:19 +0100: Memory Usage (737524K) : Executing rule thinfilmres_drw_Acute
2026-03-18 18:19:19 +0100: Memory Usage (737524K) : Executing rule lbe_drw_Acute
2026-03-18 18:19:19 +0100: Memory Usage (737524K) : Executing rule prboundary_drw_Acute
2026-03-18 18:19:19 +0100: Memory Usage (737524K) : Executing rule cont_drw_Angle90
2026-03-18 18:19:36 +0100: Memory Usage (1394804K) : Executing rule via1_drw_Angle90
2026-03-18 18:19:36 +0100: Memory Usage (1398516K) : Executing rule via2_drw_Angle90
2026-03-18 18:19:37 +0100: Memory Usage (1402996K) : Executing rule via3_drw_Angle90
2026-03-18 18:19:37 +0100: Memory Usage (1404148K) : Executing rule topvia1_drw_Angle90
2026-03-18 18:19:38 +0100: Memory Usage (1404660K) : Executing rule gatpoly_drw_Angle45
2026-03-18 18:19:38 +0100: Memory Usage (1407092K) : Executing rule activ_drw_Angle45
2026-03-18 18:19:39 +0100: Memory Usage (1416564K) : Executing rule metal1_drw_Angle45
2026-03-18 18:19:42 +0100: Memory Usage (1433332K) : Executing rule metal2_drw_Angle45
2026-03-18 18:19:43 +0100: Memory Usage (1436276K) : Executing rule metal3_drw_Angle45
2026-03-18 18:19:43 +0100: Memory Usage (1440116K) : Executing rule metal4_drw_Angle45
2026-03-18 18:19:43 +0100: Memory Usage (1440116K) : Executing rule topmetal1_drw_Angle45
2026-03-18 18:19:43 +0100: Memory Usage (1440244K) : KLayout DRC run for tables 'angle' completed in 64.95 seconds
