
==========================================================================
global place report_tns
--------------------------------------------------------------------------
tns max 0.00

==========================================================================
global place report_wns
--------------------------------------------------------------------------
wns max 0.00

==========================================================================
global place report_worst_slack
--------------------------------------------------------------------------
worst slack max 8.89

==========================================================================
global place report_clock_min_period
--------------------------------------------------------------------------
clk_core period_min = 11.11 fmax = 90.04

==========================================================================
global place report_checks -path_delay min
--------------------------------------------------------------------------
Startpoint: system_expander.gpioCtrl_1.io_gpio_pins_read_buffercc/buffers_0[1]$_DFF_P_
            (rising edge-triggered flip-flop clocked by clk_core)
Endpoint: system_expander.gpioCtrl_1.last[1]$_DFF_P_
          (rising edge-triggered flip-flop clocked by clk_core)
Path Group: clk_core
Path Type: min
Corner: fast

Fanout     Cap    Slew   Delay    Time   Description
-----------------------------------------------------------------------------
                  0.25    0.00    0.00   clock clk_core (rise edge)
                          0.00    0.00   clock network delay (ideal)
                  0.25    0.00    0.00 ^ system_expander.gpioCtrl_1.io_gpio_pins_read_buffercc/buffers_0[1]$_DFF_P_/CLK (sg13cmos5l_dfrbpq_1)
     5    0.02    0.05    0.19    0.19 v system_expander.gpioCtrl_1.io_gpio_pins_read_buffercc/buffers_0[1]$_DFF_P_/Q (sg13cmos5l_dfrbpq_1)
                                         system_expander.gpioCtrl_1.io_gpio_pins_read_buffercc_io_dataOut[1] (net)
                  0.05    0.00    0.19 v system_expander.gpioCtrl_1.last[1]$_DFF_P_/D (sg13cmos5l_dfrbpq_1)
                                  0.19   data arrival time

                  0.25    0.00    0.00   clock clk_core (rise edge)
                          0.00    0.00   clock network delay (ideal)
                          0.05    0.05   clock uncertainty
                          0.00    0.05   clock reconvergence pessimism
                                  0.05 ^ system_expander.gpioCtrl_1.last[1]$_DFF_P_/CLK (sg13cmos5l_dfrbpq_1)
                          0.01    0.06   library hold time
                                  0.06   data required time
-----------------------------------------------------------------------------
                                  0.06   data required time
                                 -0.19   data arrival time
-----------------------------------------------------------------------------
                                  0.14   slack (MET)



==========================================================================
global place report_checks -path_delay max
--------------------------------------------------------------------------
Startpoint: system_expander.irq_rise_masks[2]$_SDFFE_PN0P_
            (rising edge-triggered flip-flop clocked by clk_core)
Endpoint: io_i2c_interrupt_PAD (output port clocked by clk_core)
Path Group: clk_core
Path Type: max
Corner: slow

Fanout     Cap    Slew   Delay    Time   Description
-----------------------------------------------------------------------------
                  0.25    0.00    0.00   clock clk_core (rise edge)
                          0.00    0.00   clock network delay (ideal)
                  0.25    0.00    0.00 ^ system_expander.irq_rise_masks[2]$_SDFFE_PN0P_/CLK (sg13cmos5l_dfrbpq_1)
     4    0.01    0.10    0.43    0.43 ^ system_expander.irq_rise_masks[2]$_SDFFE_PN0P_/Q (sg13cmos5l_dfrbpq_1)
                                         system_expander.irq_rise_ctrl.io_masks[2] (net)
                  0.10    0.00    0.43 ^ _0932_/A1 (sg13cmos5l_a22oi_1)
     1    0.01    0.13    0.17    0.60 v _0932_/Y (sg13cmos5l_a22oi_1)
                                         _0374_ (net)
                  0.13    0.00    0.60 v _0934_/A (sg13cmos5l_and2_1)
     1    0.00    0.04    0.15    0.75 v _0934_/X (sg13cmos5l_and2_1)
                                         _0376_ (net)
                  0.04    0.00    0.75 v _0935_/D (sg13cmos5l_nand4_1)
     1    0.01    0.11    0.11    0.86 ^ _0935_/Y (sg13cmos5l_nand4_1)
                                         _0377_ (net)
                  0.11    0.00    0.86 ^ _0948_/B (sg13cmos5l_or4_1)
     1    0.13    0.82    0.71    1.57 ^ _0948_/X (sg13cmos5l_or4_1)
                                         system_expander.i2cCtrl.io_i2c_interrupts[0] (net)
                  1.11    0.09    1.66 ^ sg13cmos5l_IOPad_io_i2c_interrupt/c2p (sg13cmos5l_IOPadOut4mA)
     2    4.00    5.84    5.39    7.06 ^ sg13cmos5l_IOPad_io_i2c_interrupt/pad (sg13cmos5l_IOPadOut4mA)
                                         io_i2c_interrupt_PAD (net)
                  4.38    0.00    7.06 ^ io_i2c_interrupt_PAD (inout)
                                  7.06   data arrival time

                  0.25   20.00   20.00   clock clk_core (rise edge)
                          0.00   20.00   clock network delay (ideal)
                         -0.05   19.95   clock uncertainty
                          0.00   19.95   clock reconvergence pessimism
                         -4.00   15.95   output external delay
                                 15.95   data required time
-----------------------------------------------------------------------------
                                 15.95   data required time
                                 -7.06   data arrival time
-----------------------------------------------------------------------------
                                  8.89   slack (MET)



==========================================================================
global place report_checks -unconstrained
--------------------------------------------------------------------------
Startpoint: system_expander.irq_rise_masks[2]$_SDFFE_PN0P_
            (rising edge-triggered flip-flop clocked by clk_core)
Endpoint: io_i2c_interrupt_PAD (output port clocked by clk_core)
Path Group: clk_core
Path Type: max
Corner: slow

Fanout     Cap    Slew   Delay    Time   Description
-----------------------------------------------------------------------------
                  0.25    0.00    0.00   clock clk_core (rise edge)
                          0.00    0.00   clock network delay (ideal)
                  0.25    0.00    0.00 ^ system_expander.irq_rise_masks[2]$_SDFFE_PN0P_/CLK (sg13cmos5l_dfrbpq_1)
     4    0.01    0.10    0.43    0.43 ^ system_expander.irq_rise_masks[2]$_SDFFE_PN0P_/Q (sg13cmos5l_dfrbpq_1)
                                         system_expander.irq_rise_ctrl.io_masks[2] (net)
                  0.10    0.00    0.43 ^ _0932_/A1 (sg13cmos5l_a22oi_1)
     1    0.01    0.13    0.17    0.60 v _0932_/Y (sg13cmos5l_a22oi_1)
                                         _0374_ (net)
                  0.13    0.00    0.60 v _0934_/A (sg13cmos5l_and2_1)
     1    0.00    0.04    0.15    0.75 v _0934_/X (sg13cmos5l_and2_1)
                                         _0376_ (net)
                  0.04    0.00    0.75 v _0935_/D (sg13cmos5l_nand4_1)
     1    0.01    0.11    0.11    0.86 ^ _0935_/Y (sg13cmos5l_nand4_1)
                                         _0377_ (net)
                  0.11    0.00    0.86 ^ _0948_/B (sg13cmos5l_or4_1)
     1    0.13    0.82    0.71    1.57 ^ _0948_/X (sg13cmos5l_or4_1)
                                         system_expander.i2cCtrl.io_i2c_interrupts[0] (net)
                  1.11    0.09    1.66 ^ sg13cmos5l_IOPad_io_i2c_interrupt/c2p (sg13cmos5l_IOPadOut4mA)
     2    4.00    5.84    5.39    7.06 ^ sg13cmos5l_IOPad_io_i2c_interrupt/pad (sg13cmos5l_IOPadOut4mA)
                                         io_i2c_interrupt_PAD (net)
                  4.38    0.00    7.06 ^ io_i2c_interrupt_PAD (inout)
                                  7.06   data arrival time

                  0.25   20.00   20.00   clock clk_core (rise edge)
                          0.00   20.00   clock network delay (ideal)
                         -0.05   19.95   clock uncertainty
                          0.00   19.95   clock reconvergence pessimism
                         -4.00   15.95   output external delay
                                 15.95   data required time
-----------------------------------------------------------------------------
                                 15.95   data required time
                                 -7.06   data arrival time
-----------------------------------------------------------------------------
                                  8.89   slack (MET)



==========================================================================
global place report_power
--------------------------------------------------------------------------
Corner: slow
Group                  Internal  Switching    Leakage      Total
                          Power      Power      Power      Power (Watts)
----------------------------------------------------------------
Sequential             2.60e-05   8.98e-07   4.08e-07   2.73e-05   7.3%
Combinational          2.29e-06   8.82e-06   3.71e-07   1.15e-05   3.1%
Clock                  0.00e+00   0.00e+00   0.00e+00   0.00e+00   0.0%
Macro                  0.00e+00   0.00e+00   0.00e+00   0.00e+00   0.0%
Pad                    1.45e-04   1.92e-04   1.49e-07   3.37e-04  89.7%
----------------------------------------------------------------
Total                  1.73e-04   2.02e-04   9.28e-07   3.75e-04 100.0%
                          46.1%      53.7%       0.2%
Corner: fast
Group                  Internal  Switching    Leakage      Total
                          Power      Power      Power      Power (Watts)
----------------------------------------------------------------
Sequential             4.17e-05   1.49e-06   2.06e-07   4.34e-05   7.8%
Combinational          3.63e-06   1.49e-05   2.51e-07   1.88e-05   3.4%
Clock                  0.00e+00   0.00e+00   0.00e+00   0.00e+00   0.0%
Macro                  0.00e+00   0.00e+00   0.00e+00   0.00e+00   0.0%
Pad                    2.15e-04   2.76e-04   5.54e-08   4.91e-04  88.8%
----------------------------------------------------------------
Total                  2.60e-04   2.93e-04   5.12e-07   5.53e-04 100.0%
                          47.0%      52.9%       0.1%
