
==========================================================================
finish report_tns
--------------------------------------------------------------------------
tns max 0.00

==========================================================================
finish report_wns
--------------------------------------------------------------------------
wns max 0.00

==========================================================================
finish report_worst_slack
--------------------------------------------------------------------------
worst slack max 8.65

==========================================================================
finish report_clock_min_period
--------------------------------------------------------------------------
clk_core period_min = 11.35 fmax = 88.07

==========================================================================
finish report_clock_skew
--------------------------------------------------------------------------
Clock clk_core
   0.63 source latency system_expander.i2cCtrl.timeout_value[4]$_SDFFE_PN0P_/CLK ^
  -0.45 target latency system_expander.i2cCtrl.ctrl_state[1]$_DFF_P_/CLK ^
   0.05 clock uncertainty
  -0.03 CRPR
--------------
   0.20 setup skew


==========================================================================
finish report_checks -path_delay min
--------------------------------------------------------------------------
Startpoint: system_expander.gpioCtrl_1.io_gpio_pins_read_buffercc/buffers_0[1]$_DFF_P_
            (rising edge-triggered flip-flop clocked by clk_core)
Endpoint: system_expander.gpioCtrl_1.last[1]$_DFF_P_
          (rising edge-triggered flip-flop clocked by clk_core)
Path Group: clk_core
Path Type: min
Corner: fast

Fanout     Cap    Slew   Delay    Time   Description
-----------------------------------------------------------------------------
                          0.00    0.00   clock clk_core (rise edge)
                          0.00    0.00   clock source latency
     1    0.05    0.07    0.00    0.00 ^ sg13cmos5l_IOPad_io_clock/p2c (sg13cmos5l_IOPadIn)
                                         clock (net)
                  0.05    0.01    0.01 ^ clkbuf_0_clock/A (sg13cmos5l_buf_16)
    16    0.30    0.04    0.06    0.07 ^ clkbuf_0_clock/X (sg13cmos5l_buf_16)
                                         clknet_0_clock (net)
                  0.15    0.07    0.14 ^ clkbuf_4_10_0_clock/A (sg13cmos5l_buf_16)
     2    0.04    0.02    0.08    0.22 ^ clkbuf_4_10_0_clock/X (sg13cmos5l_buf_16)
                                         clknet_4_10_0_clock (net)
                  0.02    0.00    0.22 ^ clkbuf_5_20__f_clock/A (sg13cmos5l_buf_16)
     6    0.03    0.01    0.04    0.27 ^ clkbuf_5_20__f_clock/X (sg13cmos5l_buf_16)
                                         clknet_5_20__leaf_clock (net)
                  0.01    0.00    0.27 ^ system_expander.gpioCtrl_1.io_gpio_pins_read_buffercc/buffers_0[1]$_DFF_P_/CLK (sg13cmos5l_dfrbpq_1)
     5    0.02    0.04    0.13    0.39 v system_expander.gpioCtrl_1.io_gpio_pins_read_buffercc/buffers_0[1]$_DFF_P_/Q (sg13cmos5l_dfrbpq_1)
                                         system_expander.gpioCtrl_1.io_gpio_pins_read_buffercc_io_dataOut[1] (net)
                  0.04    0.00    0.39 v system_expander.gpioCtrl_1.last[1]$_DFF_P_/D (sg13cmos5l_dfrbpq_1)
                                  0.39   data arrival time

                          0.00    0.00   clock clk_core (rise edge)
                          0.00    0.00   clock source latency
     1    0.05    0.07    0.00    0.00 ^ sg13cmos5l_IOPad_io_clock/p2c (sg13cmos5l_IOPadIn)
                                         clock (net)
                  0.05    0.01    0.01 ^ clkbuf_0_clock/A (sg13cmos5l_buf_16)
    16    0.34    0.04    0.07    0.08 ^ clkbuf_0_clock/X (sg13cmos5l_buf_16)
                                         clknet_0_clock (net)
                  0.17    0.09    0.16 ^ clkbuf_4_11_0_clock/A (sg13cmos5l_buf_16)
     2    0.04    0.02    0.10    0.26 ^ clkbuf_4_11_0_clock/X (sg13cmos5l_buf_16)
                                         clknet_4_11_0_clock (net)
                  0.02    0.00    0.26 ^ clkbuf_5_23__f_clock/A (sg13cmos5l_buf_16)
     6    0.02    0.01    0.05    0.31 ^ clkbuf_5_23__f_clock/X (sg13cmos5l_buf_16)
                                         clknet_5_23__leaf_clock (net)
                  0.01    0.00    0.31 ^ system_expander.gpioCtrl_1.last[1]$_DFF_P_/CLK (sg13cmos5l_dfrbpq_1)
                          0.05    0.36   clock uncertainty
                         -0.01    0.35   clock reconvergence pessimism
                         -0.03    0.32   library hold time
                                  0.32   data required time
-----------------------------------------------------------------------------
                                  0.32   data required time
                                 -0.39   data arrival time
-----------------------------------------------------------------------------
                                  0.07   slack (MET)



==========================================================================
finish report_checks -path_delay max
--------------------------------------------------------------------------
Startpoint: system_expander.irq_high_masks[3]$_SDFFE_PN0P_
            (rising edge-triggered flip-flop clocked by clk_core)
Endpoint: io_i2c_interrupt_PAD (output port clocked by clk_core)
Path Group: clk_core
Path Type: max
Corner: slow

Fanout     Cap    Slew   Delay    Time   Description
-----------------------------------------------------------------------------
                          0.00    0.00   clock clk_core (rise edge)
                          0.00    0.00   clock source latency
     1    0.05    0.15    0.00    0.00 ^ sg13cmos5l_IOPad_io_clock/p2c (sg13cmos5l_IOPadIn)
                                         clock (net)
                  0.11    0.01    0.01 ^ clkbuf_0_clock/A (sg13cmos5l_buf_16)
    16    0.34    0.15    0.20    0.21 ^ clkbuf_0_clock/X (sg13cmos5l_buf_16)
                                         clknet_0_clock (net)
                  0.21    0.08    0.29 ^ clkbuf_4_15_0_clock/A (sg13cmos5l_buf_16)
     2    0.04    0.05    0.19    0.48 ^ clkbuf_4_15_0_clock/X (sg13cmos5l_buf_16)
                                         clknet_4_15_0_clock (net)
                  0.05    0.00    0.48 ^ clkbuf_5_31__f_clock/A (sg13cmos5l_buf_16)
     6    0.03    0.03    0.11    0.59 ^ clkbuf_5_31__f_clock/X (sg13cmos5l_buf_16)
                                         clknet_5_31__leaf_clock (net)
                  0.03    0.00    0.60 ^ system_expander.irq_high_masks[3]$_SDFFE_PN0P_/CLK (sg13cmos5l_dfrbpq_1)
     4    0.02    0.11    0.34    0.93 v system_expander.irq_high_masks[3]$_SDFFE_PN0P_/Q (sg13cmos5l_dfrbpq_1)
                                         system_expander.irq_high_ctrl.io_masks[3] (net)
                  0.11    0.00    0.93 v _0933_/A1 (sg13cmos5l_a22oi_1)
     1    0.01    0.14    0.18    1.11 ^ _0933_/Y (sg13cmos5l_a22oi_1)
                                         _0375_ (net)
                  0.14    0.00    1.12 ^ _0934_/B (sg13cmos5l_and2_1)
     1    0.01    0.06    0.20    1.31 ^ _0934_/X (sg13cmos5l_and2_1)
                                         _0376_ (net)
                  0.06    0.00    1.31 ^ _0935_/D (sg13cmos5l_nand4_1)
     1    0.01    0.22    0.26    1.57 v _0935_/Y (sg13cmos5l_nand4_1)
                                         _0377_ (net)
                  0.22    0.00    1.57 v _0948_/B (sg13cmos5l_or4_1)
     1    0.09    0.51    0.79    2.37 v _0948_/X (sg13cmos5l_or4_1)
                                         system_expander.i2cCtrl.io_i2c_interrupts[0] (net)
                  0.68    0.02    2.39 v sg13cmos5l_IOPad_io_i2c_interrupt/c2p (sg13cmos5l_IOPadOut4mA)
     2    4.00    5.48    4.91    7.30 v sg13cmos5l_IOPad_io_i2c_interrupt/pad (sg13cmos5l_IOPadOut4mA)
                                         io_i2c_interrupt_PAD (net)
                  4.11    0.00    7.30 v io_i2c_interrupt_PAD (inout)
                                  7.30   data arrival time

                         20.00   20.00   clock clk_core (rise edge)
                          0.00   20.00   clock network delay (propagated)
                         -0.05   19.95   clock uncertainty
                          0.00   19.95   clock reconvergence pessimism
                         -4.00   15.95   output external delay
                                 15.95   data required time
-----------------------------------------------------------------------------
                                 15.95   data required time
                                 -7.30   data arrival time
-----------------------------------------------------------------------------
                                  8.65   slack (MET)



==========================================================================
finish report_checks -unconstrained
--------------------------------------------------------------------------
Startpoint: system_expander.irq_high_masks[3]$_SDFFE_PN0P_
            (rising edge-triggered flip-flop clocked by clk_core)
Endpoint: io_i2c_interrupt_PAD (output port clocked by clk_core)
Path Group: clk_core
Path Type: max
Corner: slow

Fanout     Cap    Slew   Delay    Time   Description
-----------------------------------------------------------------------------
                          0.00    0.00   clock clk_core (rise edge)
                          0.00    0.00   clock source latency
     1    0.05    0.15    0.00    0.00 ^ sg13cmos5l_IOPad_io_clock/p2c (sg13cmos5l_IOPadIn)
                                         clock (net)
                  0.11    0.01    0.01 ^ clkbuf_0_clock/A (sg13cmos5l_buf_16)
    16    0.34    0.15    0.20    0.21 ^ clkbuf_0_clock/X (sg13cmos5l_buf_16)
                                         clknet_0_clock (net)
                  0.21    0.08    0.29 ^ clkbuf_4_15_0_clock/A (sg13cmos5l_buf_16)
     2    0.04    0.05    0.19    0.48 ^ clkbuf_4_15_0_clock/X (sg13cmos5l_buf_16)
                                         clknet_4_15_0_clock (net)
                  0.05    0.00    0.48 ^ clkbuf_5_31__f_clock/A (sg13cmos5l_buf_16)
     6    0.03    0.03    0.11    0.59 ^ clkbuf_5_31__f_clock/X (sg13cmos5l_buf_16)
                                         clknet_5_31__leaf_clock (net)
                  0.03    0.00    0.60 ^ system_expander.irq_high_masks[3]$_SDFFE_PN0P_/CLK (sg13cmos5l_dfrbpq_1)
     4    0.02    0.11    0.34    0.93 v system_expander.irq_high_masks[3]$_SDFFE_PN0P_/Q (sg13cmos5l_dfrbpq_1)
                                         system_expander.irq_high_ctrl.io_masks[3] (net)
                  0.11    0.00    0.93 v _0933_/A1 (sg13cmos5l_a22oi_1)
     1    0.01    0.14    0.18    1.11 ^ _0933_/Y (sg13cmos5l_a22oi_1)
                                         _0375_ (net)
                  0.14    0.00    1.12 ^ _0934_/B (sg13cmos5l_and2_1)
     1    0.01    0.06    0.20    1.31 ^ _0934_/X (sg13cmos5l_and2_1)
                                         _0376_ (net)
                  0.06    0.00    1.31 ^ _0935_/D (sg13cmos5l_nand4_1)
     1    0.01    0.22    0.26    1.57 v _0935_/Y (sg13cmos5l_nand4_1)
                                         _0377_ (net)
                  0.22    0.00    1.57 v _0948_/B (sg13cmos5l_or4_1)
     1    0.09    0.51    0.79    2.37 v _0948_/X (sg13cmos5l_or4_1)
                                         system_expander.i2cCtrl.io_i2c_interrupts[0] (net)
                  0.68    0.02    2.39 v sg13cmos5l_IOPad_io_i2c_interrupt/c2p (sg13cmos5l_IOPadOut4mA)
     2    4.00    5.48    4.91    7.30 v sg13cmos5l_IOPad_io_i2c_interrupt/pad (sg13cmos5l_IOPadOut4mA)
                                         io_i2c_interrupt_PAD (net)
                  4.11    0.00    7.30 v io_i2c_interrupt_PAD (inout)
                                  7.30   data arrival time

                         20.00   20.00   clock clk_core (rise edge)
                          0.00   20.00   clock network delay (propagated)
                         -0.05   19.95   clock uncertainty
                          0.00   19.95   clock reconvergence pessimism
                         -4.00   15.95   output external delay
                                 15.95   data required time
-----------------------------------------------------------------------------
                                 15.95   data required time
                                 -7.30   data arrival time
-----------------------------------------------------------------------------
                                  8.65   slack (MET)



==========================================================================
finish report_check_types -max_slew -max_cap -max_fanout -violators
--------------------------------------------------------------------------
max slew

Pin                                    Limit    Slew   Slack
------------------------------------------------------------
sg13cmos5l_IOPad_io_i2c_sda/pad         1.20    6.19   -4.99 (VIOLATED)
sg13cmos5l_IOPad_io_i2c_scl/pad         1.20    6.19   -4.99 (VIOLATED)
io_i2c_scl_PAD                          1.20    6.19   -4.99 (VIOLATED)
io_i2c_sda_PAD                          1.20    6.19   -4.99 (VIOLATED)
sg13cmos5l_IOPad_io_i2c_interrupt/pad    1.20    5.84   -4.64 (VIOLATED)
sg13cmos5l_IOPad_io_gpio_7/pad          1.20    2.69   -1.49 (VIOLATED)
sg13cmos5l_IOPad_io_gpio_3/pad          1.20    2.69   -1.49 (VIOLATED)
sg13cmos5l_IOPad_io_gpio_6/pad          1.20    2.69   -1.49 (VIOLATED)
sg13cmos5l_IOPad_io_gpio_0/pad          1.20    2.69   -1.49 (VIOLATED)
sg13cmos5l_IOPad_io_gpio_1/pad          1.20    2.68   -1.48 (VIOLATED)
sg13cmos5l_IOPad_io_gpio_2/pad          1.20    2.67   -1.47 (VIOLATED)
sg13cmos5l_IOPad_io_gpio_5/pad          1.20    2.67   -1.47 (VIOLATED)
sg13cmos5l_IOPad_io_gpio_4/pad          1.20    2.66   -1.46 (VIOLATED)
io_gpio_7_PAD                           1.20    2.02   -0.82 (VIOLATED)
io_gpio_3_PAD                           1.20    2.02   -0.82 (VIOLATED)
io_gpio_6_PAD                           1.20    2.02   -0.82 (VIOLATED)
io_gpio_0_PAD                           1.20    2.01   -0.81 (VIOLATED)
io_gpio_1_PAD                           1.20    2.01   -0.81 (VIOLATED)
io_gpio_2_PAD                           1.20    2.00   -0.80 (VIOLATED)
io_gpio_5_PAD                           1.20    2.00   -0.80 (VIOLATED)
io_gpio_4_PAD                           1.20    2.00   -0.80 (VIOLATED)

max fanout

Pin                                   Limit Fanout  Slack
---------------------------------------------------------
clkbuf_0_clock/X                          8     16     -8 (VIOLATED)

max capacitance

Pin                                    Limit     Cap   Slack
------------------------------------------------------------
io_i2c_scl_PAD                          0.60    4.21   -3.61 (VIOLATED)

io_i2c_sda_PAD                          0.60    4.21   -3.61 (VIOLATED)

sg13cmos5l_IOPad_io_i2c_scl/pad         0.60    4.21   -3.61 (VIOLATED)

sg13cmos5l_IOPad_io_i2c_sda/pad         0.60    4.21   -3.61 (VIOLATED)

sg13cmos5l_IOPad_io_i2c_interrupt/pad    0.66    4.00   -3.34 (VIOLATED)

io_gpio_0_PAD                           2.19    4.29   -2.10 (VIOLATED)

io_gpio_1_PAD                           2.19    4.29   -2.10 (VIOLATED)

io_gpio_2_PAD                           2.19    4.29   -2.10 (VIOLATED)

io_gpio_3_PAD                           2.19    4.29   -2.10 (VIOLATED)

io_gpio_4_PAD                           2.19    4.29   -2.10 (VIOLATED)

io_gpio_5_PAD                           2.19    4.29   -2.10 (VIOLATED)

io_gpio_6_PAD                           2.19    4.29   -2.10 (VIOLATED)

io_gpio_7_PAD                           2.19    4.29   -2.10 (VIOLATED)

sg13cmos5l_IOPad_io_gpio_0/pad          2.19    4.29   -2.10 (VIOLATED)

sg13cmos5l_IOPad_io_gpio_1/pad          2.19    4.29   -2.10 (VIOLATED)

sg13cmos5l_IOPad_io_gpio_2/pad          2.19    4.29   -2.10 (VIOLATED)

sg13cmos5l_IOPad_io_gpio_3/pad          2.19    4.29   -2.10 (VIOLATED)

sg13cmos5l_IOPad_io_gpio_4/pad          2.19    4.29   -2.10 (VIOLATED)

sg13cmos5l_IOPad_io_gpio_5/pad          2.19    4.29   -2.10 (VIOLATED)

sg13cmos5l_IOPad_io_gpio_6/pad          2.19    4.29   -2.10 (VIOLATED)

sg13cmos5l_IOPad_io_gpio_7/pad          2.19    4.29   -2.10 (VIOLATED)


==========================================================================
finish max_slew_check_slack
--------------------------------------------------------------------------
-4.993943214416504

==========================================================================
finish max_slew_check_limit
--------------------------------------------------------------------------
1.2000000476837158

==========================================================================
finish max_slew_check_slack_limit
--------------------------------------------------------------------------
-4.1616

==========================================================================
finish max_fanout_check_slack
--------------------------------------------------------------------------
-8.0

==========================================================================
finish max_fanout_check_limit
--------------------------------------------------------------------------
8.0

==========================================================================
finish max_fanout_check_slack_limit
--------------------------------------------------------------------------
-1.0000

==========================================================================
finish max_capacitance_check_slack
--------------------------------------------------------------------------
-3.6129422187805176

==========================================================================
finish max_capacitance_check_limit
--------------------------------------------------------------------------
0.5997740030288696

==========================================================================
finish max_capacitance_check_slack_limit
--------------------------------------------------------------------------
-6.0238

==========================================================================
finish max_slew_violation_count
--------------------------------------------------------------------------
max slew violation count 21

==========================================================================
finish max_fanout_violation_count
--------------------------------------------------------------------------
max fanout violation count 1

==========================================================================
finish max_cap_violation_count
--------------------------------------------------------------------------
max cap violation count 21

==========================================================================
finish setup_violation_count
--------------------------------------------------------------------------
setup violation count 0

==========================================================================
finish hold_violation_count
--------------------------------------------------------------------------
hold violation count 0

==========================================================================
finish report_checks -path_delay max reg to reg
--------------------------------------------------------------------------
Startpoint: system_expander.link_regAddr[2]$_DFFE_PP_
            (rising edge-triggered flip-flop clocked by clk_core)
Endpoint: system_expander.link_data[4]$_SDFFE_PN0P_
          (rising edge-triggered flip-flop clocked by clk_core)
Path Group: clk_core
Path Type: max
Corner: slow

  Delay    Time   Description
---------------------------------------------------------
   0.00    0.00   clock clk_core (rise edge)
   0.00    0.00   clock source latency
   0.00    0.00 ^ sg13cmos5l_IOPad_io_clock/p2c (sg13cmos5l_IOPadIn)
   0.21    0.21 ^ clkbuf_0_clock/X (sg13cmos5l_buf_16)
   0.30    0.50 ^ clkbuf_4_8_0_clock/X (sg13cmos5l_buf_16)
   0.11    0.62 ^ clkbuf_5_17__f_clock/X (sg13cmos5l_buf_16)
   0.00    0.62 ^ system_expander.link_regAddr[2]$_DFFE_PP_/CLK (sg13cmos5l_dfrbpq_1)
   0.45    1.07 ^ system_expander.link_regAddr[2]$_DFFE_PP_/Q (sg13cmos5l_dfrbpq_1)
   0.34    1.41 ^ place401/X (sg13cmos5l_buf_1)
   0.39    1.80 ^ place400/X (sg13cmos5l_buf_1)
   0.25    2.05 v _1095_/Y (sg13cmos5l_nor2_2)
   0.18    2.23 ^ _1098_/Y (sg13cmos5l_nand2_1)
   0.56    2.78 v _1099_/Y (sg13cmos5l_nand3_1)
   0.45    3.24 ^ _1195_/Y (sg13cmos5l_nor2_2)
   0.47    3.70 v _1204_/Y (sg13cmos5l_nand4_1)
   0.26    3.97 v _1205_/X (sg13cmos5l_and3_1)
   0.00    3.97 v system_expander.link_data[4]$_SDFFE_PN0P_/D (sg13cmos5l_dfrbpq_1)
           3.97   data arrival time

  20.00   20.00   clock clk_core (rise edge)
   0.00   20.00   clock source latency
   0.00   20.00 ^ sg13cmos5l_IOPad_io_clock/p2c (sg13cmos5l_IOPadIn)
   0.18   20.18 ^ clkbuf_0_clock/X (sg13cmos5l_buf_16)
   0.22   20.40 ^ clkbuf_4_3_0_clock/X (sg13cmos5l_buf_16)
   0.10   20.50 ^ clkbuf_5_6__f_clock/X (sg13cmos5l_buf_16)
   0.00   20.50 ^ system_expander.link_data[4]$_SDFFE_PN0P_/CLK (sg13cmos5l_dfrbpq_1)
  -0.05   20.45   clock uncertainty
   0.03   20.47   clock reconvergence pessimism
  -0.18   20.29   library setup time
          20.29   data required time
---------------------------------------------------------
          20.29   data required time
          -3.97   data arrival time
---------------------------------------------------------
          16.32   slack (MET)



==========================================================================
finish report_checks -path_delay min reg to reg
--------------------------------------------------------------------------
Startpoint: system_expander.gpioCtrl_1.io_gpio_pins_read_buffercc/buffers_0[1]$_DFF_P_
            (rising edge-triggered flip-flop clocked by clk_core)
Endpoint: system_expander.gpioCtrl_1.last[1]$_DFF_P_
          (rising edge-triggered flip-flop clocked by clk_core)
Path Group: clk_core
Path Type: min
Corner: fast

  Delay    Time   Description
---------------------------------------------------------
   0.00    0.00   clock clk_core (rise edge)
   0.00    0.00   clock source latency
   0.00    0.00 ^ sg13cmos5l_IOPad_io_clock/p2c (sg13cmos5l_IOPadIn)
   0.07    0.07 ^ clkbuf_0_clock/X (sg13cmos5l_buf_16)
   0.15    0.22 ^ clkbuf_4_10_0_clock/X (sg13cmos5l_buf_16)
   0.05    0.27 ^ clkbuf_5_20__f_clock/X (sg13cmos5l_buf_16)
   0.00    0.27 ^ system_expander.gpioCtrl_1.io_gpio_pins_read_buffercc/buffers_0[1]$_DFF_P_/CLK (sg13cmos5l_dfrbpq_1)
   0.13    0.39 v system_expander.gpioCtrl_1.io_gpio_pins_read_buffercc/buffers_0[1]$_DFF_P_/Q (sg13cmos5l_dfrbpq_1)
   0.00    0.39 v system_expander.gpioCtrl_1.last[1]$_DFF_P_/D (sg13cmos5l_dfrbpq_1)
           0.39   data arrival time

   0.00    0.00   clock clk_core (rise edge)
   0.00    0.00   clock source latency
   0.00    0.00 ^ sg13cmos5l_IOPad_io_clock/p2c (sg13cmos5l_IOPadIn)
   0.08    0.08 ^ clkbuf_0_clock/X (sg13cmos5l_buf_16)
   0.18    0.26 ^ clkbuf_4_11_0_clock/X (sg13cmos5l_buf_16)
   0.05    0.31 ^ clkbuf_5_23__f_clock/X (sg13cmos5l_buf_16)
   0.00    0.31 ^ system_expander.gpioCtrl_1.last[1]$_DFF_P_/CLK (sg13cmos5l_dfrbpq_1)
   0.05    0.36   clock uncertainty
  -0.01    0.35   clock reconvergence pessimism
  -0.03    0.32   library hold time
           0.32   data required time
---------------------------------------------------------
           0.32   data required time
          -0.39   data arrival time
---------------------------------------------------------
           0.07   slack (MET)



==========================================================================
finish critical path target clock latency max path
--------------------------------------------------------------------------
0.4631

==========================================================================
finish critical path target clock latency min path
--------------------------------------------------------------------------
0.5341

==========================================================================
finish critical path source clock latency min path
--------------------------------------------------------------------------
0.0000

==========================================================================
finish critical path delay
--------------------------------------------------------------------------
7.3049

==========================================================================
finish critical path slack
--------------------------------------------------------------------------
8.6452

==========================================================================
finish slack div critical path delay
--------------------------------------------------------------------------
118.347958

==========================================================================
finish report_power
--------------------------------------------------------------------------
Corner: slow
Group                  Internal  Switching    Leakage      Total
                          Power      Power      Power      Power (Watts)
----------------------------------------------------------------
Sequential             2.66e-05   8.64e-07   4.08e-07   2.79e-05   7.0%
Combinational          2.29e-06   9.04e-06   3.71e-07   1.17e-05   3.0%
Clock                  1.39e-05   5.57e-06   1.86e-06   2.14e-05   5.4%
Macro                  0.00e+00   0.00e+00   0.00e+00   0.00e+00   0.0%
Pad                    1.45e-04   1.90e-04   1.49e-07   3.35e-04  84.6%
----------------------------------------------------------------
Total                  1.88e-04   2.06e-04   2.79e-06   3.96e-04 100.0%
                          47.4%      51.9%       0.7%
Corner: fast
Group                  Internal  Switching    Leakage      Total
                          Power      Power      Power      Power (Watts)
----------------------------------------------------------------
Sequential             3.94e-05   1.29e-06   2.06e-07   4.09e-05   7.1%
Combinational          3.61e-06   1.39e-05   2.51e-07   1.78e-05   3.1%
Clock                  2.31e-05   8.36e-06   1.76e-06   3.32e-05   5.7%
Macro                  0.00e+00   0.00e+00   0.00e+00   0.00e+00   0.0%
Pad                    2.15e-04   2.73e-04   5.54e-08   4.88e-04  84.2%
----------------------------------------------------------------
Total                  2.81e-04   2.97e-04   2.27e-06   5.80e-04 100.0%
                          48.4%      51.2%       0.4%
