OpenROAD 26Q1-1929-g7cf7b720fd 
Features included (+) or not (-): +GPU +GUI +Python
This program is licensed under the BSD-3 license. See the LICENSE file for details.
Components of this program may be licensed under more restrictive licenses which must be honored.
[INFO ORD-0030] Using 16 thread(s).
source /home/daniel/work/aesc/i2c-gpio-expander/tools/OpenROAD-flow-scripts/flow/platforms/ihp-sg13cmos5l/suppress_message.tcl
read_liberty -corner slow /home/daniel/work/aesc/i2c-gpio-expander/pdks/IHP-Open-PDK//ihp-sg13cmos5l/libs.ref/sg13cmos5l_stdcell/lib/sg13cmos5l_stdcell_slow_1p08V_125C.lib
read_liberty -corner slow /home/daniel/work/aesc/i2c-gpio-expander/pdks/IHP-Open-PDK//ihp-sg13cmos5l/libs.ref/sg13cmos5l_io/lib/sg13cmos5l_io_slow_1p08V_3p0V_125C.lib
read_liberty -corner fast /home/daniel/work/aesc/i2c-gpio-expander/pdks/IHP-Open-PDK//ihp-sg13cmos5l/libs.ref/sg13cmos5l_stdcell/lib/sg13cmos5l_stdcell_fast_1p32V_m40C.lib
read_liberty -corner fast /home/daniel/work/aesc/i2c-gpio-expander/pdks/IHP-Open-PDK//ihp-sg13cmos5l/libs.ref/sg13cmos5l_io/lib/sg13cmos5l_io_fast_1p32V_3p6V_m40C.lib
read_db /home/daniel/work/aesc/i2c-gpio-expander/build//I2cGpioExpander/SG13CMOS5L/orfs//results/ihp-sg13cmos5l/SG13CMOS5LTop/base/3_2_place_iop.odb
source /home/daniel/work/aesc/i2c-gpio-expander/tools/OpenROAD-flow-scripts/flow/platforms/ihp-sg13cmos5l/setRC.tcl
[INFO RSZ-0026] Removed 99 buffers.
Perform port buffering...
[INFO RSZ-0027] Inserted 0 sg13cmos5l_buf_1 input buffers.
[INFO RSZ-0028] Inserted 0 sg13cmos5l_buf_1 output buffers.
global_placement -density 0.75 -pad_left 0 -pad_right 0 -routability_driven -timing_driven -force_center_initial_place -min_phi_coef 0.95 -max_phi_coef 1.05
[INFO GPL-0001] ---- Initialize GPL Main Data Structures
[INFO GPL-0002] DBU: 1000
[INFO GPL-0003] SiteSize: (  0.480  3.780 ) um
[INFO GPL-0004] CoreBBox: ( 351.360 351.540 ) ( 699.840 699.300 ) um
[INFO GPL-0036] Movable instances area:      17804.707 um^2
[INFO GPL-0037] Total instances area:        17804.707 um^2
[INFO GPL-0035] Pin density area adjust:      1731.090 um^2
[INFO GPL-0032] ---- Initialize Region: Top-level
[INFO GPL-0006] Number of instances:              1113
[INFO GPL-0007] Movable instances:                1113
[INFO GPL-0008] Fixed instances:                     0
[INFO GPL-0009] Dummy instances:                     0
[INFO GPL-0010] Number of nets:                   1144
[INFO GPL-0011] Number of pins:                   3737
[INFO GPL-0012] Die BBox:  (  0.000  0.000 ) ( 1050.240 1050.840 ) um
[INFO GPL-0013] Core BBox: ( 351.360 351.540 ) ( 699.840 699.300 ) um
[INFO GPL-0016] Core area:                  121187.405 um^2
[INFO GPL-0014] Region name: top-level.
[INFO GPL-0015] Region area:                121187.405 um^2
[INFO GPL-0017] Fixed instances area:            0.000 um^2
[INFO GPL-0018] Movable instances area:      19535.797 um^2
[INFO GPL-0019] Utilization:                    16.120 %
[INFO GPL-0020] Standard cells area:         19535.797 um^2
[INFO GPL-0021] Large instances area:            0.000 um^2
[INFO GPL-0005] ---- Execute Conjugate Gradient Initial Placement.
[INFO GPL-0051] Source of initial instance position counters:
	Odb location = 0	Core center = 1113	Region center = 0
[InitialPlace]  Iter: 1 conjugate gradient residual: 0.00016235 HPWL: 187613100
[InitialPlace]  Iter: 2 conjugate gradient residual: 0.00000591 HPWL: 36026687
[InitialPlace]  Iter: 3 conjugate gradient residual: 0.00000121 HPWL: 35713837
[InitialPlace]  Iter: 4 conjugate gradient residual: 0.00000204 HPWL: 35702949
[InitialPlace]  Iter: 5 conjugate gradient residual: 0.00000109 HPWL: 35675833
[INFO GPL-0033] ---- Initialize Nesterov Region: Top-level
[INFO GPL-0023] Placement target density:       0.7500
[INFO GPL-0024] Movable insts average area:     17.552 um^2
[INFO GPL-0025] Ideal bin area:                 23.403 um^2
[INFO GPL-0026] Ideal bin count:                  5178
[INFO GPL-0027] Total bin area:             121187.405 um^2
[INFO GPL-0028] Bin count (X, Y):          64 ,     64
[INFO GPL-0029] Bin size (W * H):       5.445 *  5.434 um
[INFO GPL-0030] Number of bins:                   4096
[INFO GPL-0007] ---- Execute Nesterov Global Placement.
[INFO GPL-0031] HPWL: Half-Perimeter Wirelength
Iteration | Overflow |     HPWL (um) |  HPWL(%) |   Penalty | Group
---------------------------------------------------------------
        0 |   0.9303 |  1.474208e+04 |   +0.00% |  2.72e-15 |      
       10 |   0.8154 |  1.783176e+04 |  +20.96% |  4.43e-15 |      
       20 |   0.7877 |  1.798527e+04 |   +0.86% |  7.21e-15 |      
       30 |   0.7746 |  1.793749e+04 |   -0.27% |  1.17e-14 |      
       40 |   0.7646 |  1.806590e+04 |   +0.72% |  1.91e-14 |      
       50 |   0.7631 |  1.809268e+04 |   +0.15% |  3.12e-14 |      
       60 |   0.7622 |  1.810872e+04 |   +0.09% |  5.08e-14 |      
       70 |   0.7577 |  1.808371e+04 |   -0.14% |  8.27e-14 |      
       80 |   0.7545 |  1.811994e+04 |   +0.20% |  1.35e-13 |      
       90 |   0.7509 |  1.812723e+04 |   +0.04% |  2.19e-13 |      
      100 |   0.7482 |  1.811140e+04 |   -0.09% |  3.57e-13 |      
      110 |   0.7487 |  1.812001e+04 |   +0.05% |  5.82e-13 |      
      120 |   0.7489 |  1.810403e+04 |   -0.09% |  9.48e-13 |      
      130 |   0.7516 |  1.811623e+04 |   +0.07% |  1.54e-12 |      
      140 |   0.7515 |  1.817047e+04 |   +0.30% |  2.52e-12 |      
      150 |   0.7513 |  1.821493e+04 |   +0.24% |  4.10e-12 |      
      160 |   0.7495 |  1.834487e+04 |   +0.71% |  6.67e-12 |      
      170 |   0.7445 |  1.850478e+04 |   +0.87% |  1.09e-11 |      
      180 |   0.7389 |  1.869259e+04 |   +1.01% |  1.77e-11 |      
      190 |   0.7310 |  1.887418e+04 |   +0.97% |  2.88e-11 |      
      200 |   0.7218 |  1.893320e+04 |   +0.31% |  4.70e-11 |      
      210 |   0.7060 |  1.908961e+04 |   +0.83% |  7.65e-11 |      
      220 |   0.6874 |  1.953287e+04 |   +2.32% |  1.25e-10 |      
      230 |   0.6635 |  1.973758e+04 |   +1.05% |  2.03e-10 |      
      240 |   0.6371 |  2.023532e+04 |   +2.52% |  3.31e-10 |      
[INFO GPL-0100] Timing-driven iteration 1/2, virtual: false.
[INFO GPL-0101]    Iter: 242, overflow: 0.633, keep resizer changes at: 1, HPWL: 20319459
Iteration |   Area    | Resized | Buffers | Nets repaired | Remaining
---------------------------------------------------------------------
        0 |     +0.0% |       0 |       0 |             0 |      1155
    final |     +4.1% |       0 |     101 |            41 |         0
---------------------------------------------------------------------
[INFO RSZ-0035] Found 41 fanout violations.
[INFO RSZ-0038] Inserted 101 buffers in 41 nets.
   Iter   |    Area   | Removed | Inserted |   Pins
          |           | Buffers | Buffers  | Remaining
-------------------------------------------------------
        0 |     +0.0% |       0 |        0 |       939
       93 |     +0.0% |       0 |        0 |       846
      186 |     +0.0% |       0 |        0 |       753
      279 |     +0.0% |       0 |        0 |       660
      372 |     +0.0% |       0 |        0 |       567
      465 |     +0.0% |      10 |       10 |       474
      558 |     -0.1% |      19 |       16 |       381
      651 |     -0.1% |      20 |       17 |       288
      744 |     -0.4% |      40 |       31 |       195
      837 |     -0.5% |      59 |       45 |       102
      930 |     -1.0% |     101 |       76 |         9
    final |     -1.0% |     101 |       76 |         0
-------------------------------------------------------
[INFO GPL-0106] Timing-driven: worst slack 8.82e-09
[INFO GPL-0107] Timing-driven: repair_design delta area: 551.578 um^2 (+2.82%)
[INFO GPL-0108] Timing-driven: repair_design, gpl delta gcells: 76 (+6.83%)
[INFO GPL-0109] Timing-driven: repair_design, gcells created: 177, deleted: 101
[INFO GPL-0110] Timing-driven: new target density: 0.7545514
Iteration | Overflow |     HPWL (um) |  HPWL(%) |   Penalty | Group
---------------------------------------------------------------
      250 |   0.6307 |  2.346713e+04 |  +15.97% |  5.38e-10 |      
      260 |   0.5961 |  2.362557e+04 |   +0.68% |  8.77e-10 |      
[INFO GPL-0038] Routability snapshot saved at iter = 261
      260 |   0.5961 |  2.362557e+04 |          |           |      
      270 |   0.5524 |  2.445929e+04 |   +3.53% |  1.43e-09 |      
      280 |   0.5162 |  2.468328e+04 |   +0.92% |  2.33e-09 |      
      290 |   0.4776 |  2.552326e+04 |   +3.40% |  3.79e-09 |      
      300 |   0.4280 |  2.637953e+04 |   +3.35% |  6.17e-09 |      
      310 |   0.3776 |  2.720909e+04 |   +3.14% |  1.01e-08 |      
      320 |   0.3307 |  2.801172e+04 |   +2.95% |  1.57e-08 |      
      330 |   0.2983 |  2.875923e+04 |   +2.67% |  2.32e-08 |      
[INFO GPL-0040] Routability iteration: 1
[INFO GPL-0041] Total routing overflow: 0.0418
[INFO GPL-0042] Number of overflowed tiles: 34 (0.16%)
[INFO GPL-0043] Average top 0.5% routing congestion: 1.0004
[INFO GPL-0044] Average top 1.0% routing congestion: 1.0002
[INFO GPL-0045] Average top 2.0% routing congestion: 1.0001
[INFO GPL-0046] Average top 5.0% routing congestion: 1.0000
[INFO GPL-0047] Routability iteration weighted routing congestion: 1.0003
[INFO GPL-0050] Weighted routing congestion is lower than target routing congestion(1.0100), end routability optimization.
[INFO GPL-0090] Routability finished. Target routing congestion achieved succesfully.
Iteration | Overflow |     HPWL (um) |  HPWL(%) |   Penalty | Group
---------------------------------------------------------------
      340 |   0.2699 |  2.932829e+04 |   +1.98% |  3.41e-08 |      
      350 |   0.2360 |  2.977029e+04 |   +1.51% |  5.03e-08 |      
      360 |   0.2158 |  3.013279e+04 |   +1.22% |  7.41e-08 |      
[INFO GPL-0100] Timing-driven iteration 2/2, virtual: false.
[INFO GPL-0101]    Iter: 368, overflow: 0.193, keep resizer changes at: 1, HPWL: 30369575
Iteration |   Area    | Resized | Buffers | Nets repaired | Remaining
---------------------------------------------------------------------
        0 |     +0.0% |       0 |       0 |             0 |      1231
    final |     +0.0% |       0 |       0 |             0 |         0
---------------------------------------------------------------------
   Iter   |    Area   | Removed | Inserted |   Pins
          |           | Buffers | Buffers  | Remaining
-------------------------------------------------------
        0 |     +0.0% |       0 |        0 |       939
       93 |     +0.0% |       0 |        0 |       846
      186 |     +0.0% |       0 |        0 |       753
      279 |     +0.0% |       0 |        0 |       660
      372 |     +0.0% |       0 |        0 |       567
      465 |     +0.0% |      10 |       10 |       474
      558 |     +0.0% |      16 |       16 |       381
      651 |     +0.0% |      17 |       17 |       288
      744 |     +0.0% |      31 |       31 |       195
      837 |     +0.0% |      45 |       45 |       102
      930 |     -0.1% |      76 |       74 |         9
    final |     -0.1% |      76 |       74 |         0
-------------------------------------------------------
[INFO GPL-0106] Timing-driven: worst slack 8.9e-09
[INFO GPL-0107] Timing-driven: repair_design delta area: -14.515 um^2 (-0.07%)
[INFO GPL-0108] Timing-driven: repair_design, gpl delta gcells: -2 (-0.17%)
[INFO GPL-0109] Timing-driven: repair_design, gcells created: 74, deleted: 76
[INFO GPL-0110] Timing-driven: new target density: 0.75443166
Iteration | Overflow |     HPWL (um) |  HPWL(%) |   Penalty | Group
---------------------------------------------------------------
      370 |   0.1919 |  3.093536e+04 |   +2.66% |  1.09e-07 |      
      380 |   0.1602 |  3.072951e+04 |   -0.67% |  1.61e-07 |      
      390 |   0.1411 |  3.062677e+04 |   -0.33% |  2.37e-07 |      
      400 |   0.1152 |  3.063464e+04 |   +0.03% |  3.49e-07 |      
      408 |   0.0989 |  3.061143e+04 |          |  4.94e-07 |      
---------------------------------------------------------------
[INFO GPL-1001] Global placement finished at iteration 408
[INFO GPL-1003] Routability mode iteration count: 69
[INFO GPL-1005] Routability final weighted congestion: 1.0003
[INFO GPL-1002] Placed Cell Area            20072.8597
[INFO GPL-1003] Available Free Area         121187.4048
[INFO GPL-1004] Minimum Feasible Density        0.1700 (cell_area / free_area)
[INFO GPL-1006]   Suggested Target Densities:
[INFO GPL-1007]     - For 90% usage of free space: 0.1840
[INFO GPL-1008]     - For 80% usage of free space: 0.2070
[INFO GPL-1009]     - For 50% usage of free space: 0.3313
[INFO GPL-1011] Original area (um^2): 19535.80
[INFO GPL-1012] Total routability artificial inflation: 0.00 (+0.00%)
[INFO GPL-1013] Total timing-driven delta area: 537.06 (+2.75%)
[INFO GPL-1014] Final placement area: 20072.86 (+2.75%)
Took 28 seconds: global_placement -density 0.75 -pad_left 0 -pad_right 0 -routability_driven -timing_driven -force_center_initial_place -min_phi_coef 0.95 -max_phi_coef 1.05
estimate_parasitics -placement
Report metrics stage 3, global place...

==========================================================================
global place report_design_area
--------------------------------------------------------------------------
Design area 18342 um^2 15% utilization.
write_db /home/daniel/work/aesc/i2c-gpio-expander/build//I2cGpioExpander/SG13CMOS5L/orfs//results/ihp-sg13cmos5l/SG13CMOS5LTop/base/3_3_place_gp.odb
Elapsed time: 0:27.83[h:]min:sec. CPU time: user 362.40 sys 0.48 (1303%). Peak memory: 221968KB.
Log                        Elapsed/s Peak Memory/MB  sha1sum .odb [0:20)
3_3_place_gp                      27            216 9597ab23be1482b2da3c
