OpenROAD 26Q1-1929-g7cf7b720fd 
Features included (+) or not (-): +GPU +GUI +Python
This program is licensed under the BSD-3 license. See the LICENSE file for details.
Components of this program may be licensed under more restrictive licenses which must be honored.
[INFO ORD-0030] Using 16 thread(s).
source /home/daniel/work/aesc/i2c-gpio-expander/tools/OpenROAD-flow-scripts/flow/platforms/ihp-sg13cmos5l/suppress_message.tcl
read_liberty -corner slow /home/daniel/work/aesc/i2c-gpio-expander/pdks/IHP-Open-PDK//ihp-sg13cmos5l/libs.ref/sg13cmos5l_stdcell/lib/sg13cmos5l_stdcell_slow_1p08V_125C.lib
read_liberty -corner slow /home/daniel/work/aesc/i2c-gpio-expander/pdks/IHP-Open-PDK//ihp-sg13cmos5l/libs.ref/sg13cmos5l_io/lib/sg13cmos5l_io_slow_1p08V_3p0V_125C.lib
read_liberty -corner fast /home/daniel/work/aesc/i2c-gpio-expander/pdks/IHP-Open-PDK//ihp-sg13cmos5l/libs.ref/sg13cmos5l_stdcell/lib/sg13cmos5l_stdcell_fast_1p32V_m40C.lib
read_liberty -corner fast /home/daniel/work/aesc/i2c-gpio-expander/pdks/IHP-Open-PDK//ihp-sg13cmos5l/libs.ref/sg13cmos5l_io/lib/sg13cmos5l_io_fast_1p32V_3p6V_m40C.lib
read_db /home/daniel/work/aesc/i2c-gpio-expander/build//I2cGpioExpander/SG13CMOS5L/orfs//results/ihp-sg13cmos5l/SG13CMOS5LTop/base/3_4_place_resized.odb
source /home/daniel/work/aesc/i2c-gpio-expander/tools/OpenROAD-flow-scripts/flow/platforms/ihp-sg13cmos5l/setRC.tcl
[INFO DPL-0005] Max displacement: +/- 500 sites horizontally, +/- 100 rows vertically.
Movements Summary
---------------------------------------
Total cells:                    1187
Diamond Move Success:           1187 (100.00%)
Diamond Move Failure:              0
Rip-up and replace Success:        0 (  0.00% of diamond failures)
Rip-up and replace Failure:        0
Total Placement Failures:          0
---------------------------------------
Placement Analysis
---------------------------------
total displacement       2979.7 u
average displacement        2.5 u
max displacement            8.4 u
original HPWL           29267.1 u
legalized HPWL          31731.8 u
delta HPWL                    8 %

Detailed placement improvement.
[INFO DPL-0401] Setting random seed to 1.
[INFO DPL-0402] Setting maximum displacement 5 1 to 18900 3780 units.
[INFO DPL-0320] Collected 16 fixed cells.
[INFO DPL-0318] Collected 1187 single height cells.
[INFO DPL-0321] Collected 0 wide cells.
[INFO DPL-0322] Image (351360, 351540) - (699840, 699300)
[INFO DPL-0310] Assigned 1187 cells into segments.  Movement in X-direction is 0.000000, movement in Y-direction is 0.000000.
[INFO DPL-0313] Found 0 cells in wrong regions.
[INFO DPL-0315] Found 0 row alignment problems.
[INFO DPL-0314] Found 0 site alignment problems.
[INFO DPL-0311] Found 0 overlaps between adjacent cells.
[INFO DPL-0312] Found 0 edge spacing violations and 0 padding violations.
[INFO DPL-0303] Running algorithm for independent set matching.
[INFO DPL-0300] Set matching objective is wirelength.
[INFO DPL-0301] Pass   1 of matching; objective is 2.753678e+07.
[INFO DPL-0302] End of matching; objective is 2.750006e+07, improvement is 0.13 percent.
[INFO DPL-0303] Running algorithm for global swaps.
[INFO DPL-0306] Pass   1 of global swaps; hpwl is 2.694474e+07.
[INFO DPL-0306] Pass   2 of global swaps; hpwl is 2.685376e+07.
[INFO DPL-0307] End of global swaps; objective is 2.685376e+07, improvement is 2.35 percent.
[INFO DPL-0303] Running algorithm for vertical swaps.
[INFO DPL-0308] Pass   1 of vertical swaps; hpwl is 2.670708e+07.
[INFO DPL-0309] End of vertical swaps; objective is 2.670708e+07, improvement is 0.55 percent.
[INFO DPL-0303] Running algorithm for reordering.
[INFO DPL-0304] Pass   1 of reordering; objective is 2.662060e+07.
[INFO DPL-0305] End of reordering; objective is 2.662060e+07, improvement is 0.32 percent.
[INFO DPL-0303] Running algorithm for random improvement.
[INFO DPL-0324] Random improver is using random generator.
[INFO DPL-0325] Random improver is using hpwl objective.
[INFO DPL-0326] Random improver cost string is (a).
[INFO DPL-0332] End of pass, Generator random called 23740 times.
[INFO DPL-0335] Generator random, Cumulative attempts 23740, swaps 3604, moves  6138 since last reset.
[INFO DPL-0333] End of pass, Objective hpwl, Initial cost 2.602216e+07, Scratch cost 2.566225e+07, Incremental cost 2.566225e+07, Mismatch? N
[INFO DPL-0338] End of pass, Total cost is 2.566225e+07.
[INFO DPL-0327] Pass   1 of random improver; improvement in cost is 1.38 percent.
[INFO DPL-0332] End of pass, Generator random called 23740 times.
[INFO DPL-0335] Generator random, Cumulative attempts 47480, swaps 7109, moves 12179 since last reset.
[INFO DPL-0333] End of pass, Objective hpwl, Initial cost 2.566225e+07, Scratch cost 2.554670e+07, Incremental cost 2.554670e+07, Mismatch? N
[INFO DPL-0338] End of pass, Total cost is 2.554670e+07.
[INFO DPL-0327] Pass   2 of random improver; improvement in cost is 0.45 percent.
[INFO DPL-0328] End of random improver; improvement is 1.827128 percent.
[INFO DPL-0380] Cell flipping.
[INFO DPL-0382] Changed 0 cell orientations for row compatibility.
[INFO DPL-0383] Performed 330 cell flips.
[INFO DPL-0384] End of flipping; objective is 2.560445e+07, improvement is 2.07 percent.
[INFO DPL-0313] Found 0 cells in wrong regions.
[INFO DPL-0315] Found 0 row alignment problems.
[INFO DPL-0314] Found 0 site alignment problems.
[INFO DPL-0311] Found 0 overlaps between adjacent cells.
[INFO DPL-0312] Found 0 edge spacing violations and 0 padding violations.
Detailed Improvement Results
------------------------------------------
Original HPWL            31731.8 u (   15570.2,    16161.6)
Final HPWL               29951.3 u (   14426.6,    15524.8)
Delta HPWL                  -5.6 % (      -7.3,       -3.9)

[INFO DPL-0020] Mirrored 64 instances
[INFO DPL-0021] HPWL before           29951.3 u
[INFO DPL-0022] HPWL after            29926.2 u
[INFO DPL-0023] HPWL delta               -0.1 %
[INFO FLW-0012] Placement violations .
estimate_parasitics -placement
Report metrics stage 3, detailed place...

==========================================================================
detailed place report_design_area
--------------------------------------------------------------------------
Design area 18342 um^2 15% utilization.
write_db /home/daniel/work/aesc/i2c-gpio-expander/build//I2cGpioExpander/SG13CMOS5L/orfs//results/ihp-sg13cmos5l/SG13CMOS5LTop/base/3_5_place_dp.odb
Elapsed time: 0:00.98[h:]min:sec. CPU time: user 1.24 sys 0.12 (139%). Peak memory: 117156KB.
Log                        Elapsed/s Peak Memory/MB  sha1sum .odb [0:20)
3_5_place_dp                       0            114 8a59aa2a7097ee1ae4d7
