OpenROAD 26Q1-1929-g7cf7b720fd 
Features included (+) or not (-): +GPU +GUI +Python
This program is licensed under the BSD-3 license. See the LICENSE file for details.
Components of this program may be licensed under more restrictive licenses which must be honored.
[INFO ORD-0030] Using 16 thread(s).
source /home/daniel/work/aesc/i2c-gpio-expander/tools/OpenROAD-flow-scripts/flow/platforms/ihp-sg13cmos5l/suppress_message.tcl
read_liberty -corner slow /home/daniel/work/aesc/i2c-gpio-expander/pdks/IHP-Open-PDK//ihp-sg13cmos5l/libs.ref/sg13cmos5l_stdcell/lib/sg13cmos5l_stdcell_slow_1p08V_125C.lib
read_liberty -corner slow /home/daniel/work/aesc/i2c-gpio-expander/pdks/IHP-Open-PDK//ihp-sg13cmos5l/libs.ref/sg13cmos5l_io/lib/sg13cmos5l_io_slow_1p08V_3p0V_125C.lib
read_liberty -corner fast /home/daniel/work/aesc/i2c-gpio-expander/pdks/IHP-Open-PDK//ihp-sg13cmos5l/libs.ref/sg13cmos5l_stdcell/lib/sg13cmos5l_stdcell_fast_1p32V_m40C.lib
read_liberty -corner fast /home/daniel/work/aesc/i2c-gpio-expander/pdks/IHP-Open-PDK//ihp-sg13cmos5l/libs.ref/sg13cmos5l_io/lib/sg13cmos5l_io_fast_1p32V_3p6V_m40C.lib
read_db /home/daniel/work/aesc/i2c-gpio-expander/build//I2cGpioExpander/SG13CMOS5L/orfs//results/ihp-sg13cmos5l/SG13CMOS5LTop/base/6_1_fill.odb
source /home/daniel/work/aesc/i2c-gpio-expander/tools/OpenROAD-flow-scripts/flow/platforms/ihp-sg13cmos5l/setRC.tcl
write_db /home/daniel/work/aesc/i2c-gpio-expander/build//I2cGpioExpander/SG13CMOS5L/orfs//results/ihp-sg13cmos5l/SG13CMOS5LTop/base/6_final.odb
Deleted 0 routing obstructions
[INFO RCX-0431] Defined process_corner X with ext_model_index 0
[INFO RCX-0029] Defined extraction corner X
[INFO RCX-0435] Reading extraction model file /home/daniel/work/aesc/i2c-gpio-expander/tools/OpenROAD-flow-scripts/flow/platforms/ihp-sg13cmos5l/rcx_patterns.rules ...
[INFO RCX-0436] RC segment generation SG13CMOS5LTop (max_merge_res 50.0) ...
[INFO RCX-0040] Final 5435 rc segments
[INFO RCX-0439] Coupling Cap extraction SG13CMOS5LTop ...
[INFO RCX-0440] Coupling threshhold is 0.1000 fF, coupling capacitance less than 0.1000 fF will be grounded.
[INFO RCX-0442] 47% of 8413 wires extracted
[INFO RCX-0442] 100% of 8413 wires extracted
[INFO RCX-0045] Extract 1269 nets, 6686 rsegs, 6686 caps, 9262 ccs
[INFO RCX-0443] 1267 nets finished
[INFO PSM-0040] All shapes on net VDD are connected.
########## IR report #################
Net              : VDD
Corner           : slow
Total power      : 3.96e-04 W
Supply voltage   : 1.20e+00 V
Worstcase voltage: 1.20e+00 V
Average voltage  : 1.20e+00 V
Average IR drop  : 1.47e-06 V
Worstcase IR drop: 2.71e-05 V
Percentage drop  : 0.00 %
######################################
[INFO PSM-0040] All shapes on net VSS are connected.
########## IR report #################
Net              : VSS
Corner           : slow
Total power      : 3.96e-04 W
Supply voltage   : 0.00e+00 V
Worstcase voltage: 4.39e-05 V
Average voltage  : 1.18e-06 V
Average IR drop  : 1.18e-06 V
Worstcase IR drop: 4.39e-05 V
Percentage drop  : 0.00 %
######################################
Cell type report:                       Count       Area
  Input pad                                 5   72000.00
  Output pad                                1   14400.00
  Input/output pad                         10  144000.00
  Power pad                                 4   57600.00
  Pad spacer                               28  136800.00
  Fill cell                              8565  100574.01
  Cover                                    20   98000.00
  Antenna cell                              2      10.89
  Clock buffer                             49    2222.64
  Timing Repair Buffer                     74     537.06
  Inverter                                 44     239.50
  Clock inverter                            7      38.10
  Sequential cell                         185    9062.93
  Multi-Input combinational cell          884    8502.28
  Total                                  9878  643987.40
Report metrics stage 6, finish...

==========================================================================
finish report_design_area
--------------------------------------------------------------------------
Design area 20613 um^2 17% utilization.
[WARNING GUI-0076] QStandardPaths: XDG_RUNTIME_DIR not set, defaulting to '/tmp/runtime-root'
Elapsed time: 0:05.83[h:]min:sec. CPU time: user 6.26 sys 0.41 (114%). Peak memory: 361216KB.
Log                        Elapsed/s Peak Memory/MB  sha1sum .odb [0:20)
6_report                           5            352                  N/A
